[2026-04-27 11:13:43,224][__main__][INFO] - Using device: cuda
[2026-04-27 11:14:32,945][smirk.training.trainer][INFO] - Epoch 0 [0/2500]  KL: 378.438843  CE: 74.044640  Diversity: 16.428627
[2026-04-27 11:14:48,586][smirk.training.trainer][INFO] - Test — loss: 44.7893 | Top-1: 4/31419 (0.01%) | Top-5: 19/31419 (0.06%)
[2026-04-27 11:14:48,589][smirk.training.trainer][INFO] - New best accuracy: 0.0127
[2026-04-27 11:14:48,987][smirk.training.trainer][INFO] - Epoch 1 [0/2500]  KL: 189.211487  CE: 53.851494  Diversity: 12.532722
[2026-04-27 11:14:50,464][smirk.training.trainer][INFO] - Epoch 2 [0/2500]  KL: 144.044830  CE: 50.339027  Diversity: 11.599100
[2026-04-27 11:14:51,942][smirk.training.trainer][INFO] - Epoch 3 [0/2500]  KL: 112.450676  CE: 45.390572  Diversity: 13.010521
[2026-04-27 11:14:53,422][smirk.training.trainer][INFO] - Epoch 4 [0/2500]  KL: 81.559509  CE: 36.613571  Diversity: 11.883137
[2026-04-27 11:14:54,909][smirk.training.trainer][INFO] - Epoch 5 [0/2500]  KL: 79.790421  CE: 36.178391  Diversity: 10.092842
[2026-04-27 11:14:56,394][smirk.training.trainer][INFO] - Epoch 6 [0/2500]  KL: 68.602188  CE: 32.618805  Diversity: 15.073329
[2026-04-27 11:14:57,880][smirk.training.trainer][INFO] - Epoch 7 [0/2500]  KL: 73.890656  CE: 33.106716  Diversity: 11.054626
[2026-04-27 11:14:59,366][smirk.training.trainer][INFO] - Epoch 8 [0/2500]  KL: 70.664520  CE: 32.919456  Diversity: 16.258148
[2026-04-27 11:15:00,852][smirk.training.trainer][INFO] - Epoch 9 [0/2500]  KL: 67.468353  CE: 30.885056  Diversity: 13.118783
[2026-04-27 11:15:02,338][smirk.training.trainer][INFO] - Epoch 10 [0/2500]  KL: 71.609062  CE: 34.886314  Diversity: 11.046080
[2026-04-27 11:15:03,827][smirk.training.trainer][INFO] - Epoch 11 [0/2500]  KL: 62.547905  CE: 31.008345  Diversity: 9.667493
[2026-04-27 11:15:05,313][smirk.training.trainer][INFO] - Epoch 12 [0/2500]  KL: 64.022072  CE: 31.468113  Diversity: 12.274626
[2026-04-27 11:15:06,800][smirk.training.trainer][INFO] - Epoch 13 [0/2500]  KL: 61.471699  CE: 30.458469  Diversity: 12.147937
[2026-04-27 11:15:08,285][smirk.training.trainer][INFO] - Epoch 14 [0/2500]  KL: 70.372620  CE: 32.483871  Diversity: 12.337467
[2026-04-27 11:15:09,771][smirk.training.trainer][INFO] - Epoch 15 [0/2500]  KL: 69.573883  CE: 33.425724  Diversity: 8.716362
[2026-04-27 11:15:11,258][smirk.training.trainer][INFO] - Epoch 16 [0/2500]  KL: 59.428516  CE: 28.454376  Diversity: 9.386889
[2026-04-27 11:15:12,743][smirk.training.trainer][INFO] - Epoch 17 [0/2500]  KL: 69.632874  CE: 32.523514  Diversity: 8.131831
[2026-04-27 11:15:14,229][smirk.training.trainer][INFO] - Epoch 18 [0/2500]  KL: 67.049263  CE: 30.303602  Diversity: 8.656866
[2026-04-27 11:15:15,717][smirk.training.trainer][INFO] - Epoch 19 [0/2500]  KL: 62.938026  CE: 29.634302  Diversity: 6.821236
[2026-04-27 11:15:17,201][smirk.training.trainer][INFO] - Epoch 20 [0/2500]  KL: 58.582626  CE: 29.686836  Diversity: 9.930854
[2026-04-27 11:15:18,687][smirk.training.trainer][INFO] - Epoch 21 [0/2500]  KL: 56.753227  CE: 29.896437  Diversity: 8.141365
[2026-04-27 11:15:20,173][smirk.training.trainer][INFO] - Epoch 22 [0/2500]  KL: 66.740967  CE: 32.821941  Diversity: 9.101437
[2026-04-27 11:15:21,659][smirk.training.trainer][INFO] - Epoch 23 [0/2500]  KL: 61.545570  CE: 30.977684  Diversity: 8.616596
[2026-04-27 11:15:23,143][smirk.training.trainer][INFO] - Epoch 24 [0/2500]  KL: 60.631969  CE: 31.451685  Diversity: 14.637995
[2026-04-27 11:15:24,633][smirk.training.trainer][INFO] - Epoch 25 [0/2500]  KL: 65.122055  CE: 32.096161  Diversity: 7.185322
[2026-04-27 11:15:44,230][smirk.training.trainer][INFO] - Test — loss: 151.2993 | Top-1: 2/31419 (0.01%) | Top-5: 16/31419 (0.05%)
[2026-04-27 11:15:44,290][smirk.training.trainer][INFO] - Epoch 26 [0/2500]  KL: 54.674175  CE: 28.667875  Diversity: 6.402974
[2026-04-27 11:15:45,766][smirk.training.trainer][INFO] - Epoch 27 [0/2500]  KL: 60.699711  CE: 31.705717  Diversity: 9.088794
[2026-04-27 11:15:47,244][smirk.training.trainer][INFO] - Epoch 28 [0/2500]  KL: 51.382004  CE: 26.718615  Diversity: 5.301261
[2026-04-27 11:15:48,725][smirk.training.trainer][INFO] - Epoch 29 [0/2500]  KL: 54.990726  CE: 30.480907  Diversity: 7.268584
[2026-04-27 11:15:50,210][smirk.training.trainer][INFO] - Epoch 30 [0/2500]  KL: 48.166573  CE: 26.656931  Diversity: 8.726706
[2026-04-27 11:15:51,696][smirk.training.trainer][INFO] - Epoch 31 [0/2500]  KL: 49.878986  CE: 28.431379  Diversity: 8.954666
[2026-04-27 11:15:53,182][smirk.training.trainer][INFO] - Epoch 32 [0/2500]  KL: 50.823341  CE: 28.044802  Diversity: 7.145823
[2026-04-27 11:15:54,669][smirk.training.trainer][INFO] - Epoch 33 [0/2500]  KL: 47.876923  CE: 28.225962  Diversity: 10.715691
[2026-04-27 11:15:56,155][smirk.training.trainer][INFO] - Epoch 34 [0/2500]  KL: 50.233467  CE: 28.142256  Diversity: 5.792754
[2026-04-27 11:15:57,644][smirk.training.trainer][INFO] - Epoch 35 [0/2500]  KL: 50.379524  CE: 27.326195  Diversity: 6.811380
[2026-04-27 11:15:59,131][smirk.training.trainer][INFO] - Epoch 36 [0/2500]  KL: 46.428032  CE: 27.502268  Diversity: 5.852490
[2026-04-27 11:16:00,617][smirk.training.trainer][INFO] - Epoch 37 [0/2500]  KL: 51.918449  CE: 28.897400  Diversity: 4.845109
[2026-04-27 11:16:02,103][smirk.training.trainer][INFO] - Epoch 38 [0/2500]  KL: 47.209625  CE: 27.213028  Diversity: 5.759411
[2026-04-27 11:16:03,590][smirk.training.trainer][INFO] - Epoch 39 [0/2500]  KL: 41.813492  CE: 24.485203  Diversity: 6.912626
[2026-04-27 11:16:05,076][smirk.training.trainer][INFO] - Epoch 40 [0/2500]  KL: 43.751942  CE: 25.862467  Diversity: 4.564864
[2026-04-27 11:16:06,562][smirk.training.trainer][INFO] - Epoch 41 [0/2500]  KL: 55.011322  CE: 30.152967  Diversity: 5.741176
[2026-04-27 11:16:08,047][smirk.training.trainer][INFO] - Epoch 42 [0/2500]  KL: 48.949295  CE: 29.934847  Diversity: 5.007619
[2026-04-27 11:16:09,535][smirk.training.trainer][INFO] - Epoch 43 [0/2500]  KL: 44.506546  CE: 26.949080  Diversity: 8.570467
[2026-04-27 11:16:11,019][smirk.training.trainer][INFO] - Epoch 44 [0/2500]  KL: 50.151058  CE: 28.559214  Diversity: 4.405270
[2026-04-27 11:16:12,505][smirk.training.trainer][INFO] - Epoch 45 [0/2500]  KL: 49.710083  CE: 28.119081  Diversity: 3.685439
[2026-04-27 11:16:13,990][smirk.training.trainer][INFO] - Epoch 46 [0/2500]  KL: 40.784973  CE: 26.594841  Diversity: 5.508910
[2026-04-27 11:16:15,475][smirk.training.trainer][INFO] - Epoch 47 [0/2500]  KL: 42.855362  CE: 26.256990  Diversity: 5.067602
[2026-04-27 11:16:16,961][smirk.training.trainer][INFO] - Epoch 48 [0/2500]  KL: 46.576553  CE: 27.424082  Diversity: 6.096960
[2026-04-27 11:16:18,446][smirk.training.trainer][INFO] - Epoch 49 [0/2500]  KL: 46.095333  CE: 28.312336  Diversity: 4.461043
[2026-04-27 11:16:19,932][smirk.training.trainer][INFO] - Epoch 50 [0/2500]  KL: 41.754517  CE: 24.813370  Diversity: 5.242009
[2026-04-27 11:16:39,543][smirk.training.trainer][INFO] - Test — loss: 201.6545 | Top-1: 2/31419 (0.01%) | Top-5: 16/31419 (0.05%)
[2026-04-27 11:16:39,600][smirk.training.trainer][INFO] - Epoch 51 [0/2500]  KL: 48.804222  CE: 29.161648  Diversity: 5.731744
[2026-04-27 11:16:41,094][smirk.training.trainer][INFO] - Epoch 52 [0/2500]  KL: 47.726311  CE: 27.352983  Diversity: 3.645811
[2026-04-27 11:16:42,600][smirk.training.trainer][INFO] - Epoch 53 [0/2500]  KL: 46.279034  CE: 27.424009  Diversity: 4.531708
[2026-04-27 11:16:44,090][smirk.training.trainer][INFO] - Epoch 54 [0/2500]  KL: 48.638710  CE: 28.937281  Diversity: 3.345055
[2026-04-27 11:16:45,579][smirk.training.trainer][INFO] - Epoch 55 [0/2500]  KL: 44.504345  CE: 26.608774  Diversity: 4.947010
[2026-04-27 11:16:47,083][smirk.training.trainer][INFO] - Epoch 56 [0/2500]  KL: 42.575985  CE: 27.215031  Diversity: 5.291830
[2026-04-27 11:16:48,572][smirk.training.trainer][INFO] - Epoch 57 [0/2500]  KL: 46.950165  CE: 28.706141  Diversity: 5.527035
[2026-04-27 11:16:50,070][smirk.training.trainer][INFO] - Epoch 58 [0/2500]  KL: 45.213188  CE: 26.144720  Diversity: 2.497158
[2026-04-27 11:16:51,555][smirk.training.trainer][INFO] - Epoch 59 [0/2500]  KL: 39.486671  CE: 25.314922  Diversity: 5.929096
[2026-04-27 11:16:53,045][smirk.training.trainer][INFO] - Epoch 60 [0/2500]  KL: 41.358391  CE: 26.946136  Diversity: 3.728356
[2026-04-27 11:16:54,533][smirk.training.trainer][INFO] - Epoch 61 [0/2500]  KL: 54.324703  CE: 32.294056  Diversity: 4.282907
[2026-04-27 11:16:56,030][smirk.training.trainer][INFO] - Epoch 62 [0/2500]  KL: 44.623173  CE: 27.220570  Diversity: 3.358665
[2026-04-27 11:16:57,515][smirk.training.trainer][INFO] - Epoch 63 [0/2500]  KL: 40.246887  CE: 27.001650  Diversity: 5.026798
[2026-04-27 11:16:59,004][smirk.training.trainer][INFO] - Epoch 64 [0/2500]  KL: 44.863468  CE: 28.381258  Diversity: 3.319907
[2026-04-27 11:17:00,491][smirk.training.trainer][INFO] - Epoch 65 [0/2500]  KL: 45.350216  CE: 27.113842  Diversity: 4.015687
[2026-04-27 11:17:01,978][smirk.training.trainer][INFO] - Epoch 66 [0/2500]  KL: 47.373787  CE: 28.606335  Diversity: 3.835340
[2026-04-27 11:17:03,463][smirk.training.trainer][INFO] - Epoch 67 [0/2500]  KL: 41.185413  CE: 26.731966  Diversity: 4.202094
[2026-04-27 11:17:04,955][smirk.training.trainer][INFO] - Epoch 68 [0/2500]  KL: 43.582951  CE: 28.278595  Diversity: 4.740551
[2026-04-27 11:17:06,440][smirk.training.trainer][INFO] - Epoch 69 [0/2500]  KL: 44.114159  CE: 27.907280  Diversity: 3.248700
[2026-04-27 11:17:07,925][smirk.training.trainer][INFO] - Epoch 70 [0/2500]  KL: 39.530006  CE: 25.625263  Diversity: 5.794824
[2026-04-27 11:17:09,411][smirk.training.trainer][INFO] - Epoch 71 [0/2500]  KL: 40.615166  CE: 26.859510  Diversity: 4.228227
[2026-04-27 11:17:10,896][smirk.training.trainer][INFO] - Epoch 72 [0/2500]  KL: 40.393845  CE: 26.167217  Diversity: 4.162793
[2026-04-27 11:17:12,381][smirk.training.trainer][INFO] - Epoch 73 [0/2500]  KL: 41.501934  CE: 28.884615  Diversity: 4.576662
[2026-04-27 11:17:13,867][smirk.training.trainer][INFO] - Epoch 74 [0/2500]  KL: 46.253502  CE: 30.541470  Diversity: 3.468833
[2026-04-27 11:17:15,357][smirk.training.trainer][INFO] - Epoch 75 [0/2500]  KL: 39.984295  CE: 25.643377  Diversity: 4.206224
[2026-04-27 11:17:34,094][smirk.training.trainer][INFO] - Test — loss: 225.0340 | Top-1: 2/31419 (0.01%) | Top-5: 21/31419 (0.07%)
[2026-04-27 11:17:34,154][smirk.training.trainer][INFO] - Epoch 76 [0/2500]  KL: 41.585228  CE: 26.436045  Diversity: 3.509802
[2026-04-27 11:17:35,637][smirk.training.trainer][INFO] - Epoch 77 [0/2500]  KL: 43.636719  CE: 29.518431  Diversity: 5.643008
[2026-04-27 11:17:37,123][smirk.training.trainer][INFO] - Epoch 78 [0/2500]  KL: 42.841408  CE: 28.251585  Diversity: 4.063456
[2026-04-27 11:17:38,609][smirk.training.trainer][INFO] - Epoch 79 [0/2500]  KL: 39.678703  CE: 26.067053  Diversity: 3.842664
[2026-04-27 11:17:40,096][smirk.training.trainer][INFO] - Epoch 80 [0/2500]  KL: 41.356403  CE: 27.500200  Diversity: 4.230480
[2026-04-27 11:17:41,584][smirk.training.trainer][INFO] - Epoch 81 [0/2500]  KL: 42.072502  CE: 27.369577  Diversity: 3.565805
[2026-04-27 11:17:43,070][smirk.training.trainer][INFO] - Epoch 82 [0/2500]  KL: 37.880173  CE: 25.576773  Diversity: 3.364534
[2026-04-27 11:17:44,557][smirk.training.trainer][INFO] - Epoch 83 [0/2500]  KL: 44.093987  CE: 28.778757  Diversity: 3.117802
[2026-04-27 11:17:46,046][smirk.training.trainer][INFO] - Epoch 84 [0/2500]  KL: 46.089725  CE: 28.635855  Diversity: 3.634747
[2026-04-27 11:17:47,531][smirk.training.trainer][INFO] - Epoch 85 [0/2500]  KL: 47.700775  CE: 30.746363  Diversity: 3.688052
[2026-04-27 11:17:49,018][smirk.training.trainer][INFO] - Epoch 86 [0/2500]  KL: 39.907127  CE: 27.221458  Diversity: 2.793408
[2026-04-27 11:17:50,507][smirk.training.trainer][INFO] - Epoch 87 [0/2500]  KL: 38.820198  CE: 26.947742  Diversity: 6.250305
[2026-04-27 11:17:51,994][smirk.training.trainer][INFO] - Epoch 88 [0/2500]  KL: 43.121796  CE: 27.100222  Diversity: 2.339739
[2026-04-27 11:17:53,480][smirk.training.trainer][INFO] - Epoch 89 [0/2500]  KL: 40.005867  CE: 27.016962  Diversity: 4.758916
[2026-04-27 11:17:54,967][smirk.training.trainer][INFO] - Epoch 90 [0/2500]  KL: 40.001923  CE: 26.836283  Diversity: 3.440145
[2026-04-27 11:17:56,454][smirk.training.trainer][INFO] - Epoch 91 [0/2500]  KL: 38.030968  CE: 26.177689  Diversity: 3.578286
[2026-04-27 11:17:57,940][smirk.training.trainer][INFO] - Epoch 92 [0/2500]  KL: 37.669716  CE: 23.903797  Diversity: 2.632241
[2026-04-27 11:17:59,427][smirk.training.trainer][INFO] - Epoch 93 [0/2500]  KL: 43.535118  CE: 29.329292  Diversity: 2.780020
[2026-04-27 11:18:00,914][smirk.training.trainer][INFO] - Epoch 94 [0/2500]  KL: 43.233604  CE: 29.892530  Diversity: 4.058971
[2026-04-27 11:18:02,402][smirk.training.trainer][INFO] - Epoch 95 [0/2500]  KL: 40.351696  CE: 27.347092  Diversity: 2.922174
[2026-04-27 11:18:03,889][smirk.training.trainer][INFO] - Epoch 96 [0/2500]  KL: 42.468388  CE: 28.457375  Diversity: 4.092508
[2026-04-27 11:18:05,375][smirk.training.trainer][INFO] - Epoch 97 [0/2500]  KL: 38.703434  CE: 26.489374  Diversity: 4.160711
[2026-04-27 11:18:06,861][smirk.training.trainer][INFO] - Epoch 98 [0/2500]  KL: 43.395332  CE: 28.784788  Diversity: 3.841718
[2026-04-27 11:18:08,347][smirk.training.trainer][INFO] - Epoch 99 [0/2500]  KL: 41.608524  CE: 29.058241  Diversity: 3.205660
[2026-04-27 11:18:09,834][smirk.training.trainer][INFO] - Epoch 100 [0/2500]  KL: 36.371674  CE: 25.348207  Diversity: 2.886288
[2026-04-27 11:18:29,232][smirk.training.trainer][INFO] - Test — loss: 230.8703 | Top-1: 2/31419 (0.01%) | Top-5: 13/31419 (0.04%)
[2026-04-27 11:18:29,292][smirk.training.trainer][INFO] - Epoch 101 [0/2500]  KL: 37.502785  CE: 26.438568  Diversity: 3.151755
[2026-04-27 11:18:30,777][smirk.training.trainer][INFO] - Epoch 102 [0/2500]  KL: 41.449120  CE: 28.263390  Diversity: 2.573373
[2026-04-27 11:18:32,263][smirk.training.trainer][INFO] - Epoch 103 [0/2500]  KL: 39.842918  CE: 27.000294  Diversity: 3.031093
[2026-04-27 11:18:33,752][smirk.training.trainer][INFO] - Epoch 104 [0/2500]  KL: 39.067108  CE: 26.504225  Diversity: 3.818547
[2026-04-27 11:18:35,238][smirk.training.trainer][INFO] - Epoch 105 [0/2500]  KL: 41.515999  CE: 28.431059  Diversity: 2.832804
[2026-04-27 11:18:36,726][smirk.training.trainer][INFO] - Epoch 106 [0/2500]  KL: 35.668060  CE: 27.159889  Diversity: 4.810219
[2026-04-27 11:18:38,211][smirk.training.trainer][INFO] - Epoch 107 [0/2500]  KL: 38.665283  CE: 26.568998  Diversity: 3.904939
[2026-04-27 11:18:39,698][smirk.training.trainer][INFO] - Epoch 108 [0/2500]  KL: 37.088066  CE: 25.836206  Diversity: 2.451112
[2026-04-27 11:18:41,185][smirk.training.trainer][INFO] - Epoch 109 [0/2500]  KL: 37.306351  CE: 26.304144  Diversity: 3.032426
[2026-04-27 11:18:42,670][smirk.training.trainer][INFO] - Epoch 110 [0/2500]  KL: 42.032040  CE: 28.800352  Diversity: 3.284881
[2026-04-27 11:18:44,155][smirk.training.trainer][INFO] - Epoch 111 [0/2500]  KL: 40.659950  CE: 27.247198  Diversity: 3.244624
[2026-04-27 11:18:45,639][smirk.training.trainer][INFO] - Epoch 112 [0/2500]  KL: 39.130066  CE: 27.126425  Diversity: 4.055011
[2026-04-27 11:18:47,124][smirk.training.trainer][INFO] - Epoch 113 [0/2500]  KL: 36.698547  CE: 25.976629  Diversity: 3.160746
[2026-04-27 11:18:48,608][smirk.training.trainer][INFO] - Epoch 114 [0/2500]  KL: 40.296341  CE: 28.010885  Diversity: 3.077469
[2026-04-27 11:18:50,098][smirk.training.trainer][INFO] - Epoch 115 [0/2500]  KL: 39.635380  CE: 27.046679  Diversity: 2.865795
[2026-04-27 11:18:51,581][smirk.training.trainer][INFO] - Epoch 116 [0/2500]  KL: 40.798725  CE: 28.811375  Diversity: 2.488244
[2026-04-27 11:18:53,066][smirk.training.trainer][INFO] - Epoch 117 [0/2500]  KL: 42.070751  CE: 29.726377  Diversity: 3.317397
[2026-04-27 11:18:54,550][smirk.training.trainer][INFO] - Epoch 118 [0/2500]  KL: 37.356224  CE: 26.206310  Diversity: 2.048619
[2026-04-27 11:18:56,035][smirk.training.trainer][INFO] - Epoch 119 [0/2500]  KL: 36.548191  CE: 26.158026  Diversity: 4.461189
[2026-04-27 11:18:57,521][smirk.training.trainer][INFO] - Epoch 120 [0/2500]  KL: 45.013031  CE: 29.094416  Diversity: 3.179705
[2026-04-27 11:18:59,007][smirk.training.trainer][INFO] - Epoch 121 [0/2500]  KL: 39.712833  CE: 25.587828  Diversity: 2.587840
[2026-04-27 11:19:00,493][smirk.training.trainer][INFO] - Epoch 122 [0/2500]  KL: 43.937992  CE: 29.498775  Diversity: 3.156938
[2026-04-27 11:19:01,979][smirk.training.trainer][INFO] - Epoch 123 [0/2500]  KL: 39.390415  CE: 28.608633  Diversity: 2.443700
[2026-04-27 11:19:03,464][smirk.training.trainer][INFO] - Epoch 124 [0/2500]  KL: 38.405987  CE: 26.297649  Diversity: 3.037860
[2026-04-27 11:19:04,951][smirk.training.trainer][INFO] - Epoch 125 [0/2500]  KL: 41.658726  CE: 26.993538  Diversity: 2.452069
[2026-04-27 11:19:24,786][smirk.training.trainer][INFO] - Test — loss: 204.1421 | Top-1: 2/31419 (0.01%) | Top-5: 14/31419 (0.04%)
[2026-04-27 11:19:24,844][smirk.training.trainer][INFO] - Epoch 126 [0/2500]  KL: 40.414776  CE: 26.894169  Diversity: 2.412809
[2026-04-27 11:19:26,328][smirk.training.trainer][INFO] - Epoch 127 [0/2500]  KL: 39.395828  CE: 28.386278  Diversity: 2.621585
[2026-04-27 11:19:27,811][smirk.training.trainer][INFO] - Epoch 128 [0/2500]  KL: 36.441826  CE: 25.653257  Diversity: 3.010010
[2026-04-27 11:19:29,298][smirk.training.trainer][INFO] - Epoch 129 [0/2500]  KL: 34.616623  CE: 24.640688  Diversity: 3.169601
[2026-04-27 11:19:30,781][smirk.training.trainer][INFO] - Epoch 130 [0/2500]  KL: 39.981121  CE: 28.314962  Diversity: 3.667121
[2026-04-27 11:19:32,268][smirk.training.trainer][INFO] - Epoch 131 [0/2500]  KL: 35.319401  CE: 26.375669  Diversity: 3.818013
[2026-04-27 11:19:33,753][smirk.training.trainer][INFO] - Epoch 132 [0/2500]  KL: 38.110729  CE: 26.852757  Diversity: 3.873564
[2026-04-27 11:19:35,239][smirk.training.trainer][INFO] - Epoch 133 [0/2500]  KL: 40.468163  CE: 28.575592  Diversity: 3.433231
[2026-04-27 11:19:36,724][smirk.training.trainer][INFO] - Epoch 134 [0/2500]  KL: 41.543831  CE: 29.403198  Diversity: 2.593104
[2026-04-27 11:19:38,209][smirk.training.trainer][INFO] - Epoch 135 [0/2500]  KL: 37.117249  CE: 26.742720  Diversity: 2.612988
[2026-04-27 11:19:39,692][smirk.training.trainer][INFO] - Epoch 136 [0/2500]  KL: 44.895554  CE: 31.333874  Diversity: 2.718040
[2026-04-27 11:19:41,177][smirk.training.trainer][INFO] - Epoch 137 [0/2500]  KL: 39.564247  CE: 27.911688  Diversity: 3.882479
[2026-04-27 11:19:42,664][smirk.training.trainer][INFO] - Epoch 138 [0/2500]  KL: 33.231567  CE: 25.375736  Diversity: 3.720185
[2026-04-27 11:19:44,150][smirk.training.trainer][INFO] - Epoch 139 [0/2500]  KL: 37.525940  CE: 26.714319  Diversity: 2.623637
[2026-04-27 11:19:45,637][smirk.training.trainer][INFO] - Epoch 140 [0/2500]  KL: 32.798054  CE: 24.489845  Diversity: 4.110636
[2026-04-27 11:19:47,122][smirk.training.trainer][INFO] - Epoch 141 [0/2500]  KL: 35.295517  CE: 25.574411  Diversity: 3.107339
[2026-04-27 11:19:48,606][smirk.training.trainer][INFO] - Epoch 142 [0/2500]  KL: 34.486595  CE: 24.815628  Diversity: 3.561624
[2026-04-27 11:19:50,093][smirk.training.trainer][INFO] - Epoch 143 [0/2500]  KL: 35.423813  CE: 25.909258  Diversity: 1.873462
[2026-04-27 11:19:51,577][smirk.training.trainer][INFO] - Epoch 144 [0/2500]  KL: 41.092209  CE: 28.233137  Diversity: 2.813133
[2026-04-27 11:19:53,064][smirk.training.trainer][INFO] - Epoch 145 [0/2500]  KL: 36.205818  CE: 25.548424  Diversity: 2.568897
[2026-04-27 11:19:54,549][smirk.training.trainer][INFO] - Epoch 146 [0/2500]  KL: 39.278336  CE: 27.123474  Diversity: 3.331461
[2026-04-27 11:19:56,034][smirk.training.trainer][INFO] - Epoch 147 [0/2500]  KL: 37.578117  CE: 26.105177  Diversity: 2.418087
[2026-04-27 11:19:57,519][smirk.training.trainer][INFO] - Epoch 148 [0/2500]  KL: 35.723225  CE: 24.902645  Diversity: 2.227016
[2026-04-27 11:19:59,005][smirk.training.trainer][INFO] - Epoch 149 [0/2500]  KL: 36.394806  CE: 25.622988  Diversity: 2.405916
[2026-04-27 11:20:00,494][smirk.training.trainer][INFO] - Epoch 150 [0/2500]  KL: 35.533848  CE: 26.344645  Diversity: 2.727745
[2026-04-27 11:20:19,451][smirk.training.trainer][INFO] - Test — loss: 383.8782 | Top-1: 1/31419 (0.00%) | Top-5: 12/31419 (0.04%)
[2026-04-27 11:20:19,508][smirk.training.trainer][INFO] - Epoch 151 [0/2500]  KL: 36.357151  CE: 25.751537  Diversity: 3.071184
[2026-04-27 11:20:20,993][smirk.training.trainer][INFO] - Epoch 152 [0/2500]  KL: 38.736576  CE: 27.525198  Diversity: 4.078438
[2026-04-27 11:20:22,478][smirk.training.trainer][INFO] - Epoch 153 [0/2500]  KL: 36.075306  CE: 25.665623  Diversity: 2.462745
[2026-04-27 11:20:23,964][smirk.training.trainer][INFO] - Epoch 154 [0/2500]  KL: 40.165085  CE: 30.203686  Diversity: 3.805520
[2026-04-27 11:20:25,450][smirk.training.trainer][INFO] - Epoch 155 [0/2500]  KL: 38.987442  CE: 28.263264  Diversity: 2.700132
[2026-04-27 11:20:26,938][smirk.training.trainer][INFO] - Epoch 156 [0/2500]  KL: 35.161430  CE: 25.786150  Diversity: 2.423191
[2026-04-27 11:20:28,422][smirk.training.trainer][INFO] - Epoch 157 [0/2500]  KL: 43.826500  CE: 29.496881  Diversity: 2.454218
[2026-04-27 11:20:29,910][smirk.training.trainer][INFO] - Epoch 158 [0/2500]  KL: 39.094139  CE: 29.451735  Diversity: 3.190765
[2026-04-27 11:20:31,395][smirk.training.trainer][INFO] - Epoch 159 [0/2500]  KL: 40.171658  CE: 28.070335  Diversity: 2.164330
[2026-04-27 11:20:32,881][smirk.training.trainer][INFO] - Epoch 160 [0/2500]  KL: 35.929951  CE: 26.774475  Diversity: 3.188900
[2026-04-27 11:20:34,368][smirk.training.trainer][INFO] - Epoch 161 [0/2500]  KL: 40.696793  CE: 29.501537  Diversity: 2.867258
[2026-04-27 11:20:35,854][smirk.training.trainer][INFO] - Epoch 162 [0/2500]  KL: 37.475616  CE: 26.719639  Diversity: 4.106837
[2026-04-27 11:20:37,346][smirk.training.trainer][INFO] - Epoch 163 [0/2500]  KL: 38.148533  CE: 26.759527  Diversity: 3.037292
[2026-04-27 11:20:38,832][smirk.training.trainer][INFO] - Epoch 164 [0/2500]  KL: 40.346329  CE: 29.127607  Diversity: 2.984276
[2026-04-27 11:20:40,318][smirk.training.trainer][INFO] - Epoch 165 [0/2500]  KL: 40.026958  CE: 28.009188  Diversity: 3.985305
[2026-04-27 11:20:41,804][smirk.training.trainer][INFO] - Epoch 166 [0/2500]  KL: 36.561935  CE: 27.463152  Diversity: 3.203227
[2026-04-27 11:20:43,295][smirk.training.trainer][INFO] - Epoch 167 [0/2500]  KL: 38.992134  CE: 28.197763  Diversity: 3.914755
[2026-04-27 11:20:44,782][smirk.training.trainer][INFO] - Epoch 168 [0/2500]  KL: 36.039894  CE: 27.078165  Diversity: 3.394997
[2026-04-27 11:20:46,268][smirk.training.trainer][INFO] - Epoch 169 [0/2500]  KL: 32.196480  CE: 25.834642  Diversity: 4.955052
[2026-04-27 11:20:47,755][smirk.training.trainer][INFO] - Epoch 170 [0/2500]  KL: 31.455948  CE: 24.449991  Diversity: 2.721081
[2026-04-27 11:20:49,245][smirk.training.trainer][INFO] - Epoch 171 [0/2500]  KL: 34.847893  CE: 27.643108  Diversity: 3.766457
[2026-04-27 11:20:50,732][smirk.training.trainer][INFO] - Epoch 172 [0/2500]  KL: 33.262730  CE: 25.191051  Diversity: 2.180251
[2026-04-27 11:20:52,219][smirk.training.trainer][INFO] - Epoch 173 [0/2500]  KL: 38.512680  CE: 29.347059  Diversity: 2.421779
[2026-04-27 11:20:53,706][smirk.training.trainer][INFO] - Epoch 174 [0/2500]  KL: 36.018738  CE: 26.612261  Diversity: 2.461219
[2026-04-27 11:20:55,193][smirk.training.trainer][INFO] - Epoch 175 [0/2500]  KL: 33.075005  CE: 26.310186  Diversity: 2.414522
[2026-04-27 11:21:13,776][smirk.training.trainer][INFO] - Test — loss: 189.9283 | Top-1: 2/31419 (0.01%) | Top-5: 11/31419 (0.04%)
[2026-04-27 11:21:13,833][smirk.training.trainer][INFO] - Epoch 176 [0/2500]  KL: 35.051861  CE: 26.376539  Diversity: 2.973986
[2026-04-27 11:21:15,316][smirk.training.trainer][INFO] - Epoch 177 [0/2500]  KL: 39.309895  CE: 29.641151  Diversity: 2.537777
[2026-04-27 11:21:16,802][smirk.training.trainer][INFO] - Epoch 178 [0/2500]  KL: 38.531025  CE: 27.736149  Diversity: 3.977955
[2026-04-27 11:21:18,288][smirk.training.trainer][INFO] - Epoch 179 [0/2500]  KL: 34.455139  CE: 24.602880  Diversity: 2.714262
[2026-04-27 11:21:19,775][smirk.training.trainer][INFO] - Epoch 180 [0/2500]  KL: 38.110626  CE: 27.758333  Diversity: 2.393845
[2026-04-27 11:21:21,263][smirk.training.trainer][INFO] - Epoch 181 [0/2500]  KL: 34.374500  CE: 26.977610  Diversity: 2.579376
[2026-04-27 11:21:22,747][smirk.training.trainer][INFO] - Epoch 182 [0/2500]  KL: 34.474083  CE: 25.961084  Diversity: 2.421887
[2026-04-27 11:21:24,233][smirk.training.trainer][INFO] - Epoch 183 [0/2500]  KL: 33.018513  CE: 24.636539  Diversity: 3.725784
[2026-04-27 11:21:25,719][smirk.training.trainer][INFO] - Epoch 184 [0/2500]  KL: 38.437439  CE: 27.503857  Diversity: 2.959942
[2026-04-27 11:21:27,204][smirk.training.trainer][INFO] - Epoch 185 [0/2500]  KL: 35.998413  CE: 26.653086  Diversity: 2.624386
[2026-04-27 11:21:28,692][smirk.training.trainer][INFO] - Epoch 186 [0/2500]  KL: 38.715244  CE: 26.114897  Diversity: 1.568012
[2026-04-27 11:21:30,178][smirk.training.trainer][INFO] - Epoch 187 [0/2500]  KL: 38.316387  CE: 26.782166  Diversity: 2.867038
[2026-04-27 11:21:31,668][smirk.training.trainer][INFO] - Epoch 188 [0/2500]  KL: 33.333611  CE: 25.392559  Diversity: 4.888047
[2026-04-27 11:21:33,155][smirk.training.trainer][INFO] - Epoch 189 [0/2500]  KL: 36.069252  CE: 28.623362  Diversity: 2.188578
[2026-04-27 11:21:34,641][smirk.training.trainer][INFO] - Epoch 190 [0/2500]  KL: 33.105995  CE: 26.765026  Diversity: 2.162275
[2026-04-27 11:21:36,126][smirk.training.trainer][INFO] - Epoch 191 [0/2500]  KL: 32.611584  CE: 25.667555  Diversity: 3.564968
[2026-04-27 11:21:37,613][smirk.training.trainer][INFO] - Epoch 192 [0/2500]  KL: 40.420250  CE: 30.545649  Diversity: 2.203888
[2026-04-27 11:21:39,101][smirk.training.trainer][INFO] - Epoch 193 [0/2500]  KL: 34.816200  CE: 24.918325  Diversity: 2.426700
[2026-04-27 11:21:40,587][smirk.training.trainer][INFO] - Epoch 194 [0/2500]  KL: 33.670254  CE: 26.059942  Diversity: 3.671410
[2026-04-27 11:21:42,075][smirk.training.trainer][INFO] - Epoch 195 [0/2500]  KL: 36.133717  CE: 27.009661  Diversity: 2.998123
[2026-04-27 11:21:43,559][smirk.training.trainer][INFO] - Epoch 196 [0/2500]  KL: 32.819328  CE: 27.276722  Diversity: 3.700381
[2026-04-27 11:21:45,046][smirk.training.trainer][INFO] - Epoch 197 [0/2500]  KL: 39.492603  CE: 28.737206  Diversity: 3.329554
[2026-04-27 11:21:46,536][smirk.training.trainer][INFO] - Epoch 198 [0/2500]  KL: 34.510780  CE: 26.043129  Diversity: 2.770500
[2026-04-27 11:21:48,021][smirk.training.trainer][INFO] - Epoch 199 [0/2500]  KL: 35.000511  CE: 27.560701  Diversity: 2.251895
[2026-04-27 11:21:49,509][smirk.training.trainer][INFO] - Epoch 200 [0/2500]  KL: 37.888252  CE: 28.510201  Diversity: 2.239699
[2026-04-27 11:22:09,283][smirk.training.trainer][INFO] - Test — loss: 208.9806 | Top-1: 2/31419 (0.01%) | Top-5: 20/31419 (0.06%)
[2026-04-27 11:22:09,341][smirk.training.trainer][INFO] - Epoch 201 [0/2500]  KL: 33.174812  CE: 25.184584  Diversity: 3.173564
[2026-04-27 11:22:10,824][smirk.training.trainer][INFO] - Epoch 202 [0/2500]  KL: 37.169621  CE: 27.118187  Diversity: 1.723244
[2026-04-27 11:22:12,309][smirk.training.trainer][INFO] - Epoch 203 [0/2500]  KL: 36.449554  CE: 28.546286  Diversity: 2.827151
[2026-04-27 11:22:13,795][smirk.training.trainer][INFO] - Epoch 204 [0/2500]  KL: 32.230515  CE: 25.107126  Diversity: 2.138722
[2026-04-27 11:22:15,279][smirk.training.trainer][INFO] - Epoch 205 [0/2500]  KL: 36.497078  CE: 26.737936  Diversity: 1.936902
[2026-04-27 11:22:16,767][smirk.training.trainer][INFO] - Epoch 206 [0/2500]  KL: 32.258038  CE: 25.816141  Diversity: 2.739005
[2026-04-27 11:22:18,253][smirk.training.trainer][INFO] - Epoch 207 [0/2500]  KL: 37.289654  CE: 28.753105  Diversity: 2.570179
[2026-04-27 11:22:19,744][smirk.training.trainer][INFO] - Epoch 208 [0/2500]  KL: 33.517601  CE: 25.658453  Diversity: 2.770106
[2026-04-27 11:22:21,229][smirk.training.trainer][INFO] - Epoch 209 [0/2500]  KL: 31.282352  CE: 25.603264  Diversity: 2.444440
[2026-04-27 11:22:22,716][smirk.training.trainer][INFO] - Epoch 210 [0/2500]  KL: 35.809341  CE: 26.636156  Diversity: 2.533626
[2026-04-27 11:22:24,203][smirk.training.trainer][INFO] - Epoch 211 [0/2500]  KL: 32.006058  CE: 25.824144  Diversity: 2.608199
[2026-04-27 11:22:25,689][smirk.training.trainer][INFO] - Epoch 212 [0/2500]  KL: 31.757711  CE: 24.430279  Diversity: 2.819814
[2026-04-27 11:22:27,176][smirk.training.trainer][INFO] - Epoch 213 [0/2500]  KL: 37.853424  CE: 27.910074  Diversity: 2.966049
[2026-04-27 11:22:28,662][smirk.training.trainer][INFO] - Epoch 214 [0/2500]  KL: 32.584015  CE: 24.996050  Diversity: 1.438436
[2026-04-27 11:22:30,150][smirk.training.trainer][INFO] - Epoch 215 [0/2500]  KL: 34.221004  CE: 26.944721  Diversity: 4.134756
[2026-04-27 11:22:31,635][smirk.training.trainer][INFO] - Epoch 216 [0/2500]  KL: 37.470413  CE: 28.968096  Diversity: 2.740919
[2026-04-27 11:22:33,121][smirk.training.trainer][INFO] - Epoch 217 [0/2500]  KL: 35.764725  CE: 26.637121  Diversity: 3.925903
[2026-04-27 11:22:34,609][smirk.training.trainer][INFO] - Epoch 218 [0/2500]  KL: 38.024704  CE: 30.306459  Diversity: 3.675543
[2026-04-27 11:22:36,097][smirk.training.trainer][INFO] - Epoch 219 [0/2500]  KL: 32.017830  CE: 26.655451  Diversity: 4.002572
[2026-04-27 11:22:37,584][smirk.training.trainer][INFO] - Epoch 220 [0/2500]  KL: 31.420422  CE: 23.910206  Diversity: 3.334861
[2026-04-27 11:22:39,069][smirk.training.trainer][INFO] - Epoch 221 [0/2500]  KL: 34.820724  CE: 25.361780  Diversity: 2.955646
[2026-04-27 11:22:40,556][smirk.training.trainer][INFO] - Epoch 222 [0/2500]  KL: 38.200687  CE: 26.751747  Diversity: 1.962861
[2026-04-27 11:22:42,043][smirk.training.trainer][INFO] - Epoch 223 [0/2500]  KL: 34.138264  CE: 26.276566  Diversity: 3.705107
[2026-04-27 11:22:43,529][smirk.training.trainer][INFO] - Epoch 224 [0/2500]  KL: 37.223194  CE: 27.885420  Diversity: 2.794001
[2026-04-27 11:22:45,018][smirk.training.trainer][INFO] - Epoch 225 [0/2500]  KL: 39.295952  CE: 29.479582  Diversity: 2.151653
[2026-04-27 11:23:03,844][smirk.training.trainer][INFO] - Test — loss: 197.7372 | Top-1: 2/31419 (0.01%) | Top-5: 13/31419 (0.04%)
[2026-04-27 11:23:03,902][smirk.training.trainer][INFO] - Epoch 226 [0/2500]  KL: 33.315300  CE: 26.171438  Diversity: 3.381736
[2026-04-27 11:23:05,387][smirk.training.trainer][INFO] - Epoch 227 [0/2500]  KL: 35.399277  CE: 26.974226  Diversity: 2.775269
[2026-04-27 11:23:06,874][smirk.training.trainer][INFO] - Epoch 228 [0/2500]  KL: 33.893791  CE: 25.944210  Diversity: 4.656303
[2026-04-27 11:23:08,362][smirk.training.trainer][INFO] - Epoch 229 [0/2500]  KL: 37.146767  CE: 28.256935  Diversity: 2.479507
[2026-04-27 11:23:09,849][smirk.training.trainer][INFO] - Epoch 230 [0/2500]  KL: 35.468334  CE: 28.069178  Diversity: 2.211615
[2026-04-27 11:23:11,335][smirk.training.trainer][INFO] - Epoch 231 [0/2500]  KL: 38.021069  CE: 27.860535  Diversity: 3.141699
[2026-04-27 11:23:12,825][smirk.training.trainer][INFO] - Epoch 232 [0/2500]  KL: 32.519569  CE: 25.724901  Diversity: 2.195303
[2026-04-27 11:23:14,314][smirk.training.trainer][INFO] - Epoch 233 [0/2500]  KL: 37.041008  CE: 29.244228  Diversity: 2.160435
[2026-04-27 11:23:15,800][smirk.training.trainer][INFO] - Epoch 234 [0/2500]  KL: 33.977852  CE: 26.096792  Diversity: 4.205548
[2026-04-27 11:23:17,287][smirk.training.trainer][INFO] - Epoch 235 [0/2500]  KL: 32.912197  CE: 26.130505  Diversity: 3.250076
[2026-04-27 11:23:18,774][smirk.training.trainer][INFO] - Epoch 236 [0/2500]  KL: 36.598499  CE: 28.489262  Diversity: 2.354891
[2026-04-27 11:23:20,260][smirk.training.trainer][INFO] - Epoch 237 [0/2500]  KL: 35.591763  CE: 28.586189  Diversity: 2.296589
[2026-04-27 11:23:21,748][smirk.training.trainer][INFO] - Epoch 238 [0/2500]  KL: 37.033157  CE: 27.622505  Diversity: 1.915257
[2026-04-27 11:23:23,233][smirk.training.trainer][INFO] - Epoch 239 [0/2500]  KL: 39.605587  CE: 29.202505  Diversity: 2.574534
[2026-04-27 11:23:24,722][smirk.training.trainer][INFO] - Epoch 240 [0/2500]  KL: 35.503174  CE: 26.249054  Diversity: 1.723807
[2026-04-27 11:23:26,208][smirk.training.trainer][INFO] - Epoch 241 [0/2500]  KL: 33.720345  CE: 25.136061  Diversity: 2.274228
[2026-04-27 11:23:27,693][smirk.training.trainer][INFO] - Epoch 242 [0/2500]  KL: 34.395424  CE: 26.237371  Diversity: 3.120479
[2026-04-27 11:23:29,182][smirk.training.trainer][INFO] - Epoch 243 [0/2500]  KL: 36.514992  CE: 26.420313  Diversity: 1.656762
[2026-04-27 11:23:30,669][smirk.training.trainer][INFO] - Epoch 244 [0/2500]  KL: 30.970015  CE: 24.909224  Diversity: 3.243068
[2026-04-27 11:23:32,158][smirk.training.trainer][INFO] - Epoch 245 [0/2500]  KL: 38.689316  CE: 27.217970  Diversity: 1.907735
[2026-04-27 11:23:33,645][smirk.training.trainer][INFO] - Epoch 246 [0/2500]  KL: 29.454573  CE: 23.505632  Diversity: 2.800020
[2026-04-27 11:23:35,134][smirk.training.trainer][INFO] - Epoch 247 [0/2500]  KL: 35.503311  CE: 25.844601  Diversity: 2.316420
[2026-04-27 11:23:36,621][smirk.training.trainer][INFO] - Epoch 248 [0/2500]  KL: 31.632076  CE: 25.675663  Diversity: 2.552498
[2026-04-27 11:23:38,107][smirk.training.trainer][INFO] - Epoch 249 [0/2500]  KL: 35.756874  CE: 29.399549  Diversity: 1.962585
[2026-04-27 11:23:39,599][smirk.training.trainer][INFO] - Epoch 250 [0/2500]  KL: 34.395386  CE: 27.539339  Diversity: 5.052084
[2026-04-27 11:23:57,764][smirk.training.trainer][INFO] - Test — loss: 205.6013 | Top-1: 3/31419 (0.01%) | Top-5: 19/31419 (0.06%)
[2026-04-27 11:23:57,821][smirk.training.trainer][INFO] - Epoch 251 [0/2500]  KL: 33.675850  CE: 25.029976  Diversity: 1.776670
[2026-04-27 11:23:59,305][smirk.training.trainer][INFO] - Epoch 252 [0/2500]  KL: 31.854557  CE: 25.383038  Diversity: 2.424891
[2026-04-27 11:24:00,790][smirk.training.trainer][INFO] - Epoch 253 [0/2500]  KL: 36.517582  CE: 26.175308  Diversity: 1.884011
[2026-04-27 11:24:02,276][smirk.training.trainer][INFO] - Epoch 254 [0/2500]  KL: 35.121624  CE: 26.595407  Diversity: 2.131947
[2026-04-27 11:24:03,763][smirk.training.trainer][INFO] - Epoch 255 [0/2500]  KL: 33.932964  CE: 25.065523  Diversity: 2.330415
[2026-04-27 11:24:05,253][smirk.training.trainer][INFO] - Epoch 256 [0/2500]  KL: 34.313171  CE: 26.221844  Diversity: 1.904521
[2026-04-27 11:24:06,737][smirk.training.trainer][INFO] - Epoch 257 [0/2500]  KL: 36.602100  CE: 27.276430  Diversity: 2.124620
[2026-04-27 11:24:08,223][smirk.training.trainer][INFO] - Epoch 258 [0/2500]  KL: 37.841267  CE: 27.315063  Diversity: 1.323952
[2026-04-27 11:24:09,709][smirk.training.trainer][INFO] - Epoch 259 [0/2500]  KL: 38.592094  CE: 29.289713  Diversity: 2.322223
[2026-04-27 11:24:11,195][smirk.training.trainer][INFO] - Epoch 260 [0/2500]  KL: 35.301720  CE: 25.570978  Diversity: 2.153025
[2026-04-27 11:24:12,683][smirk.training.trainer][INFO] - Epoch 261 [0/2500]  KL: 31.517040  CE: 24.983004  Diversity: 2.719517
[2026-04-27 11:24:14,169][smirk.training.trainer][INFO] - Epoch 262 [0/2500]  KL: 35.625183  CE: 27.329056  Diversity: 2.143775
[2026-04-27 11:24:15,655][smirk.training.trainer][INFO] - Epoch 263 [0/2500]  KL: 36.912853  CE: 26.753893  Diversity: 2.047916
[2026-04-27 11:24:17,142][smirk.training.trainer][INFO] - Epoch 264 [0/2500]  KL: 33.620071  CE: 25.669952  Diversity: 2.037084
[2026-04-27 11:24:18,629][smirk.training.trainer][INFO] - Epoch 265 [0/2500]  KL: 31.538473  CE: 25.027655  Diversity: 5.038657
[2026-04-27 11:24:20,116][smirk.training.trainer][INFO] - Epoch 266 [0/2500]  KL: 35.669067  CE: 27.818247  Diversity: 3.232181
[2026-04-27 11:24:21,606][smirk.training.trainer][INFO] - Epoch 267 [0/2500]  KL: 32.259483  CE: 26.636171  Diversity: 2.581498
[2026-04-27 11:24:23,093][smirk.training.trainer][INFO] - Epoch 268 [0/2500]  KL: 30.674000  CE: 24.745014  Diversity: 2.453426
[2026-04-27 11:24:24,579][smirk.training.trainer][INFO] - Epoch 269 [0/2500]  KL: 39.473438  CE: 29.289099  Diversity: 2.679077
[2026-04-27 11:24:26,067][smirk.training.trainer][INFO] - Epoch 270 [0/2500]  KL: 38.068222  CE: 26.966070  Diversity: 2.684230
[2026-04-27 11:24:27,552][smirk.training.trainer][INFO] - Epoch 271 [0/2500]  KL: 34.550781  CE: 26.060347  Diversity: 1.841497
[2026-04-27 11:24:29,040][smirk.training.trainer][INFO] - Epoch 272 [0/2500]  KL: 34.667480  CE: 26.960619  Diversity: 3.044433
[2026-04-27 11:24:30,526][smirk.training.trainer][INFO] - Epoch 273 [0/2500]  KL: 30.309677  CE: 24.848265  Diversity: 2.717189
[2026-04-27 11:24:32,017][smirk.training.trainer][INFO] - Epoch 274 [0/2500]  KL: 30.234701  CE: 22.921473  Diversity: 2.599699
[2026-04-27 11:24:33,501][smirk.training.trainer][INFO] - Epoch 275 [0/2500]  KL: 34.380222  CE: 25.626852  Diversity: 2.151023
[2026-04-27 11:24:52,886][smirk.training.trainer][INFO] - Test — loss: 192.8394 | Top-1: 3/31419 (0.01%) | Top-5: 15/31419 (0.05%)
[2026-04-27 11:24:52,943][smirk.training.trainer][INFO] - Epoch 276 [0/2500]  KL: 34.778904  CE: 27.082869  Diversity: 1.900618
[2026-04-27 11:24:54,428][smirk.training.trainer][INFO] - Epoch 277 [0/2500]  KL: 32.703896  CE: 24.860620  Diversity: 2.329937
[2026-04-27 11:24:55,913][smirk.training.trainer][INFO] - Epoch 278 [0/2500]  KL: 31.280258  CE: 23.211964  Diversity: 1.841590
[2026-04-27 11:24:57,399][smirk.training.trainer][INFO] - Epoch 279 [0/2500]  KL: 34.425598  CE: 28.450657  Diversity: 2.080597
[2026-04-27 11:24:58,882][smirk.training.trainer][INFO] - Epoch 280 [0/2500]  KL: 36.823948  CE: 29.900478  Diversity: 2.138311
[2026-04-27 11:25:00,367][smirk.training.trainer][INFO] - Epoch 281 [0/2500]  KL: 32.982090  CE: 27.333204  Diversity: 2.735388
[2026-04-27 11:25:01,851][smirk.training.trainer][INFO] - Epoch 282 [0/2500]  KL: 36.155678  CE: 27.966005  Diversity: 2.240033
[2026-04-27 11:25:03,336][smirk.training.trainer][INFO] - Epoch 283 [0/2500]  KL: 34.318840  CE: 27.146566  Diversity: 2.601485
[2026-04-27 11:25:04,821][smirk.training.trainer][INFO] - Epoch 284 [0/2500]  KL: 30.619392  CE: 24.950209  Diversity: 2.160706
[2026-04-27 11:25:06,304][smirk.training.trainer][INFO] - Epoch 285 [0/2500]  KL: 31.862949  CE: 26.330971  Diversity: 1.924923
[2026-04-27 11:25:07,790][smirk.training.trainer][INFO] - Epoch 286 [0/2500]  KL: 35.717003  CE: 28.302092  Diversity: 1.505820
[2026-04-27 11:25:09,275][smirk.training.trainer][INFO] - Epoch 287 [0/2500]  KL: 31.856869  CE: 23.860182  Diversity: 2.480301
[2026-04-27 11:25:10,762][smirk.training.trainer][INFO] - Epoch 288 [0/2500]  KL: 34.686897  CE: 27.901815  Diversity: 2.123297
[2026-04-27 11:25:12,246][smirk.training.trainer][INFO] - Epoch 289 [0/2500]  KL: 37.742847  CE: 28.057838  Diversity: 2.280661
[2026-04-27 11:25:13,733][smirk.training.trainer][INFO] - Epoch 290 [0/2500]  KL: 32.229649  CE: 25.883106  Diversity: 3.187871
[2026-04-27 11:25:15,217][smirk.training.trainer][INFO] - Epoch 291 [0/2500]  KL: 29.069305  CE: 24.954178  Diversity: 2.779995
[2026-04-27 11:25:16,702][smirk.training.trainer][INFO] - Epoch 292 [0/2500]  KL: 33.021820  CE: 26.251015  Diversity: 4.238005
[2026-04-27 11:25:18,189][smirk.training.trainer][INFO] - Epoch 293 [0/2500]  KL: 34.238602  CE: 27.320520  Diversity: 2.144477
[2026-04-27 11:25:19,672][smirk.training.trainer][INFO] - Epoch 294 [0/2500]  KL: 36.648277  CE: 27.525482  Diversity: 1.836444
[2026-04-27 11:25:21,160][smirk.training.trainer][INFO] - Epoch 295 [0/2500]  KL: 38.675117  CE: 29.826729  Diversity: 1.671063
[2026-04-27 11:25:22,644][smirk.training.trainer][INFO] - Epoch 296 [0/2500]  KL: 39.319504  CE: 30.431221  Diversity: 2.211071
[2026-04-27 11:25:24,130][smirk.training.trainer][INFO] - Epoch 297 [0/2500]  KL: 34.797306  CE: 26.951097  Diversity: 1.663094
[2026-04-27 11:25:25,616][smirk.training.trainer][INFO] - Epoch 298 [0/2500]  KL: 32.168415  CE: 26.390398  Diversity: 3.035390
[2026-04-27 11:25:27,102][smirk.training.trainer][INFO] - Epoch 299 [0/2500]  KL: 39.457020  CE: 30.033625  Diversity: 1.632723
[2026-04-27 11:25:46,319][smirk.training.trainer][INFO] - Test — loss: 194.6873 | Top-1: 5/31419 (0.02%) | Top-5: 18/31419 (0.06%)
[2026-04-27 11:25:46,321][smirk.training.trainer][INFO] - New best accuracy: 0.0159
[2026-04-27 11:25:46,998][__main__][INFO] - Training complete. Checkpoints and manifest saved to /scratch/users/u03kj22/SMIRK/output/surrogate_model_checkpoints/inception_resnetv1_casia
