/home/u03kj22/.bashrc: line 29: unalias: squeue: not found
  0%|          | 0/25 [00:00<?, ?it/s]  0%|          | 0/25 [00:04<?, ?it/s]
Traceback (most recent call last):
  File "/scratch/users/u03kj22/SMIRK/my_sample_z_w_space.py", line 124, in <module>
    sample()
  File "/home/u03kj22/sharedscratch/.conda/envs/SMIRK-HPC/lib/python3.10/site-packages/torch/utils/_contextlib.py", line 115, in decorate_context
    return func(*args, **kwargs)
  File "/scratch/users/u03kj22/SMIRK/my_sample_z_w_space.py", line 100, in sample
    img_gen = generator(latent_in)
  File "/scratch/users/u03kj22/SMIRK/genforce/my_get_GD.py", line 155, in __call__
    return self.g_function(code)
  File "/scratch/users/u03kj22/SMIRK/genforce/my_get_GD.py", line 138, in fake_generator
    images = generator(code, **synthesis_kwargs, use_w_space=use_w_space)['image']
  File "/home/u03kj22/sharedscratch/.conda/envs/SMIRK-HPC/lib/python3.10/site-packages/torch/nn/modules/module.py", line 1511, in _wrapped_call_impl
    return self._call_impl(*args, **kwargs)
  File "/home/u03kj22/sharedscratch/.conda/envs/SMIRK-HPC/lib/python3.10/site-packages/torch/nn/modules/module.py", line 1520, in _call_impl
    return forward_call(*args, **kwargs)
  File "/scratch/users/u03kj22/SMIRK/genforce/models/stylegan_generator.py", line 195, in forward
    synthesis_results = self.synthesis(wp, lod, randomize_noise)
  File "/home/u03kj22/sharedscratch/.conda/envs/SMIRK-HPC/lib/python3.10/site-packages/torch/nn/modules/module.py", line 1511, in _wrapped_call_impl
    return self._call_impl(*args, **kwargs)
  File "/home/u03kj22/sharedscratch/.conda/envs/SMIRK-HPC/lib/python3.10/site-packages/torch/nn/modules/module.py", line 1520, in _call_impl
    return forward_call(*args, **kwargs)
  File "/scratch/users/u03kj22/SMIRK/genforce/models/stylegan_generator.py", line 516, in forward
    x, style = self.__getattr__(f'layer{2 * block_idx}')(
  File "/home/u03kj22/sharedscratch/.conda/envs/SMIRK-HPC/lib/python3.10/site-packages/torch/nn/modules/module.py", line 1511, in _wrapped_call_impl
    return self._call_impl(*args, **kwargs)
  File "/home/u03kj22/sharedscratch/.conda/envs/SMIRK-HPC/lib/python3.10/site-packages/torch/nn/modules/module.py", line 1520, in _call_impl
    return forward_call(*args, **kwargs)
  File "/scratch/users/u03kj22/SMIRK/genforce/models/stylegan_generator.py", line 823, in forward
    x = self.normalize(x)
  File "/home/u03kj22/sharedscratch/.conda/envs/SMIRK-HPC/lib/python3.10/site-packages/torch/nn/modules/module.py", line 1511, in _wrapped_call_impl
    return self._call_impl(*args, **kwargs)
  File "/home/u03kj22/sharedscratch/.conda/envs/SMIRK-HPC/lib/python3.10/site-packages/torch/nn/modules/module.py", line 1520, in _call_impl
    return forward_call(*args, **kwargs)
  File "/scratch/users/u03kj22/SMIRK/genforce/models/stylegan_generator.py", line 560, in forward
    torch.mean(x ** 2, dim=[2, 3], keepdim=True) + self.eps)
  File "/home/u03kj22/sharedscratch/.conda/envs/SMIRK-HPC/lib/python3.10/site-packages/torch/_tensor.py", line 40, in wrapped
    return f(*args, **kwargs)
torch.cuda.OutOfMemoryError: CUDA out of memory. Tried to allocate 1.56 GiB. GPU 0 has a total capacity of 4.75 GiB of which 198.00 MiB is free. Including non-PyTorch memory, this process has 4.54 GiB memory in use. Of the allocated memory 4.02 GiB is allocated by PyTorch, and 423.09 MiB is reserved by PyTorch but unallocated. If reserved but unallocated memory is large try setting PYTORCH_CUDA_ALLOC_CONF=expandable_segments:True to avoid fragmentation.  See documentation for Memory Management  (https://pytorch.org/docs/stable/notes/cuda.html#environment-variables)
