[2026-04-26 18:39:22,983][__main__][INFO] - Using device: cpu
[2026-04-26 18:40:18,632][smirk.training.trainer][INFO] - Epoch 0 [0/2500]  KL: 376.784363  CE: 73.804321  Diversity: 16.464180
[2026-04-26 18:47:06,781][smirk.training.trainer][INFO] - Test — loss: 98.6474 | Top-1: 3/31419 (0.01%) | Top-5: 20/31419 (0.06%)
[2026-04-26 18:47:06,785][smirk.training.trainer][INFO] - New best accuracy: 0.0095
[2026-04-26 18:47:08,021][smirk.training.trainer][INFO] - Epoch 1 [0/2500]  KL: 198.605942  CE: 55.444664  Diversity: 11.138419
[2026-04-26 18:47:24,448][smirk.training.trainer][INFO] - Epoch 2 [0/2500]  KL: 138.049683  CE: 49.113430  Diversity: 11.141423
[2026-04-26 18:47:41,033][smirk.training.trainer][INFO] - Epoch 3 [0/2500]  KL: 107.105804  CE: 43.636063  Diversity: 10.563431
[2026-04-26 18:47:57,799][smirk.training.trainer][INFO] - Epoch 4 [0/2500]  KL: 91.335587  CE: 41.752018  Diversity: 14.623661
[2026-04-26 18:48:14,034][smirk.training.trainer][INFO] - Epoch 5 [0/2500]  KL: 71.981339  CE: 34.293533  Diversity: 12.412123
[2026-04-26 18:48:30,489][smirk.training.trainer][INFO] - Epoch 6 [0/2500]  KL: 82.229080  CE: 38.521317  Diversity: 11.067619
[2026-04-26 18:48:47,274][smirk.training.trainer][INFO] - Epoch 7 [0/2500]  KL: 77.591019  CE: 33.325096  Diversity: 8.527087
[2026-04-26 18:49:03,785][smirk.training.trainer][INFO] - Epoch 8 [0/2500]  KL: 61.839291  CE: 29.122257  Diversity: 10.418722
[2026-04-26 18:49:21,614][smirk.training.trainer][INFO] - Epoch 9 [0/2500]  KL: 66.495117  CE: 31.581236  Diversity: 12.781904
[2026-04-26 18:49:38,535][smirk.training.trainer][INFO] - Epoch 10 [0/2500]  KL: 58.019714  CE: 28.372643  Diversity: 9.697874
[2026-04-26 18:49:55,177][smirk.training.trainer][INFO] - Epoch 11 [0/2500]  KL: 71.477669  CE: 30.947495  Diversity: 8.621846
[2026-04-26 18:50:12,081][smirk.training.trainer][INFO] - Epoch 12 [0/2500]  KL: 60.963902  CE: 29.320795  Diversity: 9.745963
[2026-04-26 18:50:28,843][smirk.training.trainer][INFO] - Epoch 13 [0/2500]  KL: 54.535744  CE: 27.905149  Diversity: 8.823504
[2026-04-26 18:50:45,509][smirk.training.trainer][INFO] - Epoch 14 [0/2500]  KL: 66.952438  CE: 32.588760  Diversity: 9.367153
[2026-04-26 18:51:02,109][smirk.training.trainer][INFO] - Epoch 15 [0/2500]  KL: 62.859406  CE: 30.816563  Diversity: 12.102158
[2026-04-26 18:51:19,243][smirk.training.trainer][INFO] - Epoch 16 [0/2500]  KL: 62.243286  CE: 30.627621  Diversity: 11.011257
[2026-04-26 18:51:36,164][smirk.training.trainer][INFO] - Epoch 17 [0/2500]  KL: 61.109066  CE: 31.121317  Diversity: 8.149570
[2026-04-26 18:51:52,570][smirk.training.trainer][INFO] - Epoch 18 [0/2500]  KL: 54.967442  CE: 28.932390  Diversity: 7.411615
[2026-04-26 18:52:09,059][smirk.training.trainer][INFO] - Epoch 19 [0/2500]  KL: 57.847679  CE: 29.910847  Diversity: 8.316533
[2026-04-26 18:52:25,457][smirk.training.trainer][INFO] - Epoch 20 [0/2500]  KL: 52.446098  CE: 27.698130  Diversity: 8.156872
[2026-04-26 18:52:41,829][smirk.training.trainer][INFO] - Epoch 21 [0/2500]  KL: 56.722698  CE: 29.077999  Diversity: 7.392311
[2026-04-26 18:52:58,581][smirk.training.trainer][INFO] - Epoch 22 [0/2500]  KL: 55.122562  CE: 30.466486  Diversity: 8.823088
[2026-04-26 18:53:15,309][smirk.training.trainer][INFO] - Epoch 23 [0/2500]  KL: 65.238037  CE: 31.957909  Diversity: 4.899633
[2026-04-26 18:53:32,114][smirk.training.trainer][INFO] - Epoch 24 [0/2500]  KL: 48.023674  CE: 27.003649  Diversity: 5.841207
[2026-04-26 18:53:49,415][smirk.training.trainer][INFO] - Epoch 25 [0/2500]  KL: 57.392532  CE: 30.543386  Diversity: 7.178695
[2026-04-26 18:58:07,316][smirk.training.trainer][INFO] - Test — loss: 166.4148 | Top-1: 2/31419 (0.01%) | Top-5: 14/31419 (0.04%)
[2026-04-26 18:58:08,152][smirk.training.trainer][INFO] - Epoch 26 [0/2500]  KL: 55.851723  CE: 29.593092  Diversity: 5.678333
[2026-04-26 18:58:25,063][smirk.training.trainer][INFO] - Epoch 27 [0/2500]  KL: 54.714352  CE: 29.119555  Diversity: 6.382152
[2026-04-26 18:58:41,788][smirk.training.trainer][INFO] - Epoch 28 [0/2500]  KL: 49.411537  CE: 28.299183  Diversity: 4.823913
[2026-04-26 18:58:58,259][smirk.training.trainer][INFO] - Epoch 29 [0/2500]  KL: 55.056759  CE: 31.888306  Diversity: 6.218571
[2026-04-26 18:59:16,413][smirk.training.trainer][INFO] - Epoch 30 [0/2500]  KL: 55.211769  CE: 31.537897  Diversity: 5.587569
[2026-04-26 18:59:32,894][smirk.training.trainer][INFO] - Epoch 31 [0/2500]  KL: 46.967506  CE: 26.130127  Diversity: 4.349611
[2026-04-26 18:59:49,131][smirk.training.trainer][INFO] - Epoch 32 [0/2500]  KL: 51.144833  CE: 29.134687  Diversity: 4.491353
[2026-04-26 19:00:06,371][smirk.training.trainer][INFO] - Epoch 33 [0/2500]  KL: 50.602856  CE: 28.980253  Diversity: 6.402105
[2026-04-26 19:00:23,008][smirk.training.trainer][INFO] - Epoch 34 [0/2500]  KL: 51.541882  CE: 29.705072  Diversity: 5.613616
[2026-04-26 19:00:39,353][smirk.training.trainer][INFO] - Epoch 35 [0/2500]  KL: 50.785084  CE: 29.515551  Diversity: 5.501149
[2026-04-26 19:00:55,913][smirk.training.trainer][INFO] - Epoch 36 [0/2500]  KL: 45.085526  CE: 27.361135  Diversity: 6.823807
[2026-04-26 19:01:13,539][smirk.training.trainer][INFO] - Epoch 37 [0/2500]  KL: 50.604317  CE: 29.573750  Diversity: 4.677863
[2026-04-26 19:01:30,146][smirk.training.trainer][INFO] - Epoch 38 [0/2500]  KL: 50.460777  CE: 29.729733  Diversity: 6.133437
[2026-04-26 19:01:46,729][smirk.training.trainer][INFO] - Epoch 39 [0/2500]  KL: 48.024693  CE: 29.703932  Diversity: 4.723093
[2026-04-26 19:02:03,304][smirk.training.trainer][INFO] - Epoch 40 [0/2500]  KL: 49.742111  CE: 29.260626  Diversity: 6.499560
[2026-04-26 19:02:19,960][smirk.training.trainer][INFO] - Epoch 41 [0/2500]  KL: 46.729424  CE: 27.449953  Diversity: 4.977595
[2026-04-26 19:02:36,576][smirk.training.trainer][INFO] - Epoch 42 [0/2500]  KL: 41.337486  CE: 27.553411  Diversity: 5.215213
[2026-04-26 19:02:53,024][smirk.training.trainer][INFO] - Epoch 43 [0/2500]  KL: 40.969673  CE: 25.422258  Diversity: 6.472684
[2026-04-26 19:03:09,169][smirk.training.trainer][INFO] - Epoch 44 [0/2500]  KL: 46.813442  CE: 28.788565  Diversity: 5.468534
[2026-04-26 19:03:25,463][smirk.training.trainer][INFO] - Epoch 45 [0/2500]  KL: 43.184345  CE: 26.547506  Diversity: 5.291175
[2026-04-26 19:03:42,259][smirk.training.trainer][INFO] - Epoch 46 [0/2500]  KL: 43.620876  CE: 28.732700  Diversity: 5.009710
[2026-04-26 19:03:59,278][smirk.training.trainer][INFO] - Epoch 47 [0/2500]  KL: 39.602116  CE: 25.772337  Diversity: 7.177900
[2026-04-26 19:04:18,148][smirk.training.trainer][INFO] - Epoch 48 [0/2500]  KL: 43.883034  CE: 27.755888  Diversity: 5.308468
[2026-04-26 19:04:35,473][smirk.training.trainer][INFO] - Epoch 49 [0/2500]  KL: 49.095459  CE: 29.979031  Diversity: 4.271438
[2026-04-26 19:04:52,614][smirk.training.trainer][INFO] - Epoch 50 [0/2500]  KL: 50.438309  CE: 31.292707  Diversity: 3.809011
[2026-04-26 19:09:06,944][smirk.training.trainer][INFO] - Test — loss: 182.9758 | Top-1: 2/31419 (0.01%) | Top-5: 13/31419 (0.04%)
[2026-04-26 19:09:07,861][smirk.training.trainer][INFO] - Epoch 51 [0/2500]  KL: 41.155460  CE: 25.122326  Diversity: 3.971099
[2026-04-26 19:09:25,675][smirk.training.trainer][INFO] - Epoch 52 [0/2500]  KL: 41.039749  CE: 25.819593  Diversity: 5.348906
[2026-04-26 19:09:42,632][smirk.training.trainer][INFO] - Epoch 53 [0/2500]  KL: 50.833748  CE: 33.963486  Diversity: 4.939104
[2026-04-26 19:09:59,570][smirk.training.trainer][INFO] - Epoch 54 [0/2500]  KL: 44.793594  CE: 27.084150  Diversity: 5.158643
[2026-04-26 19:10:17,064][smirk.training.trainer][INFO] - Epoch 55 [0/2500]  KL: 40.328278  CE: 26.303921  Diversity: 4.366369
[2026-04-26 19:10:34,364][smirk.training.trainer][INFO] - Epoch 56 [0/2500]  KL: 44.553154  CE: 28.802691  Diversity: 5.183162
[2026-04-26 19:10:51,041][smirk.training.trainer][INFO] - Epoch 57 [0/2500]  KL: 46.741428  CE: 28.709185  Diversity: 2.813917
[2026-04-26 19:11:08,094][smirk.training.trainer][INFO] - Epoch 58 [0/2500]  KL: 41.089985  CE: 27.019083  Diversity: 5.094709
[2026-04-26 19:11:24,496][smirk.training.trainer][INFO] - Epoch 59 [0/2500]  KL: 48.720909  CE: 31.381975  Diversity: 4.783296
[2026-04-26 19:11:41,000][smirk.training.trainer][INFO] - Epoch 60 [0/2500]  KL: 51.075691  CE: 30.098457  Diversity: 3.869459
[2026-04-26 19:11:57,304][smirk.training.trainer][INFO] - Epoch 61 [0/2500]  KL: 42.572174  CE: 27.197260  Diversity: 3.921234
[2026-04-26 19:12:13,939][smirk.training.trainer][INFO] - Epoch 62 [0/2500]  KL: 39.303467  CE: 26.998142  Diversity: 3.943040
[2026-04-26 19:12:30,719][smirk.training.trainer][INFO] - Epoch 63 [0/2500]  KL: 47.000076  CE: 29.630028  Diversity: 3.916629
[2026-04-26 19:12:47,354][smirk.training.trainer][INFO] - Epoch 64 [0/2500]  KL: 45.944786  CE: 28.874884  Diversity: 4.838016
[2026-04-26 19:13:04,263][smirk.training.trainer][INFO] - Epoch 65 [0/2500]  KL: 40.742546  CE: 26.471840  Diversity: 4.361540
[2026-04-26 19:13:21,112][smirk.training.trainer][INFO] - Epoch 66 [0/2500]  KL: 46.906128  CE: 29.540373  Diversity: 3.705025
[2026-04-26 19:13:37,927][smirk.training.trainer][INFO] - Epoch 67 [0/2500]  KL: 38.950378  CE: 26.581789  Diversity: 3.376941
[2026-04-26 19:13:54,611][smirk.training.trainer][INFO] - Epoch 68 [0/2500]  KL: 44.787544  CE: 30.357821  Diversity: 3.869423
[2026-04-26 19:14:12,204][smirk.training.trainer][INFO] - Epoch 69 [0/2500]  KL: 44.367943  CE: 28.110083  Diversity: 4.816585
[2026-04-26 19:14:28,761][smirk.training.trainer][INFO] - Epoch 70 [0/2500]  KL: 47.165657  CE: 29.909525  Diversity: 4.167487
[2026-04-26 19:14:45,138][smirk.training.trainer][INFO] - Epoch 71 [0/2500]  KL: 41.605022  CE: 27.061255  Diversity: 5.627260
[2026-04-26 19:15:01,629][smirk.training.trainer][INFO] - Epoch 72 [0/2500]  KL: 38.467987  CE: 26.446493  Diversity: 3.671708
[2026-04-26 19:15:18,921][smirk.training.trainer][INFO] - Epoch 73 [0/2500]  KL: 43.005611  CE: 28.663984  Diversity: 2.642500
[2026-04-26 19:15:36,051][smirk.training.trainer][INFO] - Epoch 74 [0/2500]  KL: 36.023117  CE: 25.911005  Diversity: 4.114067
[2026-04-26 19:15:52,790][smirk.training.trainer][INFO] - Epoch 75 [0/2500]  KL: 39.931400  CE: 25.668673  Diversity: 3.122284
[2026-04-26 19:20:07,627][smirk.training.trainer][INFO] - Test — loss: 194.6078 | Top-1: 3/31419 (0.01%) | Top-5: 23/31419 (0.07%)
[2026-04-26 19:20:09,460][smirk.training.trainer][INFO] - Epoch 76 [0/2500]  KL: 39.717361  CE: 25.410837  Diversity: 2.853959
[2026-04-26 19:20:26,718][smirk.training.trainer][INFO] - Epoch 77 [0/2500]  KL: 40.564159  CE: 26.094273  Diversity: 3.140775
[2026-04-26 19:20:43,175][smirk.training.trainer][INFO] - Epoch 78 [0/2500]  KL: 44.032280  CE: 28.634247  Diversity: 3.918600
[2026-04-26 19:21:00,289][smirk.training.trainer][INFO] - Epoch 79 [0/2500]  KL: 41.639561  CE: 26.159281  Diversity: 4.283451
[2026-04-26 19:21:16,761][smirk.training.trainer][INFO] - Epoch 80 [0/2500]  KL: 44.686417  CE: 29.352953  Diversity: 5.504086
[2026-04-26 19:21:34,398][smirk.training.trainer][INFO] - Epoch 81 [0/2500]  KL: 48.674480  CE: 31.378817  Diversity: 3.784180
[2026-04-26 19:21:51,536][smirk.training.trainer][INFO] - Epoch 82 [0/2500]  KL: 38.207375  CE: 26.232302  Diversity: 4.297688
[2026-04-26 19:22:07,911][smirk.training.trainer][INFO] - Epoch 83 [0/2500]  KL: 38.545525  CE: 26.802082  Diversity: 4.375988
[2026-04-26 19:22:24,465][smirk.training.trainer][INFO] - Epoch 84 [0/2500]  KL: 38.938171  CE: 26.356726  Diversity: 2.812736
[2026-04-26 19:22:41,326][smirk.training.trainer][INFO] - Epoch 85 [0/2500]  KL: 39.492027  CE: 26.679384  Diversity: 3.539816
[2026-04-26 19:22:57,611][smirk.training.trainer][INFO] - Epoch 86 [0/2500]  KL: 39.579414  CE: 26.130575  Diversity: 2.823756
[2026-04-26 19:23:13,887][smirk.training.trainer][INFO] - Epoch 87 [0/2500]  KL: 38.779835  CE: 26.584810  Diversity: 6.079793
[2026-04-26 19:23:30,332][smirk.training.trainer][INFO] - Epoch 88 [0/2500]  KL: 48.183079  CE: 30.124588  Diversity: 4.080736
[2026-04-26 19:23:46,970][smirk.training.trainer][INFO] - Epoch 89 [0/2500]  KL: 38.044762  CE: 27.755556  Diversity: 3.307455
[2026-04-26 19:24:03,226][smirk.training.trainer][INFO] - Epoch 90 [0/2500]  KL: 36.796227  CE: 24.123419  Diversity: 4.498431
[2026-04-26 19:24:22,394][smirk.training.trainer][INFO] - Epoch 91 [0/2500]  KL: 44.016430  CE: 28.758207  Diversity: 3.177608
[2026-04-26 19:24:39,319][smirk.training.trainer][INFO] - Epoch 92 [0/2500]  KL: 39.297394  CE: 27.254784  Diversity: 5.264830
[2026-04-26 19:24:56,134][smirk.training.trainer][INFO] - Epoch 93 [0/2500]  KL: 41.583378  CE: 28.163284  Diversity: 4.065346
[2026-04-26 19:25:12,623][smirk.training.trainer][INFO] - Epoch 94 [0/2500]  KL: 40.591560  CE: 25.839733  Diversity: 3.089230
[2026-04-26 19:25:29,449][smirk.training.trainer][INFO] - Epoch 95 [0/2500]  KL: 40.161640  CE: 28.860588  Diversity: 3.214931
[2026-04-26 19:25:46,714][smirk.training.trainer][INFO] - Epoch 96 [0/2500]  KL: 40.115452  CE: 27.106014  Diversity: 3.973420
[2026-04-26 19:26:03,386][smirk.training.trainer][INFO] - Epoch 97 [0/2500]  KL: 39.840733  CE: 27.379679  Diversity: 3.037982
[2026-04-26 19:26:19,926][smirk.training.trainer][INFO] - Epoch 98 [0/2500]  KL: 40.095032  CE: 27.515598  Diversity: 3.234223
[2026-04-26 19:26:36,454][smirk.training.trainer][INFO] - Epoch 99 [0/2500]  KL: 36.554890  CE: 26.901869  Diversity: 3.037805
[2026-04-26 19:26:53,293][smirk.training.trainer][INFO] - Epoch 100 [0/2500]  KL: 42.346096  CE: 29.189493  Diversity: 4.313515
[2026-04-26 19:31:07,505][smirk.training.trainer][INFO] - Test — loss: 192.0313 | Top-1: 3/31419 (0.01%) | Top-5: 16/31419 (0.05%)
[2026-04-26 19:31:09,904][smirk.training.trainer][INFO] - Epoch 101 [0/2500]  KL: 39.962517  CE: 28.535997  Diversity: 4.190661
[2026-04-26 19:31:27,379][smirk.training.trainer][INFO] - Epoch 102 [0/2500]  KL: 38.637775  CE: 27.194336  Diversity: 3.512740
[2026-04-26 19:31:44,433][smirk.training.trainer][INFO] - Epoch 103 [0/2500]  KL: 39.341877  CE: 27.900574  Diversity: 5.100883
[2026-04-26 19:32:01,748][smirk.training.trainer][INFO] - Epoch 104 [0/2500]  KL: 40.541531  CE: 27.968996  Diversity: 3.660971
[2026-04-26 19:32:18,167][smirk.training.trainer][INFO] - Epoch 105 [0/2500]  KL: 38.922836  CE: 28.056959  Diversity: 2.873076
[2026-04-26 19:32:34,917][smirk.training.trainer][INFO] - Epoch 106 [0/2500]  KL: 32.734966  CE: 24.289965  Diversity: 5.378668
[2026-04-26 19:32:52,166][smirk.training.trainer][INFO] - Epoch 107 [0/2500]  KL: 37.710224  CE: 26.514959  Diversity: 3.904750
[2026-04-26 19:33:09,090][smirk.training.trainer][INFO] - Epoch 108 [0/2500]  KL: 45.241791  CE: 30.345247  Diversity: 3.535745
[2026-04-26 19:33:25,680][smirk.training.trainer][INFO] - Epoch 109 [0/2500]  KL: 38.656925  CE: 27.793245  Diversity: 4.226960
[2026-04-26 19:33:42,413][smirk.training.trainer][INFO] - Epoch 110 [0/2500]  KL: 37.645298  CE: 26.222311  Diversity: 2.969723
[2026-04-26 19:33:59,347][smirk.training.trainer][INFO] - Epoch 111 [0/2500]  KL: 38.861340  CE: 28.078690  Diversity: 3.721159
[2026-04-26 19:34:18,176][smirk.training.trainer][INFO] - Epoch 112 [0/2500]  KL: 39.808228  CE: 27.527409  Diversity: 2.836846
[2026-04-26 19:34:34,544][smirk.training.trainer][INFO] - Epoch 113 [0/2500]  KL: 39.408676  CE: 27.301687  Diversity: 3.395510
[2026-04-26 19:34:51,463][smirk.training.trainer][INFO] - Epoch 114 [0/2500]  KL: 41.872913  CE: 30.543156  Diversity: 3.169265
[2026-04-26 19:35:08,269][smirk.training.trainer][INFO] - Epoch 115 [0/2500]  KL: 37.489513  CE: 25.325413  Diversity: 2.996273
[2026-04-26 19:35:24,688][smirk.training.trainer][INFO] - Epoch 116 [0/2500]  KL: 40.863907  CE: 29.189865  Diversity: 2.973992
[2026-04-26 19:35:41,638][smirk.training.trainer][INFO] - Epoch 117 [0/2500]  KL: 38.147984  CE: 26.162729  Diversity: 2.592559
[2026-04-26 19:35:58,133][smirk.training.trainer][INFO] - Epoch 118 [0/2500]  KL: 37.632507  CE: 26.461561  Diversity: 2.879241
[2026-04-26 19:36:14,247][smirk.training.trainer][INFO] - Epoch 119 [0/2500]  KL: 36.276974  CE: 27.347183  Diversity: 4.781471
[2026-04-26 19:36:30,435][smirk.training.trainer][INFO] - Epoch 120 [0/2500]  KL: 42.458141  CE: 28.626816  Diversity: 2.402445
[2026-04-26 19:36:46,527][smirk.training.trainer][INFO] - Epoch 121 [0/2500]  KL: 36.043839  CE: 26.449949  Diversity: 2.599561
[2026-04-26 19:37:02,623][smirk.training.trainer][INFO] - Epoch 122 [0/2500]  KL: 35.416973  CE: 25.632109  Diversity: 3.092773
[2026-04-26 19:37:18,752][smirk.training.trainer][INFO] - Epoch 123 [0/2500]  KL: 39.818550  CE: 28.139029  Diversity: 3.145275
[2026-04-26 19:37:34,675][smirk.training.trainer][INFO] - Epoch 124 [0/2500]  KL: 38.724762  CE: 26.562031  Diversity: 4.752984
[2026-04-26 19:37:50,579][smirk.training.trainer][INFO] - Epoch 125 [0/2500]  KL: 39.760460  CE: 27.778481  Diversity: 3.320370
[2026-04-26 19:41:56,574][smirk.training.trainer][INFO] - Test — loss: 181.1041 | Top-1: 2/31419 (0.01%) | Top-5: 23/31419 (0.07%)
[2026-04-26 19:41:58,064][smirk.training.trainer][INFO] - Epoch 126 [0/2500]  KL: 34.800804  CE: 25.544882  Diversity: 3.459893
[2026-04-26 19:42:15,763][smirk.training.trainer][INFO] - Epoch 127 [0/2500]  KL: 41.386696  CE: 29.553757  Diversity: 2.395495
[2026-04-26 19:42:32,370][smirk.training.trainer][INFO] - Epoch 128 [0/2500]  KL: 37.828701  CE: 27.484901  Diversity: 3.783396
[2026-04-26 19:42:48,771][smirk.training.trainer][INFO] - Epoch 129 [0/2500]  KL: 36.362415  CE: 27.389942  Diversity: 2.772681
[2026-04-26 19:43:05,174][smirk.training.trainer][INFO] - Epoch 130 [0/2500]  KL: 36.691986  CE: 25.663500  Diversity: 2.332910
[2026-04-26 19:43:22,006][smirk.training.trainer][INFO] - Epoch 131 [0/2500]  KL: 40.017399  CE: 27.796492  Diversity: 2.906271
[2026-04-26 19:43:39,105][smirk.training.trainer][INFO] - Epoch 132 [0/2500]  KL: 35.501614  CE: 25.143429  Diversity: 3.809011
[2026-04-26 19:43:56,446][smirk.training.trainer][INFO] - Epoch 133 [0/2500]  KL: 37.631489  CE: 26.661680  Diversity: 2.326812
[2026-04-26 19:44:13,995][smirk.training.trainer][INFO] - Epoch 134 [0/2500]  KL: 38.727024  CE: 26.103800  Diversity: 2.277916
[2026-04-26 19:44:30,582][smirk.training.trainer][INFO] - Epoch 135 [0/2500]  KL: 36.320404  CE: 26.741507  Diversity: 3.419775
[2026-04-26 19:44:47,183][smirk.training.trainer][INFO] - Epoch 136 [0/2500]  KL: 35.510330  CE: 25.205925  Diversity: 2.678378
[2026-04-26 19:45:03,969][smirk.training.trainer][INFO] - Epoch 137 [0/2500]  KL: 36.607445  CE: 27.285662  Diversity: 3.099956
[2026-04-26 19:45:20,751][smirk.training.trainer][INFO] - Epoch 138 [0/2500]  KL: 35.776825  CE: 26.700583  Diversity: 4.868278
[2026-04-26 19:45:37,547][smirk.training.trainer][INFO] - Epoch 139 [0/2500]  KL: 34.215965  CE: 24.266861  Diversity: 3.224486
[2026-04-26 19:45:54,402][smirk.training.trainer][INFO] - Epoch 140 [0/2500]  KL: 40.532520  CE: 28.140512  Diversity: 2.900821
[2026-04-26 19:46:11,187][smirk.training.trainer][INFO] - Epoch 141 [0/2500]  KL: 36.487030  CE: 27.513929  Diversity: 3.333022
[2026-04-26 19:46:27,758][smirk.training.trainer][INFO] - Epoch 142 [0/2500]  KL: 39.938419  CE: 26.937111  Diversity: 3.062286
[2026-04-26 19:46:44,726][smirk.training.trainer][INFO] - Epoch 143 [0/2500]  KL: 35.480701  CE: 27.304903  Diversity: 4.115800
[2026-04-26 19:47:02,312][smirk.training.trainer][INFO] - Epoch 144 [0/2500]  KL: 38.755753  CE: 27.294153  Diversity: 2.979171
[2026-04-26 19:47:19,710][smirk.training.trainer][INFO] - Epoch 145 [0/2500]  KL: 37.854454  CE: 27.687471  Diversity: 4.468109
[2026-04-26 19:47:36,383][smirk.training.trainer][INFO] - Epoch 146 [0/2500]  KL: 37.009102  CE: 28.056149  Diversity: 3.261791
[2026-04-26 19:47:53,303][smirk.training.trainer][INFO] - Epoch 147 [0/2500]  KL: 39.313545  CE: 27.859755  Diversity: 2.508797
[2026-04-26 19:48:10,727][smirk.training.trainer][INFO] - Epoch 148 [0/2500]  KL: 39.116829  CE: 28.097961  Diversity: 2.696577
[2026-04-26 19:48:27,203][smirk.training.trainer][INFO] - Epoch 149 [0/2500]  KL: 40.044857  CE: 28.818735  Diversity: 2.675864
[2026-04-26 19:48:43,832][smirk.training.trainer][INFO] - Epoch 150 [0/2500]  KL: 40.325340  CE: 28.127613  Diversity: 2.210865
[2026-04-26 19:53:14,685][smirk.training.trainer][INFO] - Test — loss: 181.4177 | Top-1: 5/31419 (0.02%) | Top-5: 18/31419 (0.06%)
[2026-04-26 19:53:14,691][smirk.training.trainer][INFO] - New best accuracy: 0.0159
[2026-04-26 19:53:16,353][smirk.training.trainer][INFO] - Epoch 151 [0/2500]  KL: 36.571362  CE: 28.040071  Diversity: 3.726070
[2026-04-26 19:53:33,594][smirk.training.trainer][INFO] - Epoch 152 [0/2500]  KL: 40.257980  CE: 28.857357  Diversity: 2.690670
[2026-04-26 19:53:51,734][smirk.training.trainer][INFO] - Epoch 153 [0/2500]  KL: 34.786774  CE: 25.929981  Diversity: 3.461175
[2026-04-26 19:54:09,210][smirk.training.trainer][INFO] - Epoch 154 [0/2500]  KL: 41.511723  CE: 29.318796  Diversity: 3.283710
[2026-04-26 19:54:26,894][smirk.training.trainer][INFO] - Epoch 155 [0/2500]  KL: 37.937065  CE: 27.513525  Diversity: 2.444903
[2026-04-26 19:54:43,907][smirk.training.trainer][INFO] - Epoch 156 [0/2500]  KL: 36.287186  CE: 26.017723  Diversity: 2.022605
[2026-04-26 19:55:00,483][smirk.training.trainer][INFO] - Epoch 157 [0/2500]  KL: 39.446426  CE: 27.452188  Diversity: 2.197343
[2026-04-26 19:55:18,384][smirk.training.trainer][INFO] - Epoch 158 [0/2500]  KL: 37.593052  CE: 27.885906  Diversity: 2.357985
[2026-04-26 19:55:35,194][smirk.training.trainer][INFO] - Epoch 159 [0/2500]  KL: 36.766434  CE: 27.243866  Diversity: 2.689472
[2026-04-26 19:55:51,894][smirk.training.trainer][INFO] - Epoch 160 [0/2500]  KL: 37.646118  CE: 27.475859  Diversity: 3.769635
[2026-04-26 19:56:08,435][smirk.training.trainer][INFO] - Epoch 161 [0/2500]  KL: 37.467453  CE: 28.089222  Diversity: 2.896018
[2026-04-26 19:56:25,214][smirk.training.trainer][INFO] - Epoch 162 [0/2500]  KL: 31.631317  CE: 26.076929  Diversity: 3.440929
[2026-04-26 19:56:42,553][smirk.training.trainer][INFO] - Epoch 163 [0/2500]  KL: 38.278221  CE: 29.568012  Diversity: 2.650506
[2026-04-26 19:56:59,305][smirk.training.trainer][INFO] - Epoch 164 [0/2500]  KL: 39.947498  CE: 28.922932  Diversity: 1.898844
[2026-04-26 19:57:16,095][smirk.training.trainer][INFO] - Epoch 165 [0/2500]  KL: 37.839615  CE: 25.157885  Diversity: 2.919179
[2026-04-26 19:57:32,558][smirk.training.trainer][INFO] - Epoch 166 [0/2500]  KL: 35.111889  CE: 26.160654  Diversity: 2.507081
[2026-04-26 19:57:49,153][smirk.training.trainer][INFO] - Epoch 167 [0/2500]  KL: 37.052582  CE: 26.778782  Diversity: 3.630772
[2026-04-26 19:58:06,331][smirk.training.trainer][INFO] - Epoch 168 [0/2500]  KL: 36.868660  CE: 27.050209  Diversity: 4.274307
[2026-04-26 19:58:22,908][smirk.training.trainer][INFO] - Epoch 169 [0/2500]  KL: 35.449295  CE: 26.243496  Diversity: 3.622691
[2026-04-26 19:58:39,356][smirk.training.trainer][INFO] - Epoch 170 [0/2500]  KL: 36.090809  CE: 26.041710  Diversity: 2.538279
[2026-04-26 19:58:55,794][smirk.training.trainer][INFO] - Epoch 171 [0/2500]  KL: 35.449425  CE: 26.402500  Diversity: 2.882650
[2026-04-26 19:59:13,041][smirk.training.trainer][INFO] - Epoch 172 [0/2500]  KL: 37.524940  CE: 27.601938  Diversity: 3.179304
[2026-04-26 19:59:30,239][smirk.training.trainer][INFO] - Epoch 173 [0/2500]  KL: 36.504044  CE: 25.537575  Diversity: 2.570131
[2026-04-26 19:59:47,053][smirk.training.trainer][INFO] - Epoch 174 [0/2500]  KL: 33.556305  CE: 25.747744  Diversity: 2.460865
[2026-04-26 20:00:04,243][smirk.training.trainer][INFO] - Epoch 175 [0/2500]  KL: 36.407726  CE: 27.778561  Diversity: 3.827408
[2026-04-26 20:04:40,270][smirk.training.trainer][INFO] - Test — loss: 183.2059 | Top-1: 3/31419 (0.01%) | Top-5: 22/31419 (0.07%)
[2026-04-26 20:04:41,132][smirk.training.trainer][INFO] - Epoch 176 [0/2500]  KL: 33.521732  CE: 26.255659  Diversity: 2.606218
[2026-04-26 20:04:58,325][smirk.training.trainer][INFO] - Epoch 177 [0/2500]  KL: 33.253418  CE: 26.001381  Diversity: 5.471087
[2026-04-26 20:05:17,066][smirk.training.trainer][INFO] - Epoch 178 [0/2500]  KL: 36.243690  CE: 27.305502  Diversity: 1.954822
[2026-04-26 20:05:33,741][smirk.training.trainer][INFO] - Epoch 179 [0/2500]  KL: 36.039829  CE: 26.811604  Diversity: 3.538737
[2026-04-26 20:05:50,126][smirk.training.trainer][INFO] - Epoch 180 [0/2500]  KL: 39.472469  CE: 27.822126  Diversity: 1.888449
[2026-04-26 20:06:07,399][smirk.training.trainer][INFO] - Epoch 181 [0/2500]  KL: 31.346235  CE: 24.310333  Diversity: 2.702620
[2026-04-26 20:06:24,182][smirk.training.trainer][INFO] - Epoch 182 [0/2500]  KL: 35.597889  CE: 25.319201  Diversity: 2.729996
[2026-04-26 20:06:40,971][smirk.training.trainer][INFO] - Epoch 183 [0/2500]  KL: 34.037239  CE: 26.552830  Diversity: 2.556822
[2026-04-26 20:06:57,976][smirk.training.trainer][INFO] - Epoch 184 [0/2500]  KL: 34.582836  CE: 26.021572  Diversity: 4.466818
[2026-04-26 20:07:14,728][smirk.training.trainer][INFO] - Epoch 185 [0/2500]  KL: 37.521023  CE: 27.627405  Diversity: 2.256322
[2026-04-26 20:07:31,569][smirk.training.trainer][INFO] - Epoch 186 [0/2500]  KL: 36.383350  CE: 26.540796  Diversity: 3.247247
[2026-04-26 20:07:48,378][smirk.training.trainer][INFO] - Epoch 187 [0/2500]  KL: 35.480736  CE: 26.995918  Diversity: 3.263204
[2026-04-26 20:08:05,541][smirk.training.trainer][INFO] - Epoch 188 [0/2500]  KL: 36.851814  CE: 27.745272  Diversity: 2.290828
[2026-04-26 20:08:22,421][smirk.training.trainer][INFO] - Epoch 189 [0/2500]  KL: 34.506359  CE: 24.830448  Diversity: 2.417964
[2026-04-26 20:08:38,998][smirk.training.trainer][INFO] - Epoch 190 [0/2500]  KL: 36.806984  CE: 28.357616  Diversity: 3.229241
[2026-04-26 20:08:55,858][smirk.training.trainer][INFO] - Epoch 191 [0/2500]  KL: 40.376480  CE: 30.685606  Diversity: 2.253678
[2026-04-26 20:09:13,415][smirk.training.trainer][INFO] - Epoch 192 [0/2500]  KL: 33.987011  CE: 25.572363  Diversity: 3.067769
[2026-04-26 20:09:30,376][smirk.training.trainer][INFO] - Epoch 193 [0/2500]  KL: 38.389820  CE: 29.635633  Diversity: 2.723997
[2026-04-26 20:09:47,216][smirk.training.trainer][INFO] - Epoch 194 [0/2500]  KL: 34.968136  CE: 23.866302  Diversity: 1.758446
[2026-04-26 20:10:04,098][smirk.training.trainer][INFO] - Epoch 195 [0/2500]  KL: 39.464539  CE: 27.984377  Diversity: 2.814266
[2026-04-26 20:10:20,686][smirk.training.trainer][INFO] - Epoch 196 [0/2500]  KL: 35.242859  CE: 27.134027  Diversity: 2.315055
[2026-04-26 20:10:37,796][smirk.training.trainer][INFO] - Epoch 197 [0/2500]  KL: 37.604820  CE: 28.266020  Diversity: 3.201924
[2026-04-26 20:10:54,352][smirk.training.trainer][INFO] - Epoch 198 [0/2500]  KL: 35.582054  CE: 25.879602  Diversity: 2.215917
[2026-04-26 20:11:11,017][smirk.training.trainer][INFO] - Epoch 199 [0/2500]  KL: 39.743530  CE: 28.059725  Diversity: 2.542655
[2026-04-26 20:15:29,800][smirk.training.trainer][INFO] - Test — loss: 191.5966 | Top-1: 2/31419 (0.01%) | Top-5: 18/31419 (0.06%)
[2026-04-26 20:15:30,142][__main__][INFO] - Training complete. Checkpoints and manifest saved to /scratch/users/u03kj22/SMIRK/output/surrogate_model_checkpoints/inception_resnetv1_casia
