/scratch/users/u03kj22/SMIRK/model_architectures/resnet50_scratch_dag.py:187: UserWarning: This overload of add is deprecated:
	add(Tensor input, Number alpha, Tensor other, *, Tensor out)
Consider using one of the following signatures instead:
	add(Tensor input, Tensor other, *, Number alpha, Tensor out) (Triggered internally at ../torch/csrc/utils/python_arg_parser.cpp:1630.)
  conv2_1 = torch.add(conv2_1_1x1_proj_bn, 1, conv2_1_1x1_increase_bn)
/scratch/users/u03kj22/SMIRK/model_architectures/resnet50_scratch_dag.py:187: UserWarning: This overload of add is deprecated:
	add(Tensor input, Number alpha, Tensor other, *, Tensor out)
Consider using one of the following signatures instead:
	add(Tensor input, Tensor other, *, Number alpha, Tensor out) (Triggered internally at ../torch/csrc/utils/python_arg_parser.cpp:1630.)
  conv2_1 = torch.add(conv2_1_1x1_proj_bn, 1, conv2_1_1x1_increase_bn)
/scratch/users/u03kj22/SMIRK/model_architectures/resnet50_scratch_dag.py:187: UserWarning: This overload of add is deprecated:
	add(Tensor input, Number alpha, Tensor other, *, Tensor out)
Consider using one of the following signatures instead:
	add(Tensor input, Tensor other, *, Number alpha, Tensor out) (Triggered internally at ../torch/csrc/utils/python_arg_parser.cpp:1630.)
  conv2_1 = torch.add(conv2_1_1x1_proj_bn, 1, conv2_1_1x1_increase_bn)
/scratch/users/u03kj22/SMIRK/model_architectures/resnet50_scratch_dag.py:187: UserWarning: This overload of add is deprecated:
	add(Tensor input, Number alpha, Tensor other, *, Tensor out)
Consider using one of the following signatures instead:
	add(Tensor input, Tensor other, *, Number alpha, Tensor out) (Triggered internally at ../torch/csrc/utils/python_arg_parser.cpp:1630.)
  conv2_1 = torch.add(conv2_1_1x1_proj_bn, 1, conv2_1_1x1_increase_bn)
/scratch/users/u03kj22/SMIRK/model_architectures/resnet50_scratch_dag.py:187: UserWarning: This overload of add is deprecated:
	add(Tensor input, Number alpha, Tensor other, *, Tensor out)
Consider using one of the following signatures instead:
	add(Tensor input, Tensor other, *, Number alpha, Tensor out) (Triggered internally at ../torch/csrc/utils/python_arg_parser.cpp:1630.)
  conv2_1 = torch.add(conv2_1_1x1_proj_bn, 1, conv2_1_1x1_increase_bn)
/scratch/users/u03kj22/SMIRK/model_architectures/resnet50_scratch_dag.py:187: UserWarning: This overload of add is deprecated:
	add(Tensor input, Number alpha, Tensor other, *, Tensor out)
Consider using one of the following signatures instead:
	add(Tensor input, Tensor other, *, Number alpha, Tensor out) (Triggered internally at ../torch/csrc/utils/python_arg_parser.cpp:1630.)
  conv2_1 = torch.add(conv2_1_1x1_proj_bn, 1, conv2_1_1x1_increase_bn)
/scratch/users/u03kj22/SMIRK/model_architectures/resnet50_scratch_dag.py:187: UserWarning: This overload of add is deprecated:
	add(Tensor input, Number alpha, Tensor other, *, Tensor out)
Consider using one of the following signatures instead:
	add(Tensor input, Tensor other, *, Number alpha, Tensor out) (Triggered internally at ../torch/csrc/utils/python_arg_parser.cpp:1630.)
  conv2_1 = torch.add(conv2_1_1x1_proj_bn, 1, conv2_1_1x1_increase_bn)
/scratch/users/u03kj22/SMIRK/model_architectures/resnet50_scratch_dag.py:187: UserWarning: This overload of add is deprecated:
	add(Tensor input, Number alpha, Tensor other, *, Tensor out)
Consider using one of the following signatures instead:
	add(Tensor input, Tensor other, *, Number alpha, Tensor out) (Triggered internally at ../torch/csrc/utils/python_arg_parser.cpp:1630.)
  conv2_1 = torch.add(conv2_1_1x1_proj_bn, 1, conv2_1_1x1_increase_bn)
/scratch/users/u03kj22/SMIRK/model_architectures/resnet50_scratch_dag.py:187: UserWarning: This overload of add is deprecated:
	add(Tensor input, Number alpha, Tensor other, *, Tensor out)
Consider using one of the following signatures instead:
	add(Tensor input, Tensor other, *, Number alpha, Tensor out) (Triggered internally at ../torch/csrc/utils/python_arg_parser.cpp:1630.)
  conv2_1 = torch.add(conv2_1_1x1_proj_bn, 1, conv2_1_1x1_increase_bn)
/scratch/users/u03kj22/SMIRK/model_architectures/resnet50_scratch_dag.py:187: UserWarning: This overload of add is deprecated:
	add(Tensor input, Number alpha, Tensor other, *, Tensor out)
Consider using one of the following signatures instead:
	add(Tensor input, Tensor other, *, Number alpha, Tensor out) (Triggered internally at ../torch/csrc/utils/python_arg_parser.cpp:1630.)
  conv2_1 = torch.add(conv2_1_1x1_proj_bn, 1, conv2_1_1x1_increase_bn)
/scratch/users/u03kj22/SMIRK/model_architectures/resnet50_scratch_dag.py:187: UserWarning: This overload of add is deprecated:
	add(Tensor input, Number alpha, Tensor other, *, Tensor out)
Consider using one of the following signatures instead:
	add(Tensor input, Tensor other, *, Number alpha, Tensor out) (Triggered internally at ../torch/csrc/utils/python_arg_parser.cpp:1630.)
  conv2_1 = torch.add(conv2_1_1x1_proj_bn, 1, conv2_1_1x1_increase_bn)
/scratch/users/u03kj22/SMIRK/model_architectures/resnet50_scratch_dag.py:187: UserWarning: This overload of add is deprecated:
	add(Tensor input, Number alpha, Tensor other, *, Tensor out)
Consider using one of the following signatures instead:
	add(Tensor input, Tensor other, *, Number alpha, Tensor out) (Triggered internally at ../torch/csrc/utils/python_arg_parser.cpp:1630.)
  conv2_1 = torch.add(conv2_1_1x1_proj_bn, 1, conv2_1_1x1_increase_bn)
/scratch/users/u03kj22/SMIRK/model_architectures/resnet50_scratch_dag.py:187: UserWarning: This overload of add is deprecated:
	add(Tensor input, Number alpha, Tensor other, *, Tensor out)
Consider using one of the following signatures instead:
	add(Tensor input, Tensor other, *, Number alpha, Tensor out) (Triggered internally at ../torch/csrc/utils/python_arg_parser.cpp:1630.)
  conv2_1 = torch.add(conv2_1_1x1_proj_bn, 1, conv2_1_1x1_increase_bn)
/scratch/users/u03kj22/SMIRK/model_architectures/resnet50_scratch_dag.py:187: UserWarning: This overload of add is deprecated:
	add(Tensor input, Number alpha, Tensor other, *, Tensor out)
Consider using one of the following signatures instead:
	add(Tensor input, Tensor other, *, Number alpha, Tensor out) (Triggered internally at ../torch/csrc/utils/python_arg_parser.cpp:1630.)
  conv2_1 = torch.add(conv2_1_1x1_proj_bn, 1, conv2_1_1x1_increase_bn)
/scratch/users/u03kj22/SMIRK/model_architectures/resnet50_scratch_dag.py:187: UserWarning: This overload of add is deprecated:
	add(Tensor input, Number alpha, Tensor other, *, Tensor out)
Consider using one of the following signatures instead:
	add(Tensor input, Tensor other, *, Number alpha, Tensor out) (Triggered internally at ../torch/csrc/utils/python_arg_parser.cpp:1630.)
  conv2_1 = torch.add(conv2_1_1x1_proj_bn, 1, conv2_1_1x1_increase_bn)
/scratch/users/u03kj22/SMIRK/model_architectures/resnet50_scratch_dag.py:187: UserWarning: This overload of add is deprecated:
	add(Tensor input, Number alpha, Tensor other, *, Tensor out)
Consider using one of the following signatures instead:
	add(Tensor input, Tensor other, *, Number alpha, Tensor out) (Triggered internally at ../torch/csrc/utils/python_arg_parser.cpp:1630.)
  conv2_1 = torch.add(conv2_1_1x1_proj_bn, 1, conv2_1_1x1_increase_bn)
/scratch/users/u03kj22/SMIRK/model_architectures/resnet50_scratch_dag.py:187: UserWarning: This overload of add is deprecated:
	add(Tensor input, Number alpha, Tensor other, *, Tensor out)
Consider using one of the following signatures instead:
	add(Tensor input, Tensor other, *, Number alpha, Tensor out) (Triggered internally at ../torch/csrc/utils/python_arg_parser.cpp:1630.)
  conv2_1 = torch.add(conv2_1_1x1_proj_bn, 1, conv2_1_1x1_increase_bn)
/scratch/users/u03kj22/SMIRK/model_architectures/resnet50_scratch_dag.py:187: UserWarning: This overload of add is deprecated:
	add(Tensor input, Number alpha, Tensor other, *, Tensor out)
Consider using one of the following signatures instead:
	add(Tensor input, Tensor other, *, Number alpha, Tensor out) (Triggered internally at ../torch/csrc/utils/python_arg_parser.cpp:1630.)
  conv2_1 = torch.add(conv2_1_1x1_proj_bn, 1, conv2_1_1x1_increase_bn)
/scratch/users/u03kj22/SMIRK/model_architectures/resnet50_scratch_dag.py:187: UserWarning: This overload of add is deprecated:
	add(Tensor input, Number alpha, Tensor other, *, Tensor out)
Consider using one of the following signatures instead:
	add(Tensor input, Tensor other, *, Number alpha, Tensor out) (Triggered internally at ../torch/csrc/utils/python_arg_parser.cpp:1630.)
  conv2_1 = torch.add(conv2_1_1x1_proj_bn, 1, conv2_1_1x1_increase_bn)
/scratch/users/u03kj22/SMIRK/model_architectures/resnet50_scratch_dag.py:187: UserWarning: This overload of add is deprecated:
	add(Tensor input, Number alpha, Tensor other, *, Tensor out)
Consider using one of the following signatures instead:
	add(Tensor input, Tensor other, *, Number alpha, Tensor out) (Triggered internally at ../torch/csrc/utils/python_arg_parser.cpp:1630.)
  conv2_1 = torch.add(conv2_1_1x1_proj_bn, 1, conv2_1_1x1_increase_bn)
