[2026-04-26 11:30:05,338][__main__][INFO] - Using device: cuda
Namespace(model_name='stylegan_celeba_partial256', save_dir=None, num=100, batch_size=100, seed=0, trunc_psi=0.7, trunc_layers=8, randomize_noise=False)
Building generator for model `stylegan_celeba_partial256` ...
Finish building generator.
Loading checkpoint from `/scratch/users/u03kj22/SMIRK/smirk/genforce/checkpoints/stylegan_celeba_partial256.pth` ...
Finish loading checkpoint.
[2026-04-26 11:30:43,879][__main__][INFO] - Using device: cuda
[2026-04-26 11:31:26,032][__main__][INFO] - Using device: cuda
[2026-04-26 11:32:04,047][__main__][INFO] - Using device: cuda
Namespace(model_name='stylegan_celeba_partial256', save_dir=None, num=100, batch_size=100, seed=0, trunc_psi=0.7, trunc_layers=8, randomize_noise=False)
Building generator for model `stylegan_celeba_partial256` ...
Finish building generator.
Loading checkpoint from `/scratch/users/u03kj22/SMIRK/smirk/genforce/checkpoints/stylegan_celeba_partial256.pth` ...
Finish loading checkpoint.
[2026-04-26 11:32:45,399][__main__][INFO] - Using device: cuda
[2026-04-26 11:32:46,147][__main__][INFO] - Processing target 8
[2026-04-26 11:32:49,432][__main__][INFO] -   0.pt: ASR=False, fitness_score=-9.318522453308105
[2026-04-26 11:32:49,450][__main__][INFO] -   1000.pt: ASR=False, fitness_score=-9.252562522888184
[2026-04-26 11:32:49,465][__main__][INFO] -   1500.pt: ASR=False, fitness_score=-9.251302719116211
[2026-04-26 11:32:49,480][__main__][INFO] -   2000.pt: ASR=False, fitness_score=-9.252127647399902
[2026-04-26 11:32:49,495][__main__][INFO] -   500.pt: ASR=False, fitness_score=-9.23259162902832
[2026-04-26 11:32:49,510][__main__][INFO] -   final.pt: ASR=False, fitness_score=-9.255090713500977
[2026-04-26 11:32:49,525][__main__][INFO] -   original.pt: ASR=False, fitness_score=-9.318522453308105
[2026-04-26 11:32:49,529][__main__][INFO] - Evaluation results saved to /scratch/users/u03kj22/SMIRK/output/attacks/inception_resnetv1_casia -> inception_resnetv1_vggface2/SMILE+SMILE/evaluation_results.csv
[2026-04-26 11:32:49,530][__main__][INFO] - Summary: 0/7 successful attacks (ASR: 0.00%)
