[2026-04-26 10:14:04,990][__main__][INFO] - Using device: cpu
Namespace(model_name='stylegan_celeba_partial256', save_dir=None, num=100, batch_size=100, seed=0, trunc_psi=0.7, trunc_layers=8, randomize_noise=False)
Building generator for model `stylegan_celeba_partial256` ...
Finish building generator.
Loading checkpoint from `/scratch/users/u03kj22/SMIRK/smirk/genforce/checkpoints/stylegan_celeba_partial256.pth` ...
Finish loading checkpoint.
['/scratch/users/u03kj22/SMIRK/output/samples/stylegan_celeba_partial256_0.7_8_1/sample_1_latent.pt']
[2026-04-26 10:14:12,730][__main__][INFO] - Finished sampling stylegan_celeba_partial256 to /scratch/users/u03kj22/SMIRK/output/samples/stylegan_celeba_partial256_0.7_8_1
[2026-04-26 10:14:31,042][__main__][INFO] - Using device: cpu
[2026-04-26 10:14:32,768][__main__][INFO] - Finished querying inception_resnetv1_vggface2 to /scratch/users/u03kj22/SMIRK/output/blackbox_attack_data/vggface2/inception_resnetv1_vggface2/stylegan_celeba_partial256_0.7_8_1
[2026-04-26 10:14:57,914][__main__][INFO] - Using device: cpu
[2026-04-26 10:15:00,957][smirk.training.trainer][INFO] - Epoch 0 [0/100]  KL: 877.480103  CE: 169.460632  Diversity: 16.258663
[2026-04-26 10:15:01,289][__main__][INFO] - Training complete. Checkpoints and manifest saved to /scratch/users/u03kj22/SMIRK/output/surrogate_model_checkpoints/inception_resnetv1_casia
[2026-04-26 10:15:29,207][__main__][INFO] - Using device: cpu
Namespace(model_name='stylegan_celeba_partial256', save_dir=None, num=100, batch_size=100, seed=0, trunc_psi=0.7, trunc_layers=8, randomize_noise=False)
Building generator for model `stylegan_celeba_partial256` ...
Finish building generator.
Loading checkpoint from `/scratch/users/u03kj22/SMIRK/smirk/genforce/checkpoints/stylegan_celeba_partial256.pth` ...
Finish loading checkpoint.
[2026-04-26 10:15:31,923][__main__][INFO] - Generating elite starting vector for target: 8
[2026-04-26 10:15:36,808][__main__][INFO] - Executing blackbox attack on target: 8
[2026-04-26 10:55:29,800][__main__][INFO] - Attack successful. Output saved to /scratch/users/u03kj22/SMIRK/output/attacks/inception_resnetv1_casia -> inception_resnetv1_vggface2/SMILE+SMILE
[2026-04-26 10:56:04,374][__main__][INFO] - Using device: cpu
[2026-04-26 10:56:04,825][__main__][INFO] - Processing target 8
[2026-04-26 10:56:07,242][__main__][INFO] -   0.pt: ASR=False, fitness_score=-9.318522453308105
[2026-04-26 10:56:07,490][__main__][INFO] -   1000.pt: ASR=False, fitness_score=-9.252562522888184
[2026-04-26 10:56:08,063][__main__][INFO] -   1500.pt: ASR=False, fitness_score=-9.251302719116211
[2026-04-26 10:56:08,460][__main__][INFO] -   2000.pt: ASR=False, fitness_score=-9.252127647399902
[2026-04-26 10:56:08,814][__main__][INFO] -   500.pt: ASR=False, fitness_score=-9.23259162902832
[2026-04-26 10:56:09,199][__main__][INFO] -   final.pt: ASR=False, fitness_score=-9.255090713500977
[2026-04-26 10:56:09,862][__main__][INFO] -   original.pt: ASR=False, fitness_score=-9.318522453308105
[2026-04-26 10:56:11,033][__main__][INFO] - Evaluation results saved to /scratch/users/u03kj22/SMIRK/output/attacks/inception_resnetv1_casia -> inception_resnetv1_vggface2/SMILE+SMILE/evaluation_results.csv
[2026-04-26 10:56:11,034][__main__][INFO] - Summary: 0/7 successful attacks (ASR: 0.00%)
