[2026-04-27 10:22:42,045][__main__][INFO] - Using device: cuda
[2026-04-27 10:23:45,142][smirk.training.trainer][INFO] - Epoch 0 [0/2500]  KL: 378.525543  CE: 74.055679  Diversity: 16.402058
[2026-04-27 10:27:23,542][smirk.training.trainer][INFO] - Test — loss: 80.5335 | Top-1: 5/31419 (0.02%) | Top-5: 20/31419 (0.06%)
[2026-04-27 10:27:23,545][smirk.training.trainer][INFO] - New best accuracy: 0.0159
[2026-04-27 10:27:23,959][smirk.training.trainer][INFO] - Epoch 1 [0/2500]  KL: 186.952972  CE: 53.543594  Diversity: 12.695699
[2026-04-27 10:27:25,444][smirk.training.trainer][INFO] - Epoch 2 [0/2500]  KL: 141.729797  CE: 49.792725  Diversity: 11.820750
[2026-04-27 10:27:26,941][smirk.training.trainer][INFO] - Epoch 3 [0/2500]  KL: 110.378479  CE: 44.680180  Diversity: 12.650863
[2026-04-27 10:27:28,451][smirk.training.trainer][INFO] - Epoch 4 [0/2500]  KL: 80.480759  CE: 35.828140  Diversity: 11.838778
[2026-04-27 10:27:29,950][smirk.training.trainer][INFO] - Epoch 5 [0/2500]  KL: 78.811195  CE: 35.530628  Diversity: 10.713787
[2026-04-27 10:27:31,448][smirk.training.trainer][INFO] - Epoch 6 [0/2500]  KL: 69.169205  CE: 32.199215  Diversity: 12.736110
[2026-04-27 10:27:32,955][smirk.training.trainer][INFO] - Epoch 7 [0/2500]  KL: 73.278214  CE: 32.667915  Diversity: 9.587279
[2026-04-27 10:27:34,448][smirk.training.trainer][INFO] - Epoch 8 [0/2500]  KL: 70.266098  CE: 32.321800  Diversity: 12.688794
[2026-04-27 10:27:35,944][smirk.training.trainer][INFO] - Epoch 9 [0/2500]  KL: 67.804344  CE: 30.340563  Diversity: 10.410889
[2026-04-27 10:27:37,439][smirk.training.trainer][INFO] - Epoch 10 [0/2500]  KL: 70.946243  CE: 34.267071  Diversity: 8.950956
[2026-04-27 10:27:38,929][smirk.training.trainer][INFO] - Epoch 11 [0/2500]  KL: 61.151207  CE: 30.406422  Diversity: 8.870185
[2026-04-27 10:27:40,419][smirk.training.trainer][INFO] - Epoch 12 [0/2500]  KL: 61.777107  CE: 30.902277  Diversity: 11.752312
[2026-04-27 10:27:41,921][smirk.training.trainer][INFO] - Epoch 13 [0/2500]  KL: 59.283264  CE: 30.114519  Diversity: 9.302998
[2026-04-27 10:27:43,417][smirk.training.trainer][INFO] - Epoch 14 [0/2500]  KL: 67.652603  CE: 31.502443  Diversity: 9.339890
[2026-04-27 10:27:44,906][smirk.training.trainer][INFO] - Epoch 15 [0/2500]  KL: 68.088593  CE: 32.566040  Diversity: 7.182034
[2026-04-27 10:27:46,395][smirk.training.trainer][INFO] - Epoch 16 [0/2500]  KL: 54.302406  CE: 27.858953  Diversity: 9.158370
[2026-04-27 10:27:47,898][smirk.training.trainer][INFO] - Epoch 17 [0/2500]  KL: 66.522964  CE: 32.015530  Diversity: 6.574312
[2026-04-27 10:27:49,390][smirk.training.trainer][INFO] - Epoch 18 [0/2500]  KL: 62.926201  CE: 30.134552  Diversity: 7.716923
[2026-04-27 10:27:50,881][smirk.training.trainer][INFO] - Epoch 19 [0/2500]  KL: 60.924652  CE: 29.273842  Diversity: 5.128592
[2026-04-27 10:27:52,372][smirk.training.trainer][INFO] - Epoch 20 [0/2500]  KL: 56.150925  CE: 29.499933  Diversity: 8.039791
[2026-04-27 10:27:53,863][smirk.training.trainer][INFO] - Epoch 21 [0/2500]  KL: 53.980980  CE: 29.462990  Diversity: 7.318870
[2026-04-27 10:27:55,353][smirk.training.trainer][INFO] - Epoch 22 [0/2500]  KL: 62.512024  CE: 32.132717  Diversity: 7.050808
[2026-04-27 10:27:56,845][smirk.training.trainer][INFO] - Epoch 23 [0/2500]  KL: 58.805923  CE: 30.643932  Diversity: 7.233273
[2026-04-27 10:27:58,336][smirk.training.trainer][INFO] - Epoch 24 [0/2500]  KL: 58.506096  CE: 31.542259  Diversity: 8.163265
[2026-04-27 10:27:59,829][smirk.training.trainer][INFO] - Epoch 25 [0/2500]  KL: 60.507561  CE: 31.706238  Diversity: 6.096463
[2026-04-27 10:28:19,618][smirk.training.trainer][INFO] - Test — loss: 157.5476 | Top-1: 2/31419 (0.01%) | Top-5: 12/31419 (0.04%)
[2026-04-27 10:28:19,678][smirk.training.trainer][INFO] - Epoch 26 [0/2500]  KL: 51.026951  CE: 28.308376  Diversity: 5.662097
[2026-04-27 10:28:21,166][smirk.training.trainer][INFO] - Epoch 27 [0/2500]  KL: 57.674061  CE: 31.138971  Diversity: 8.834398
[2026-04-27 10:28:22,657][smirk.training.trainer][INFO] - Epoch 28 [0/2500]  KL: 46.879002  CE: 26.625267  Diversity: 4.895929
[2026-04-27 10:28:24,149][smirk.training.trainer][INFO] - Epoch 29 [0/2500]  KL: 52.591751  CE: 30.117048  Diversity: 5.738647
[2026-04-27 10:28:25,640][smirk.training.trainer][INFO] - Epoch 30 [0/2500]  KL: 46.047302  CE: 26.603395  Diversity: 6.406713
[2026-04-27 10:28:27,131][smirk.training.trainer][INFO] - Epoch 31 [0/2500]  KL: 48.443558  CE: 28.276758  Diversity: 5.549883
[2026-04-27 10:28:28,623][smirk.training.trainer][INFO] - Epoch 32 [0/2500]  KL: 47.955940  CE: 27.641848  Diversity: 6.973226
[2026-04-27 10:28:30,116][smirk.training.trainer][INFO] - Epoch 33 [0/2500]  KL: 45.757919  CE: 28.262367  Diversity: 6.904498
[2026-04-27 10:28:31,606][smirk.training.trainer][INFO] - Epoch 34 [0/2500]  KL: 46.906403  CE: 27.862053  Diversity: 5.182822
[2026-04-27 10:28:33,098][smirk.training.trainer][INFO] - Epoch 35 [0/2500]  KL: 46.396641  CE: 27.353415  Diversity: 5.720902
[2026-04-27 10:28:34,591][smirk.training.trainer][INFO] - Epoch 36 [0/2500]  KL: 44.913425  CE: 27.432510  Diversity: 4.594702
[2026-04-27 10:28:36,081][smirk.training.trainer][INFO] - Epoch 37 [0/2500]  KL: 49.418610  CE: 28.762598  Diversity: 4.170871
[2026-04-27 10:28:37,573][smirk.training.trainer][INFO] - Epoch 38 [0/2500]  KL: 45.448204  CE: 27.239155  Diversity: 4.418898
[2026-04-27 10:28:39,064][smirk.training.trainer][INFO] - Epoch 39 [0/2500]  KL: 40.438881  CE: 24.453760  Diversity: 5.545058
[2026-04-27 10:28:40,557][smirk.training.trainer][INFO] - Epoch 40 [0/2500]  KL: 41.670174  CE: 25.745256  Diversity: 4.012225
[2026-04-27 10:28:42,049][smirk.training.trainer][INFO] - Epoch 41 [0/2500]  KL: 53.284809  CE: 29.989086  Diversity: 4.504726
[2026-04-27 10:28:43,539][smirk.training.trainer][INFO] - Epoch 42 [0/2500]  KL: 46.687561  CE: 29.617540  Diversity: 4.597735
[2026-04-27 10:28:45,029][smirk.training.trainer][INFO] - Epoch 43 [0/2500]  KL: 43.174877  CE: 26.667072  Diversity: 8.969993
[2026-04-27 10:28:46,519][smirk.training.trainer][INFO] - Epoch 44 [0/2500]  KL: 49.652039  CE: 28.619493  Diversity: 3.212388
[2026-04-27 10:28:48,008][smirk.training.trainer][INFO] - Epoch 45 [0/2500]  KL: 47.569244  CE: 28.138783  Diversity: 3.210659
[2026-04-27 10:28:49,499][smirk.training.trainer][INFO] - Epoch 46 [0/2500]  KL: 39.192703  CE: 26.356609  Diversity: 4.941239
[2026-04-27 10:28:50,990][smirk.training.trainer][INFO] - Epoch 47 [0/2500]  KL: 40.947628  CE: 26.453857  Diversity: 3.985949
[2026-04-27 10:28:52,480][smirk.training.trainer][INFO] - Epoch 48 [0/2500]  KL: 43.869072  CE: 27.397448  Diversity: 5.536716
[2026-04-27 10:28:53,970][smirk.training.trainer][INFO] - Epoch 49 [0/2500]  KL: 43.680130  CE: 28.238214  Diversity: 3.827738
[2026-04-27 10:28:55,461][smirk.training.trainer][INFO] - Epoch 50 [0/2500]  KL: 41.298874  CE: 24.820814  Diversity: 4.074762
[2026-04-27 10:29:14,466][smirk.training.trainer][INFO] - Test — loss: 199.3780 | Top-1: 2/31419 (0.01%) | Top-5: 21/31419 (0.07%)
[2026-04-27 10:29:14,527][smirk.training.trainer][INFO] - Epoch 51 [0/2500]  KL: 46.990372  CE: 29.000099  Diversity: 5.691635
[2026-04-27 10:29:16,016][smirk.training.trainer][INFO] - Epoch 52 [0/2500]  KL: 46.420650  CE: 27.360201  Diversity: 3.267380
[2026-04-27 10:29:17,503][smirk.training.trainer][INFO] - Epoch 53 [0/2500]  KL: 43.952774  CE: 27.453878  Diversity: 4.935999
[2026-04-27 10:29:18,992][smirk.training.trainer][INFO] - Epoch 54 [0/2500]  KL: 46.386635  CE: 29.069803  Diversity: 2.954972
[2026-04-27 10:29:20,482][smirk.training.trainer][INFO] - Epoch 55 [0/2500]  KL: 43.394123  CE: 26.613426  Diversity: 4.663539
[2026-04-27 10:29:21,973][smirk.training.trainer][INFO] - Epoch 56 [0/2500]  KL: 43.249290  CE: 27.402914  Diversity: 4.344628
[2026-04-27 10:29:23,461][smirk.training.trainer][INFO] - Epoch 57 [0/2500]  KL: 45.482025  CE: 28.617157  Diversity: 5.155308
[2026-04-27 10:29:24,952][smirk.training.trainer][INFO] - Epoch 58 [0/2500]  KL: 41.605431  CE: 26.312538  Diversity: 2.497480
[2026-04-27 10:29:26,442][smirk.training.trainer][INFO] - Epoch 59 [0/2500]  KL: 37.083752  CE: 25.337931  Diversity: 6.263998
[2026-04-27 10:29:27,930][smirk.training.trainer][INFO] - Epoch 60 [0/2500]  KL: 39.891972  CE: 26.874788  Diversity: 3.527749
[2026-04-27 10:29:29,421][smirk.training.trainer][INFO] - Epoch 61 [0/2500]  KL: 52.257412  CE: 32.423847  Diversity: 3.547667
[2026-04-27 10:29:30,909][smirk.training.trainer][INFO] - Epoch 62 [0/2500]  KL: 43.716034  CE: 27.135443  Diversity: 2.870535
[2026-04-27 10:29:32,398][smirk.training.trainer][INFO] - Epoch 63 [0/2500]  KL: 39.298508  CE: 26.999355  Diversity: 4.333968
[2026-04-27 10:29:33,888][smirk.training.trainer][INFO] - Epoch 64 [0/2500]  KL: 42.970871  CE: 28.331415  Diversity: 3.206498
[2026-04-27 10:29:35,378][smirk.training.trainer][INFO] - Epoch 65 [0/2500]  KL: 42.940800  CE: 27.067810  Diversity: 4.317289
[2026-04-27 10:29:36,871][smirk.training.trainer][INFO] - Epoch 66 [0/2500]  KL: 44.719902  CE: 28.598026  Diversity: 3.584273
[2026-04-27 10:29:38,360][smirk.training.trainer][INFO] - Epoch 67 [0/2500]  KL: 39.180244  CE: 26.821535  Diversity: 4.237873
[2026-04-27 10:29:39,849][smirk.training.trainer][INFO] - Epoch 68 [0/2500]  KL: 42.930099  CE: 28.224434  Diversity: 3.513655
[2026-04-27 10:29:41,340][smirk.training.trainer][INFO] - Epoch 69 [0/2500]  KL: 42.680664  CE: 27.725460  Diversity: 3.010156
[2026-04-27 10:29:42,831][smirk.training.trainer][INFO] - Epoch 70 [0/2500]  KL: 37.946896  CE: 25.837484  Diversity: 5.474702
[2026-04-27 10:29:44,321][smirk.training.trainer][INFO] - Epoch 71 [0/2500]  KL: 38.939560  CE: 26.722025  Diversity: 4.141352
[2026-04-27 10:29:45,812][smirk.training.trainer][INFO] - Epoch 72 [0/2500]  KL: 39.692520  CE: 26.154137  Diversity: 3.921980
[2026-04-27 10:29:47,301][smirk.training.trainer][INFO] - Epoch 73 [0/2500]  KL: 40.291977  CE: 28.831486  Diversity: 4.625597
[2026-04-27 10:29:48,790][smirk.training.trainer][INFO] - Epoch 74 [0/2500]  KL: 46.482582  CE: 30.545891  Diversity: 2.827678
[2026-04-27 10:29:50,281][smirk.training.trainer][INFO] - Epoch 75 [0/2500]  KL: 38.166424  CE: 25.656368  Diversity: 4.403180
[2026-04-27 10:30:10,159][smirk.training.trainer][INFO] - Test — loss: 223.9124 | Top-1: 2/31419 (0.01%) | Top-5: 23/31419 (0.07%)
[2026-04-27 10:30:10,219][smirk.training.trainer][INFO] - Epoch 76 [0/2500]  KL: 40.780235  CE: 26.417700  Diversity: 3.216053
[2026-04-27 10:30:11,699][smirk.training.trainer][INFO] - Epoch 77 [0/2500]  KL: 42.561600  CE: 29.488016  Diversity: 4.812108
[2026-04-27 10:30:13,182][smirk.training.trainer][INFO] - Epoch 78 [0/2500]  KL: 42.038712  CE: 28.247662  Diversity: 3.808670
[2026-04-27 10:30:14,665][smirk.training.trainer][INFO] - Epoch 79 [0/2500]  KL: 39.142330  CE: 26.144472  Diversity: 3.609619
[2026-04-27 10:30:16,152][smirk.training.trainer][INFO] - Epoch 80 [0/2500]  KL: 40.721878  CE: 27.480982  Diversity: 4.184584
[2026-04-27 10:30:17,643][smirk.training.trainer][INFO] - Epoch 81 [0/2500]  KL: 41.430271  CE: 27.414131  Diversity: 3.395384
[2026-04-27 10:30:19,130][smirk.training.trainer][INFO] - Epoch 82 [0/2500]  KL: 38.248081  CE: 25.937832  Diversity: 2.719617
[2026-04-27 10:30:20,619][smirk.training.trainer][INFO] - Epoch 83 [0/2500]  KL: 42.558064  CE: 28.695360  Diversity: 3.180107
[2026-04-27 10:30:22,107][smirk.training.trainer][INFO] - Epoch 84 [0/2500]  KL: 45.380878  CE: 28.544565  Diversity: 3.290799
[2026-04-27 10:30:23,596][smirk.training.trainer][INFO] - Epoch 85 [0/2500]  KL: 45.818130  CE: 30.742422  Diversity: 3.282829
[2026-04-27 10:30:25,087][smirk.training.trainer][INFO] - Epoch 86 [0/2500]  KL: 38.828621  CE: 27.242655  Diversity: 2.684542
[2026-04-27 10:30:26,577][smirk.training.trainer][INFO] - Epoch 87 [0/2500]  KL: 38.284035  CE: 26.939835  Diversity: 5.350581
[2026-04-27 10:30:28,067][smirk.training.trainer][INFO] - Epoch 88 [0/2500]  KL: 41.342827  CE: 27.091963  Diversity: 2.592807
[2026-04-27 10:30:29,556][smirk.training.trainer][INFO] - Epoch 89 [0/2500]  KL: 38.468769  CE: 26.962528  Diversity: 3.853511
[2026-04-27 10:30:31,047][smirk.training.trainer][INFO] - Epoch 90 [0/2500]  KL: 38.768913  CE: 27.037832  Diversity: 3.331421
[2026-04-27 10:30:32,536][smirk.training.trainer][INFO] - Epoch 91 [0/2500]  KL: 37.124187  CE: 26.117504  Diversity: 3.553694
[2026-04-27 10:30:34,025][smirk.training.trainer][INFO] - Epoch 92 [0/2500]  KL: 36.190544  CE: 23.820137  Diversity: 2.751672
[2026-04-27 10:30:35,515][smirk.training.trainer][INFO] - Epoch 93 [0/2500]  KL: 44.329563  CE: 29.500549  Diversity: 2.559496
[2026-04-27 10:30:37,004][smirk.training.trainer][INFO] - Epoch 94 [0/2500]  KL: 42.889793  CE: 29.831032  Diversity: 3.685078
[2026-04-27 10:30:38,494][smirk.training.trainer][INFO] - Epoch 95 [0/2500]  KL: 39.297241  CE: 27.338524  Diversity: 3.004711
[2026-04-27 10:30:39,983][smirk.training.trainer][INFO] - Epoch 96 [0/2500]  KL: 41.307411  CE: 28.391277  Diversity: 3.783348
[2026-04-27 10:30:41,474][smirk.training.trainer][INFO] - Epoch 97 [0/2500]  KL: 38.149803  CE: 26.541395  Diversity: 3.773912
[2026-04-27 10:30:42,962][smirk.training.trainer][INFO] - Epoch 98 [0/2500]  KL: 43.471802  CE: 28.996225  Diversity: 3.181112
[2026-04-27 10:30:44,451][smirk.training.trainer][INFO] - Epoch 99 [0/2500]  KL: 40.921844  CE: 28.786255  Diversity: 3.289335
[2026-04-27 10:30:45,942][smirk.training.trainer][INFO] - Epoch 100 [0/2500]  KL: 35.430428  CE: 25.314007  Diversity: 3.047048
[2026-04-27 10:31:05,582][smirk.training.trainer][INFO] - Test — loss: 234.8073 | Top-1: 2/31419 (0.01%) | Top-5: 13/31419 (0.04%)
[2026-04-27 10:31:05,644][smirk.training.trainer][INFO] - Epoch 101 [0/2500]  KL: 36.927025  CE: 26.474669  Diversity: 2.892083
[2026-04-27 10:31:07,128][smirk.training.trainer][INFO] - Epoch 102 [0/2500]  KL: 40.336441  CE: 28.172251  Diversity: 2.442872
[2026-04-27 10:31:08,617][smirk.training.trainer][INFO] - Epoch 103 [0/2500]  KL: 38.111832  CE: 27.062603  Diversity: 2.880048
[2026-04-27 10:31:10,108][smirk.training.trainer][INFO] - Epoch 104 [0/2500]  KL: 38.172806  CE: 26.502394  Diversity: 3.985258
[2026-04-27 10:31:11,600][smirk.training.trainer][INFO] - Epoch 105 [0/2500]  KL: 41.090302  CE: 28.440094  Diversity: 2.614916
[2026-04-27 10:31:13,101][smirk.training.trainer][INFO] - Epoch 106 [0/2500]  KL: 35.155281  CE: 27.252733  Diversity: 4.724257
[2026-04-27 10:31:14,594][smirk.training.trainer][INFO] - Epoch 107 [0/2500]  KL: 38.537483  CE: 26.599257  Diversity: 3.566527
[2026-04-27 10:31:16,084][smirk.training.trainer][INFO] - Epoch 108 [0/2500]  KL: 36.452751  CE: 25.903463  Diversity: 2.563781
[2026-04-27 10:31:17,575][smirk.training.trainer][INFO] - Epoch 109 [0/2500]  KL: 36.501163  CE: 26.420776  Diversity: 2.979749
[2026-04-27 10:31:19,064][smirk.training.trainer][INFO] - Epoch 110 [0/2500]  KL: 42.292301  CE: 28.744644  Diversity: 3.020552
[2026-04-27 10:31:20,556][smirk.training.trainer][INFO] - Epoch 111 [0/2500]  KL: 40.279663  CE: 27.493738  Diversity: 3.031558
[2026-04-27 10:31:22,046][smirk.training.trainer][INFO] - Epoch 112 [0/2500]  KL: 38.563728  CE: 27.188536  Diversity: 3.450523
[2026-04-27 10:31:23,540][smirk.training.trainer][INFO] - Epoch 113 [0/2500]  KL: 36.223766  CE: 25.965038  Diversity: 3.403613
[2026-04-27 10:31:25,030][smirk.training.trainer][INFO] - Epoch 114 [0/2500]  KL: 39.859146  CE: 28.175762  Diversity: 2.824211
[2026-04-27 10:31:26,521][smirk.training.trainer][INFO] - Epoch 115 [0/2500]  KL: 39.057053  CE: 26.972475  Diversity: 2.717477
[2026-04-27 10:31:28,010][smirk.training.trainer][INFO] - Epoch 116 [0/2500]  KL: 39.699604  CE: 28.827230  Diversity: 2.256959
[2026-04-27 10:31:29,500][smirk.training.trainer][INFO] - Epoch 117 [0/2500]  KL: 41.253372  CE: 29.903616  Diversity: 3.203399
[2026-04-27 10:31:30,991][smirk.training.trainer][INFO] - Epoch 118 [0/2500]  KL: 37.838104  CE: 26.381041  Diversity: 2.009478
[2026-04-27 10:31:32,479][smirk.training.trainer][INFO] - Epoch 119 [0/2500]  KL: 35.827312  CE: 26.228764  Diversity: 5.182513
[2026-04-27 10:31:33,974][smirk.training.trainer][INFO] - Epoch 120 [0/2500]  KL: 44.132774  CE: 29.142588  Diversity: 3.088399
[2026-04-27 10:31:35,463][smirk.training.trainer][INFO] - Epoch 121 [0/2500]  KL: 39.126911  CE: 25.641825  Diversity: 3.100642
[2026-04-27 10:31:36,954][smirk.training.trainer][INFO] - Epoch 122 [0/2500]  KL: 43.758949  CE: 29.613424  Diversity: 2.783291
[2026-04-27 10:31:38,446][smirk.training.trainer][INFO] - Epoch 123 [0/2500]  KL: 39.302761  CE: 28.705437  Diversity: 2.044025
[2026-04-27 10:31:39,934][smirk.training.trainer][INFO] - Epoch 124 [0/2500]  KL: 38.039810  CE: 26.514217  Diversity: 2.291343
[2026-04-27 10:31:41,429][smirk.training.trainer][INFO] - Epoch 125 [0/2500]  KL: 40.537010  CE: 26.944580  Diversity: 2.503126
[2026-04-27 10:32:01,044][smirk.training.trainer][INFO] - Test — loss: 214.5549 | Top-1: 2/31419 (0.01%) | Top-5: 12/31419 (0.04%)
[2026-04-27 10:32:01,104][smirk.training.trainer][INFO] - Epoch 126 [0/2500]  KL: 39.621552  CE: 26.940939  Diversity: 2.620047
[2026-04-27 10:32:02,587][smirk.training.trainer][INFO] - Epoch 127 [0/2500]  KL: 38.642586  CE: 28.201187  Diversity: 2.617136
[2026-04-27 10:32:04,069][smirk.training.trainer][INFO] - Epoch 128 [0/2500]  KL: 35.651802  CE: 25.553118  Diversity: 3.084757
[2026-04-27 10:32:05,554][smirk.training.trainer][INFO] - Epoch 129 [0/2500]  KL: 33.965542  CE: 24.709553  Diversity: 2.734010
[2026-04-27 10:32:07,041][smirk.training.trainer][INFO] - Epoch 130 [0/2500]  KL: 38.820015  CE: 28.333670  Diversity: 3.408412
[2026-04-27 10:32:08,531][smirk.training.trainer][INFO] - Epoch 131 [0/2500]  KL: 34.161510  CE: 26.320654  Diversity: 4.116233
[2026-04-27 10:32:10,020][smirk.training.trainer][INFO] - Epoch 132 [0/2500]  KL: 37.518009  CE: 26.872475  Diversity: 4.077698
[2026-04-27 10:32:11,510][smirk.training.trainer][INFO] - Epoch 133 [0/2500]  KL: 39.806454  CE: 28.666107  Diversity: 3.204768
[2026-04-27 10:32:12,998][smirk.training.trainer][INFO] - Epoch 134 [0/2500]  KL: 40.987923  CE: 29.422724  Diversity: 2.424257
[2026-04-27 10:32:14,487][smirk.training.trainer][INFO] - Epoch 135 [0/2500]  KL: 36.810074  CE: 26.637850  Diversity: 2.545344
[2026-04-27 10:32:15,976][smirk.training.trainer][INFO] - Epoch 136 [0/2500]  KL: 44.355331  CE: 31.455914  Diversity: 2.587727
[2026-04-27 10:32:17,465][smirk.training.trainer][INFO] - Epoch 137 [0/2500]  KL: 39.526592  CE: 27.914948  Diversity: 4.116785
[2026-04-27 10:32:18,954][smirk.training.trainer][INFO] - Epoch 138 [0/2500]  KL: 34.099670  CE: 25.469690  Diversity: 3.661671
[2026-04-27 10:32:20,443][smirk.training.trainer][INFO] - Epoch 139 [0/2500]  KL: 37.388916  CE: 26.739254  Diversity: 2.466608
[2026-04-27 10:32:21,935][smirk.training.trainer][INFO] - Epoch 140 [0/2500]  KL: 32.498367  CE: 24.576271  Diversity: 3.826089
[2026-04-27 10:32:23,424][smirk.training.trainer][INFO] - Epoch 141 [0/2500]  KL: 34.848831  CE: 25.648802  Diversity: 3.037668
[2026-04-27 10:32:24,912][smirk.training.trainer][INFO] - Epoch 142 [0/2500]  KL: 33.954861  CE: 24.819944  Diversity: 2.920382
[2026-04-27 10:32:26,403][smirk.training.trainer][INFO] - Epoch 143 [0/2500]  KL: 35.284622  CE: 25.944229  Diversity: 1.737239
[2026-04-27 10:32:27,892][smirk.training.trainer][INFO] - Epoch 144 [0/2500]  KL: 40.226753  CE: 28.206715  Diversity: 2.796425
[2026-04-27 10:32:29,382][smirk.training.trainer][INFO] - Epoch 145 [0/2500]  KL: 35.991188  CE: 25.614071  Diversity: 2.363121
[2026-04-27 10:32:30,871][smirk.training.trainer][INFO] - Epoch 146 [0/2500]  KL: 38.280022  CE: 27.009424  Diversity: 2.899459
[2026-04-27 10:32:32,361][smirk.training.trainer][INFO] - Epoch 147 [0/2500]  KL: 36.649574  CE: 26.182110  Diversity: 2.637421
[2026-04-27 10:32:33,851][smirk.training.trainer][INFO] - Epoch 148 [0/2500]  KL: 35.700485  CE: 24.904261  Diversity: 2.114848
[2026-04-27 10:32:35,339][smirk.training.trainer][INFO] - Epoch 149 [0/2500]  KL: 35.509304  CE: 25.577528  Diversity: 2.346398
[2026-04-27 10:32:36,830][smirk.training.trainer][INFO] - Epoch 150 [0/2500]  KL: 34.238983  CE: 26.342751  Diversity: 2.896355
[2026-04-27 10:32:56,330][smirk.training.trainer][INFO] - Test — loss: 221.6408 | Top-1: 2/31419 (0.01%) | Top-5: 14/31419 (0.04%)
[2026-04-27 10:32:56,391][smirk.training.trainer][INFO] - Epoch 151 [0/2500]  KL: 35.969620  CE: 25.704542  Diversity: 2.920274
[2026-04-27 10:32:57,873][smirk.training.trainer][INFO] - Epoch 152 [0/2500]  KL: 37.786728  CE: 27.602688  Diversity: 4.036042
[2026-04-27 10:32:59,357][smirk.training.trainer][INFO] - Epoch 153 [0/2500]  KL: 35.607521  CE: 25.748846  Diversity: 2.515378
[2026-04-27 10:33:00,843][smirk.training.trainer][INFO] - Epoch 154 [0/2500]  KL: 39.555973  CE: 30.185568  Diversity: 3.769093
[2026-04-27 10:33:02,330][smirk.training.trainer][INFO] - Epoch 155 [0/2500]  KL: 38.518921  CE: 28.234461  Diversity: 3.332863
[2026-04-27 10:33:03,817][smirk.training.trainer][INFO] - Epoch 156 [0/2500]  KL: 34.394577  CE: 25.773153  Diversity: 2.762136
[2026-04-27 10:33:05,307][smirk.training.trainer][INFO] - Epoch 157 [0/2500]  KL: 43.116295  CE: 29.498564  Diversity: 2.369668
[2026-04-27 10:33:06,800][smirk.training.trainer][INFO] - Epoch 158 [0/2500]  KL: 38.583050  CE: 29.466917  Diversity: 3.195393
[2026-04-27 10:33:08,292][smirk.training.trainer][INFO] - Epoch 159 [0/2500]  KL: 39.534012  CE: 28.298672  Diversity: 1.977716
[2026-04-27 10:33:09,783][smirk.training.trainer][INFO] - Epoch 160 [0/2500]  KL: 35.156013  CE: 26.746408  Diversity: 3.266310
[2026-04-27 10:33:11,275][smirk.training.trainer][INFO] - Epoch 161 [0/2500]  KL: 39.833557  CE: 29.641413  Diversity: 2.591164
[2026-04-27 10:33:12,764][smirk.training.trainer][INFO] - Epoch 162 [0/2500]  KL: 36.444221  CE: 26.603733  Diversity: 4.211397
[2026-04-27 10:33:14,258][smirk.training.trainer][INFO] - Epoch 163 [0/2500]  KL: 37.953812  CE: 26.849138  Diversity: 2.366870
[2026-04-27 10:33:15,747][smirk.training.trainer][INFO] - Epoch 164 [0/2500]  KL: 39.905094  CE: 29.334593  Diversity: 2.653998
[2026-04-27 10:33:17,239][smirk.training.trainer][INFO] - Epoch 165 [0/2500]  KL: 40.206841  CE: 28.204826  Diversity: 3.471209
[2026-04-27 10:33:18,729][smirk.training.trainer][INFO] - Epoch 166 [0/2500]  KL: 36.132088  CE: 27.424517  Diversity: 2.958604
[2026-04-27 10:33:20,220][smirk.training.trainer][INFO] - Epoch 167 [0/2500]  KL: 37.773525  CE: 28.314186  Diversity: 3.931047
[2026-04-27 10:33:21,713][smirk.training.trainer][INFO] - Epoch 168 [0/2500]  KL: 35.031319  CE: 27.093325  Diversity: 3.223950
[2026-04-27 10:33:23,205][smirk.training.trainer][INFO] - Epoch 169 [0/2500]  KL: 31.415850  CE: 25.886038  Diversity: 5.319419
[2026-04-27 10:33:24,698][smirk.training.trainer][INFO] - Epoch 170 [0/2500]  KL: 30.808071  CE: 24.590551  Diversity: 2.662415
[2026-04-27 10:33:26,189][smirk.training.trainer][INFO] - Epoch 171 [0/2500]  KL: 34.186577  CE: 27.599474  Diversity: 3.915175
[2026-04-27 10:33:27,681][smirk.training.trainer][INFO] - Epoch 172 [0/2500]  KL: 33.232216  CE: 25.245348  Diversity: 1.999626
[2026-04-27 10:33:29,173][smirk.training.trainer][INFO] - Epoch 173 [0/2500]  KL: 38.248077  CE: 29.460197  Diversity: 2.511805
[2026-04-27 10:33:30,663][smirk.training.trainer][INFO] - Epoch 174 [0/2500]  KL: 35.774635  CE: 26.550890  Diversity: 2.431728
[2026-04-27 10:33:32,155][smirk.training.trainer][INFO] - Epoch 175 [0/2500]  KL: 32.710407  CE: 26.231264  Diversity: 2.746202
[2026-04-27 10:33:52,035][smirk.training.trainer][INFO] - Test — loss: 199.1387 | Top-1: 2/31419 (0.01%) | Top-5: 13/31419 (0.04%)
[2026-04-27 10:33:52,096][smirk.training.trainer][INFO] - Epoch 176 [0/2500]  KL: 35.120575  CE: 26.297422  Diversity: 2.559941
[2026-04-27 10:33:53,583][smirk.training.trainer][INFO] - Epoch 177 [0/2500]  KL: 38.780830  CE: 29.321566  Diversity: 2.840614
[2026-04-27 10:33:55,073][smirk.training.trainer][INFO] - Epoch 178 [0/2500]  KL: 38.551304  CE: 27.877256  Diversity: 3.815091
[2026-04-27 10:33:56,562][smirk.training.trainer][INFO] - Epoch 179 [0/2500]  KL: 34.132065  CE: 24.670742  Diversity: 2.609268
[2026-04-27 10:33:58,052][smirk.training.trainer][INFO] - Epoch 180 [0/2500]  KL: 37.821861  CE: 27.852335  Diversity: 2.492109
[2026-04-27 10:33:59,541][smirk.training.trainer][INFO] - Epoch 181 [0/2500]  KL: 34.358986  CE: 27.064840  Diversity: 2.850340
[2026-04-27 10:34:01,034][smirk.training.trainer][INFO] - Epoch 182 [0/2500]  KL: 34.177929  CE: 26.005606  Diversity: 2.401969
[2026-04-27 10:34:02,523][smirk.training.trainer][INFO] - Epoch 183 [0/2500]  KL: 32.593422  CE: 24.848621  Diversity: 3.333497
[2026-04-27 10:34:04,012][smirk.training.trainer][INFO] - Epoch 184 [0/2500]  KL: 38.345737  CE: 27.488985  Diversity: 2.923635
[2026-04-27 10:34:05,502][smirk.training.trainer][INFO] - Epoch 185 [0/2500]  KL: 34.900341  CE: 26.583151  Diversity: 3.116699
[2026-04-27 10:34:06,993][smirk.training.trainer][INFO] - Epoch 186 [0/2500]  KL: 36.428055  CE: 26.007011  Diversity: 1.454996
[2026-04-27 10:34:08,483][smirk.training.trainer][INFO] - Epoch 187 [0/2500]  KL: 37.539818  CE: 26.616373  Diversity: 2.488548
[2026-04-27 10:34:09,973][smirk.training.trainer][INFO] - Epoch 188 [0/2500]  KL: 32.811440  CE: 25.429932  Diversity: 4.840231
[2026-04-27 10:34:11,463][smirk.training.trainer][INFO] - Epoch 189 [0/2500]  KL: 35.892815  CE: 28.642073  Diversity: 2.091630
[2026-04-27 10:34:12,954][smirk.training.trainer][INFO] - Epoch 190 [0/2500]  KL: 33.524040  CE: 27.027916  Diversity: 1.901394
[2026-04-27 10:34:14,443][smirk.training.trainer][INFO] - Epoch 191 [0/2500]  KL: 32.229706  CE: 25.786272  Diversity: 3.238015
[2026-04-27 10:34:15,932][smirk.training.trainer][INFO] - Epoch 192 [0/2500]  KL: 40.256355  CE: 30.673241  Diversity: 2.182786
[2026-04-27 10:34:17,424][smirk.training.trainer][INFO] - Epoch 193 [0/2500]  KL: 35.301620  CE: 24.967880  Diversity: 2.250776
[2026-04-27 10:34:18,912][smirk.training.trainer][INFO] - Epoch 194 [0/2500]  KL: 33.231148  CE: 26.148945  Diversity: 3.274754
[2026-04-27 10:34:20,404][smirk.training.trainer][INFO] - Epoch 195 [0/2500]  KL: 35.594315  CE: 27.068995  Diversity: 2.614497
[2026-04-27 10:34:21,893][smirk.training.trainer][INFO] - Epoch 196 [0/2500]  KL: 32.494759  CE: 27.125843  Diversity: 4.031885
[2026-04-27 10:34:23,384][smirk.training.trainer][INFO] - Epoch 197 [0/2500]  KL: 39.114975  CE: 28.738302  Diversity: 3.277703
[2026-04-27 10:34:24,873][smirk.training.trainer][INFO] - Epoch 198 [0/2500]  KL: 34.101707  CE: 26.120131  Diversity: 2.909203
[2026-04-27 10:34:26,363][smirk.training.trainer][INFO] - Epoch 199 [0/2500]  KL: 34.129719  CE: 27.570055  Diversity: 2.225392
[2026-04-27 10:34:27,854][smirk.training.trainer][INFO] - Epoch 200 [0/2500]  KL: 37.360474  CE: 28.504171  Diversity: 2.168547
[2026-04-27 10:34:47,379][smirk.training.trainer][INFO] - Test — loss: 210.0508 | Top-1: 2/31419 (0.01%) | Top-5: 24/31419 (0.08%)
[2026-04-27 10:34:47,439][smirk.training.trainer][INFO] - Epoch 201 [0/2500]  KL: 33.020931  CE: 25.256542  Diversity: 2.947226
[2026-04-27 10:34:48,921][smirk.training.trainer][INFO] - Epoch 202 [0/2500]  KL: 35.989285  CE: 27.115408  Diversity: 1.823415
[2026-04-27 10:34:50,403][smirk.training.trainer][INFO] - Epoch 203 [0/2500]  KL: 35.660919  CE: 28.719297  Diversity: 2.628806
[2026-04-27 10:34:51,888][smirk.training.trainer][INFO] - Epoch 204 [0/2500]  KL: 31.589666  CE: 25.156834  Diversity: 2.460801
[2026-04-27 10:34:53,376][smirk.training.trainer][INFO] - Epoch 205 [0/2500]  KL: 36.330910  CE: 26.916742  Diversity: 1.949966
[2026-04-27 10:34:54,869][smirk.training.trainer][INFO] - Epoch 206 [0/2500]  KL: 32.168777  CE: 26.007275  Diversity: 2.766787
[2026-04-27 10:34:56,359][smirk.training.trainer][INFO] - Epoch 207 [0/2500]  KL: 36.891109  CE: 28.681255  Diversity: 2.570014
[2026-04-27 10:34:57,850][smirk.training.trainer][INFO] - Epoch 208 [0/2500]  KL: 33.229927  CE: 25.754572  Diversity: 2.711912
[2026-04-27 10:34:59,340][smirk.training.trainer][INFO] - Epoch 209 [0/2500]  KL: 31.151352  CE: 25.583721  Diversity: 2.151816
[2026-04-27 10:35:00,830][smirk.training.trainer][INFO] - Epoch 210 [0/2500]  KL: 35.172073  CE: 26.625214  Diversity: 2.917891
[2026-04-27 10:35:02,320][smirk.training.trainer][INFO] - Epoch 211 [0/2500]  KL: 31.644136  CE: 25.822395  Diversity: 2.620058
[2026-04-27 10:35:03,809][smirk.training.trainer][INFO] - Epoch 212 [0/2500]  KL: 31.539486  CE: 24.583874  Diversity: 2.477160
[2026-04-27 10:35:05,305][smirk.training.trainer][INFO] - Epoch 213 [0/2500]  KL: 37.609756  CE: 27.801065  Diversity: 3.008732
[2026-04-27 10:35:06,794][smirk.training.trainer][INFO] - Epoch 214 [0/2500]  KL: 32.617535  CE: 25.047503  Diversity: 1.409776
[2026-04-27 10:35:08,286][smirk.training.trainer][INFO] - Epoch 215 [0/2500]  KL: 33.953411  CE: 26.930101  Diversity: 3.883794
[2026-04-27 10:35:09,777][smirk.training.trainer][INFO] - Epoch 216 [0/2500]  KL: 37.357121  CE: 29.029419  Diversity: 2.653864
[2026-04-27 10:35:11,270][smirk.training.trainer][INFO] - Epoch 217 [0/2500]  KL: 35.256485  CE: 26.653149  Diversity: 4.251925
[2026-04-27 10:35:12,761][smirk.training.trainer][INFO] - Epoch 218 [0/2500]  KL: 37.786812  CE: 30.187548  Diversity: 3.709277
[2026-04-27 10:35:14,251][smirk.training.trainer][INFO] - Epoch 219 [0/2500]  KL: 31.996122  CE: 26.716894  Diversity: 3.451590
[2026-04-27 10:35:15,741][smirk.training.trainer][INFO] - Epoch 220 [0/2500]  KL: 31.475039  CE: 23.950462  Diversity: 2.993261
[2026-04-27 10:35:17,231][smirk.training.trainer][INFO] - Epoch 221 [0/2500]  KL: 34.315475  CE: 25.417833  Diversity: 3.063209
[2026-04-27 10:35:18,721][smirk.training.trainer][INFO] - Epoch 222 [0/2500]  KL: 37.669224  CE: 26.621353  Diversity: 2.030949
[2026-04-27 10:35:20,211][smirk.training.trainer][INFO] - Epoch 223 [0/2500]  KL: 33.804901  CE: 26.274958  Diversity: 3.342930
[2026-04-27 10:35:21,701][smirk.training.trainer][INFO] - Epoch 224 [0/2500]  KL: 37.172943  CE: 27.946766  Diversity: 2.410915
[2026-04-27 10:35:23,194][smirk.training.trainer][INFO] - Epoch 225 [0/2500]  KL: 39.037060  CE: 29.650732  Diversity: 2.187556
[2026-04-27 10:35:42,614][smirk.training.trainer][INFO] - Test — loss: 204.7090 | Top-1: 2/31419 (0.01%) | Top-5: 15/31419 (0.05%)
[2026-04-27 10:35:42,672][smirk.training.trainer][INFO] - Epoch 226 [0/2500]  KL: 33.011742  CE: 26.126482  Diversity: 3.210225
[2026-04-27 10:35:44,153][smirk.training.trainer][INFO] - Epoch 227 [0/2500]  KL: 34.537189  CE: 26.915293  Diversity: 2.886716
[2026-04-27 10:35:45,637][smirk.training.trainer][INFO] - Epoch 228 [0/2500]  KL: 32.984806  CE: 26.036001  Diversity: 5.180326
[2026-04-27 10:35:47,123][smirk.training.trainer][INFO] - Epoch 229 [0/2500]  KL: 36.893196  CE: 28.372166  Diversity: 2.483638
[2026-04-27 10:35:48,610][smirk.training.trainer][INFO] - Epoch 230 [0/2500]  KL: 35.601898  CE: 28.123861  Diversity: 2.008762
[2026-04-27 10:35:50,099][smirk.training.trainer][INFO] - Epoch 231 [0/2500]  KL: 37.630302  CE: 27.953083  Diversity: 3.395393
[2026-04-27 10:35:51,588][smirk.training.trainer][INFO] - Epoch 232 [0/2500]  KL: 31.812357  CE: 25.715967  Diversity: 2.305514
[2026-04-27 10:35:53,079][smirk.training.trainer][INFO] - Epoch 233 [0/2500]  KL: 35.969173  CE: 29.014820  Diversity: 2.395228
[2026-04-27 10:35:54,568][smirk.training.trainer][INFO] - Epoch 234 [0/2500]  KL: 33.756157  CE: 26.039742  Diversity: 4.205388
[2026-04-27 10:35:56,060][smirk.training.trainer][INFO] - Epoch 235 [0/2500]  KL: 33.080227  CE: 26.148909  Diversity: 3.352862
[2026-04-27 10:35:57,550][smirk.training.trainer][INFO] - Epoch 236 [0/2500]  KL: 35.975498  CE: 28.362173  Diversity: 2.488905
[2026-04-27 10:35:59,039][smirk.training.trainer][INFO] - Epoch 237 [0/2500]  KL: 35.407948  CE: 28.580284  Diversity: 2.379813
[2026-04-27 10:36:00,530][smirk.training.trainer][INFO] - Epoch 238 [0/2500]  KL: 36.807068  CE: 27.650719  Diversity: 1.805065
[2026-04-27 10:36:02,018][smirk.training.trainer][INFO] - Epoch 239 [0/2500]  KL: 39.562141  CE: 29.125462  Diversity: 2.684800
[2026-04-27 10:36:03,508][smirk.training.trainer][INFO] - Epoch 240 [0/2500]  KL: 35.243774  CE: 26.285725  Diversity: 1.888294
[2026-04-27 10:36:04,997][smirk.training.trainer][INFO] - Epoch 241 [0/2500]  KL: 32.110439  CE: 25.140755  Diversity: 2.201567
[2026-04-27 10:36:06,486][smirk.training.trainer][INFO] - Epoch 242 [0/2500]  KL: 33.963234  CE: 26.292316  Diversity: 3.336287
[2026-04-27 10:36:07,975][smirk.training.trainer][INFO] - Epoch 243 [0/2500]  KL: 36.219875  CE: 26.438707  Diversity: 1.842293
[2026-04-27 10:36:09,465][smirk.training.trainer][INFO] - Epoch 244 [0/2500]  KL: 30.667725  CE: 24.954420  Diversity: 2.922671
[2026-04-27 10:36:10,955][smirk.training.trainer][INFO] - Epoch 245 [0/2500]  KL: 35.316036  CE: 26.994190  Diversity: 1.833549
[2026-04-27 10:36:12,446][smirk.training.trainer][INFO] - Epoch 246 [0/2500]  KL: 29.383989  CE: 23.659168  Diversity: 2.669007
[2026-04-27 10:36:13,936][smirk.training.trainer][INFO] - Epoch 247 [0/2500]  KL: 35.206779  CE: 25.986296  Diversity: 2.391252
[2026-04-27 10:36:15,425][smirk.training.trainer][INFO] - Epoch 248 [0/2500]  KL: 31.156176  CE: 25.770302  Diversity: 3.123798
[2026-04-27 10:36:16,913][smirk.training.trainer][INFO] - Epoch 249 [0/2500]  KL: 35.225071  CE: 29.485504  Diversity: 2.183180
[2026-04-27 10:36:18,403][smirk.training.trainer][INFO] - Epoch 250 [0/2500]  KL: 34.087215  CE: 27.723537  Diversity: 3.907471
[2026-04-27 10:36:37,603][smirk.training.trainer][INFO] - Test — loss: 208.0885 | Top-1: 3/31419 (0.01%) | Top-5: 16/31419 (0.05%)
[2026-04-27 10:36:37,664][smirk.training.trainer][INFO] - Epoch 251 [0/2500]  KL: 33.893188  CE: 25.137608  Diversity: 1.659895
[2026-04-27 10:36:39,149][smirk.training.trainer][INFO] - Epoch 252 [0/2500]  KL: 31.370676  CE: 25.382168  Diversity: 3.099587
[2026-04-27 10:36:40,640][smirk.training.trainer][INFO] - Epoch 253 [0/2500]  KL: 36.164204  CE: 26.088715  Diversity: 1.999092
[2026-04-27 10:36:42,129][smirk.training.trainer][INFO] - Epoch 254 [0/2500]  KL: 34.678459  CE: 26.622387  Diversity: 2.189857
[2026-04-27 10:36:43,617][smirk.training.trainer][INFO] - Epoch 255 [0/2500]  KL: 34.176826  CE: 25.128338  Diversity: 2.179132
[2026-04-27 10:36:45,106][smirk.training.trainer][INFO] - Epoch 256 [0/2500]  KL: 33.764523  CE: 26.115387  Diversity: 1.909227
[2026-04-27 10:36:46,595][smirk.training.trainer][INFO] - Epoch 257 [0/2500]  KL: 35.332825  CE: 27.258289  Diversity: 2.413649
[2026-04-27 10:36:48,084][smirk.training.trainer][INFO] - Epoch 258 [0/2500]  KL: 37.692169  CE: 27.311789  Diversity: 1.300479
[2026-04-27 10:36:49,571][smirk.training.trainer][INFO] - Epoch 259 [0/2500]  KL: 38.890770  CE: 29.459318  Diversity: 2.466245
[2026-04-27 10:36:51,059][smirk.training.trainer][INFO] - Epoch 260 [0/2500]  KL: 34.561317  CE: 25.596407  Diversity: 2.286920
[2026-04-27 10:36:52,548][smirk.training.trainer][INFO] - Epoch 261 [0/2500]  KL: 31.171261  CE: 25.038982  Diversity: 2.699535
[2026-04-27 10:36:54,037][smirk.training.trainer][INFO] - Epoch 262 [0/2500]  KL: 35.568558  CE: 27.288034  Diversity: 2.001803
[2026-04-27 10:36:55,526][smirk.training.trainer][INFO] - Epoch 263 [0/2500]  KL: 36.978931  CE: 26.816338  Diversity: 2.130070
[2026-04-27 10:36:57,014][smirk.training.trainer][INFO] - Epoch 264 [0/2500]  KL: 33.942490  CE: 25.713190  Diversity: 1.849430
[2026-04-27 10:36:58,503][smirk.training.trainer][INFO] - Epoch 265 [0/2500]  KL: 31.789074  CE: 25.001986  Diversity: 4.513859
[2026-04-27 10:36:59,989][smirk.training.trainer][INFO] - Epoch 266 [0/2500]  KL: 35.258938  CE: 27.736263  Diversity: 3.731814
[2026-04-27 10:37:01,478][smirk.training.trainer][INFO] - Epoch 267 [0/2500]  KL: 31.902653  CE: 26.647221  Diversity: 3.069288
[2026-04-27 10:37:02,966][smirk.training.trainer][INFO] - Epoch 268 [0/2500]  KL: 30.722584  CE: 24.776089  Diversity: 2.369418
[2026-04-27 10:37:04,453][smirk.training.trainer][INFO] - Epoch 269 [0/2500]  KL: 39.094559  CE: 29.475958  Diversity: 2.408190
[2026-04-27 10:37:05,946][smirk.training.trainer][INFO] - Epoch 270 [0/2500]  KL: 37.461220  CE: 26.927786  Diversity: 2.522968
[2026-04-27 10:37:07,434][smirk.training.trainer][INFO] - Epoch 271 [0/2500]  KL: 33.907551  CE: 26.088556  Diversity: 2.317142
[2026-04-27 10:37:08,923][smirk.training.trainer][INFO] - Epoch 272 [0/2500]  KL: 34.396729  CE: 27.072090  Diversity: 2.670832
[2026-04-27 10:37:10,414][smirk.training.trainer][INFO] - Epoch 273 [0/2500]  KL: 30.481865  CE: 24.874781  Diversity: 2.374852
[2026-04-27 10:37:11,902][smirk.training.trainer][INFO] - Epoch 274 [0/2500]  KL: 30.250336  CE: 22.849203  Diversity: 2.844360
[2026-04-27 10:37:13,392][smirk.training.trainer][INFO] - Epoch 275 [0/2500]  KL: 34.327942  CE: 25.622650  Diversity: 2.067547
[2026-04-27 10:37:31,510][smirk.training.trainer][INFO] - Test — loss: 254.6286 | Top-1: 4/31419 (0.01%) | Top-5: 13/31419 (0.04%)
[2026-04-27 10:37:31,571][smirk.training.trainer][INFO] - Epoch 276 [0/2500]  KL: 34.614204  CE: 27.044157  Diversity: 1.906220
[2026-04-27 10:37:33,051][smirk.training.trainer][INFO] - Epoch 277 [0/2500]  KL: 32.261848  CE: 24.865843  Diversity: 2.231182
[2026-04-27 10:37:34,534][smirk.training.trainer][INFO] - Epoch 278 [0/2500]  KL: 30.947594  CE: 23.225698  Diversity: 1.788529
[2026-04-27 10:37:36,019][smirk.training.trainer][INFO] - Epoch 279 [0/2500]  KL: 33.871971  CE: 28.369448  Diversity: 2.424435
[2026-04-27 10:37:37,505][smirk.training.trainer][INFO] - Epoch 280 [0/2500]  KL: 37.122757  CE: 29.794062  Diversity: 2.185390
[2026-04-27 10:37:38,996][smirk.training.trainer][INFO] - Epoch 281 [0/2500]  KL: 32.386982  CE: 27.299397  Diversity: 2.864018
[2026-04-27 10:37:40,487][smirk.training.trainer][INFO] - Epoch 282 [0/2500]  KL: 35.626282  CE: 28.013124  Diversity: 2.110235
[2026-04-27 10:37:41,979][smirk.training.trainer][INFO] - Epoch 283 [0/2500]  KL: 34.198803  CE: 27.162310  Diversity: 2.904557
[2026-04-27 10:37:43,468][smirk.training.trainer][INFO] - Epoch 284 [0/2500]  KL: 30.952103  CE: 25.123018  Diversity: 1.942790
[2026-04-27 10:37:44,958][smirk.training.trainer][INFO] - Epoch 285 [0/2500]  KL: 31.783516  CE: 26.242249  Diversity: 1.951676
[2026-04-27 10:37:46,449][smirk.training.trainer][INFO] - Epoch 286 [0/2500]  KL: 35.364147  CE: 28.149481  Diversity: 1.524426
[2026-04-27 10:37:47,939][smirk.training.trainer][INFO] - Epoch 287 [0/2500]  KL: 31.880348  CE: 24.023571  Diversity: 2.592165
[2026-04-27 10:37:49,430][smirk.training.trainer][INFO] - Epoch 288 [0/2500]  KL: 34.173496  CE: 27.770664  Diversity: 2.201010
[2026-04-27 10:37:50,919][smirk.training.trainer][INFO] - Epoch 289 [0/2500]  KL: 37.582264  CE: 27.930368  Diversity: 2.313130
[2026-04-27 10:37:52,409][smirk.training.trainer][INFO] - Epoch 290 [0/2500]  KL: 32.365334  CE: 25.823841  Diversity: 3.324597
[2026-04-27 10:37:53,900][smirk.training.trainer][INFO] - Epoch 291 [0/2500]  KL: 28.650391  CE: 24.921196  Diversity: 3.248503
[2026-04-27 10:37:55,391][smirk.training.trainer][INFO] - Epoch 292 [0/2500]  KL: 32.967873  CE: 26.203238  Diversity: 3.647369
[2026-04-27 10:37:56,884][smirk.training.trainer][INFO] - Epoch 293 [0/2500]  KL: 34.148590  CE: 27.259388  Diversity: 2.149196
[2026-04-27 10:37:58,374][smirk.training.trainer][INFO] - Epoch 294 [0/2500]  KL: 36.880085  CE: 27.678127  Diversity: 1.699214
[2026-04-27 10:37:59,864][smirk.training.trainer][INFO] - Epoch 295 [0/2500]  KL: 39.262276  CE: 29.862581  Diversity: 1.584151
[2026-04-27 10:38:01,355][smirk.training.trainer][INFO] - Epoch 296 [0/2500]  KL: 39.283241  CE: 30.413696  Diversity: 1.955745
[2026-04-27 10:38:02,845][smirk.training.trainer][INFO] - Epoch 297 [0/2500]  KL: 34.426178  CE: 27.075092  Diversity: 1.637205
[2026-04-27 10:38:04,336][smirk.training.trainer][INFO] - Epoch 298 [0/2500]  KL: 31.729488  CE: 26.379301  Diversity: 3.352995
[2026-04-27 10:38:05,825][smirk.training.trainer][INFO] - Epoch 299 [0/2500]  KL: 39.577553  CE: 30.052946  Diversity: 1.600235
[2026-04-27 10:38:07,316][smirk.training.trainer][INFO] - Epoch 300 [0/2500]  KL: 35.091446  CE: 26.595663  Diversity: 3.602381
[2026-04-27 10:38:27,330][smirk.training.trainer][INFO] - Test — loss: 191.8445 | Top-1: 2/31419 (0.01%) | Top-5: 16/31419 (0.05%)
[2026-04-27 10:38:27,391][smirk.training.trainer][INFO] - Epoch 301 [0/2500]  KL: 29.484747  CE: 23.747358  Diversity: 3.839710
[2026-04-27 10:38:28,873][smirk.training.trainer][INFO] - Epoch 302 [0/2500]  KL: 31.997051  CE: 25.142027  Diversity: 2.586084
[2026-04-27 10:38:30,357][smirk.training.trainer][INFO] - Epoch 303 [0/2500]  KL: 35.372349  CE: 28.401327  Diversity: 1.733361
[2026-04-27 10:38:31,842][smirk.training.trainer][INFO] - Epoch 304 [0/2500]  KL: 31.864573  CE: 26.525782  Diversity: 2.660069
[2026-04-27 10:38:33,330][smirk.training.trainer][INFO] - Epoch 305 [0/2500]  KL: 31.062193  CE: 25.921505  Diversity: 2.425229
[2026-04-27 10:38:34,822][smirk.training.trainer][INFO] - Epoch 306 [0/2500]  KL: 32.974949  CE: 26.095428  Diversity: 2.244548
[2026-04-27 10:38:36,314][smirk.training.trainer][INFO] - Epoch 307 [0/2500]  KL: 28.990269  CE: 24.547798  Diversity: 4.038611
[2026-04-27 10:38:37,806][smirk.training.trainer][INFO] - Epoch 308 [0/2500]  KL: 32.694481  CE: 28.518217  Diversity: 2.196212
[2026-04-27 10:38:39,296][smirk.training.trainer][INFO] - Epoch 309 [0/2500]  KL: 32.663635  CE: 27.148067  Diversity: 2.879339
[2026-04-27 10:38:40,787][smirk.training.trainer][INFO] - Epoch 310 [0/2500]  KL: 32.273811  CE: 25.535170  Diversity: 2.614826
[2026-04-27 10:38:42,283][smirk.training.trainer][INFO] - Epoch 311 [0/2500]  KL: 34.051727  CE: 27.843529  Diversity: 2.508541
[2026-04-27 10:38:43,773][smirk.training.trainer][INFO] - Epoch 312 [0/2500]  KL: 35.422096  CE: 29.048658  Diversity: 1.929910
[2026-04-27 10:38:45,264][smirk.training.trainer][INFO] - Epoch 313 [0/2500]  KL: 39.417152  CE: 32.369423  Diversity: 1.837229
[2026-04-27 10:38:46,752][smirk.training.trainer][INFO] - Epoch 314 [0/2500]  KL: 30.932117  CE: 25.461624  Diversity: 2.246940
[2026-04-27 10:38:48,242][smirk.training.trainer][INFO] - Epoch 315 [0/2500]  KL: 35.932579  CE: 29.585802  Diversity: 2.646296
[2026-04-27 10:38:49,733][smirk.training.trainer][INFO] - Epoch 316 [0/2500]  KL: 32.169720  CE: 26.888559  Diversity: 2.735218
[2026-04-27 10:38:51,222][smirk.training.trainer][INFO] - Epoch 317 [0/2500]  KL: 34.698402  CE: 27.387327  Diversity: 1.948458
[2026-04-27 10:38:52,714][smirk.training.trainer][INFO] - Epoch 318 [0/2500]  KL: 31.517906  CE: 25.240097  Diversity: 2.003269
[2026-04-27 10:38:54,204][smirk.training.trainer][INFO] - Epoch 319 [0/2500]  KL: 32.612587  CE: 26.063280  Diversity: 1.567156
[2026-04-27 10:38:55,694][smirk.training.trainer][INFO] - Epoch 320 [0/2500]  KL: 30.626406  CE: 25.993990  Diversity: 1.978362
[2026-04-27 10:38:57,189][smirk.training.trainer][INFO] - Epoch 321 [0/2500]  KL: 31.168091  CE: 26.320345  Diversity: 2.094454
[2026-04-27 10:38:58,679][smirk.training.trainer][INFO] - Epoch 322 [0/2500]  KL: 31.051031  CE: 26.111101  Diversity: 2.160377
[2026-04-27 10:39:00,170][smirk.training.trainer][INFO] - Epoch 323 [0/2500]  KL: 37.365379  CE: 27.599308  Diversity: 3.422608
[2026-04-27 10:39:01,660][smirk.training.trainer][INFO] - Epoch 324 [0/2500]  KL: 32.682198  CE: 26.360853  Diversity: 1.813310
[2026-04-27 10:39:03,151][smirk.training.trainer][INFO] - Epoch 325 [0/2500]  KL: 29.965616  CE: 24.148170  Diversity: 2.332283
[2026-04-27 10:39:23,234][smirk.training.trainer][INFO] - Test — loss: 190.8273 | Top-1: 1/31419 (0.00%) | Top-5: 13/31419 (0.04%)
[2026-04-27 10:39:23,295][smirk.training.trainer][INFO] - Epoch 326 [0/2500]  KL: 33.970924  CE: 28.301706  Diversity: 2.220654
[2026-04-27 10:39:24,777][smirk.training.trainer][INFO] - Epoch 327 [0/2500]  KL: 35.417084  CE: 25.407701  Diversity: 4.157262
[2026-04-27 10:39:26,262][smirk.training.trainer][INFO] - Epoch 328 [0/2500]  KL: 31.001949  CE: 24.746334  Diversity: 1.721853
[2026-04-27 10:39:27,749][smirk.training.trainer][INFO] - Epoch 329 [0/2500]  KL: 33.335590  CE: 27.615976  Diversity: 3.073010
[2026-04-27 10:39:29,236][smirk.training.trainer][INFO] - Epoch 330 [0/2500]  KL: 33.453693  CE: 26.225054  Diversity: 1.740146
[2026-04-27 10:39:30,725][smirk.training.trainer][INFO] - Epoch 331 [0/2500]  KL: 31.997753  CE: 26.365650  Diversity: 2.285589
[2026-04-27 10:39:32,214][smirk.training.trainer][INFO] - Epoch 332 [0/2500]  KL: 28.911583  CE: 23.646042  Diversity: 2.219427
[2026-04-27 10:39:33,706][smirk.training.trainer][INFO] - Epoch 333 [0/2500]  KL: 32.569210  CE: 25.481913  Diversity: 3.147151
[2026-04-27 10:39:35,196][smirk.training.trainer][INFO] - Epoch 334 [0/2500]  KL: 33.507153  CE: 26.886559  Diversity: 3.294345
[2026-04-27 10:39:36,686][smirk.training.trainer][INFO] - Epoch 335 [0/2500]  KL: 35.234890  CE: 27.772095  Diversity: 1.945909
[2026-04-27 10:39:38,181][smirk.training.trainer][INFO] - Epoch 336 [0/2500]  KL: 32.625015  CE: 26.051699  Diversity: 2.943858
[2026-04-27 10:39:39,668][smirk.training.trainer][INFO] - Epoch 337 [0/2500]  KL: 34.153198  CE: 26.178320  Diversity: 2.272979
[2026-04-27 10:39:41,159][smirk.training.trainer][INFO] - Epoch 338 [0/2500]  KL: 34.346127  CE: 26.868208  Diversity: 1.864065
[2026-04-27 10:39:42,647][smirk.training.trainer][INFO] - Epoch 339 [0/2500]  KL: 32.898499  CE: 27.816921  Diversity: 2.179792
[2026-04-27 10:39:44,138][smirk.training.trainer][INFO] - Epoch 340 [0/2500]  KL: 32.705818  CE: 25.974894  Diversity: 4.572414
[2026-04-27 10:39:45,627][smirk.training.trainer][INFO] - Epoch 341 [0/2500]  KL: 33.307121  CE: 27.229158  Diversity: 1.863288
[2026-04-27 10:39:47,117][smirk.training.trainer][INFO] - Epoch 342 [0/2500]  KL: 34.446278  CE: 26.897627  Diversity: 2.224779
[2026-04-27 10:39:48,609][smirk.training.trainer][INFO] - Epoch 343 [0/2500]  KL: 34.758682  CE: 26.358858  Diversity: 1.912741
[2026-04-27 10:39:50,099][smirk.training.trainer][INFO] - Epoch 344 [0/2500]  KL: 32.406967  CE: 27.325495  Diversity: 2.091732
[2026-04-27 10:39:51,589][smirk.training.trainer][INFO] - Epoch 345 [0/2500]  KL: 32.971722  CE: 26.425077  Diversity: 2.131180
[2026-04-27 10:39:53,082][smirk.training.trainer][INFO] - Epoch 346 [0/2500]  KL: 31.483894  CE: 24.972008  Diversity: 1.586638
[2026-04-27 10:39:54,573][smirk.training.trainer][INFO] - Epoch 347 [0/2500]  KL: 30.425755  CE: 25.510553  Diversity: 2.155616
[2026-04-27 10:39:56,063][smirk.training.trainer][INFO] - Epoch 348 [0/2500]  KL: 33.439453  CE: 26.787558  Diversity: 1.798217
[2026-04-27 10:39:57,552][smirk.training.trainer][INFO] - Epoch 349 [0/2500]  KL: 34.342987  CE: 27.285776  Diversity: 1.906433
[2026-04-27 10:39:59,043][smirk.training.trainer][INFO] - Epoch 350 [0/2500]  KL: 30.715618  CE: 25.851959  Diversity: 2.338475
[2026-04-27 10:40:19,135][smirk.training.trainer][INFO] - Test — loss: 199.0427 | Top-1: 2/31419 (0.01%) | Top-5: 11/31419 (0.04%)
[2026-04-27 10:40:19,196][smirk.training.trainer][INFO] - Epoch 351 [0/2500]  KL: 36.864933  CE: 28.674593  Diversity: 1.401725
[2026-04-27 10:40:20,681][smirk.training.trainer][INFO] - Epoch 352 [0/2500]  KL: 34.326412  CE: 28.113432  Diversity: 1.761181
[2026-04-27 10:40:22,170][smirk.training.trainer][INFO] - Epoch 353 [0/2500]  KL: 35.069214  CE: 29.033068  Diversity: 2.097001
[2026-04-27 10:40:23,661][smirk.training.trainer][INFO] - Epoch 354 [0/2500]  KL: 37.598923  CE: 29.407717  Diversity: 2.085398
[2026-04-27 10:40:25,156][smirk.training.trainer][INFO] - Epoch 355 [0/2500]  KL: 32.513607  CE: 27.316856  Diversity: 3.136278
[2026-04-27 10:40:26,647][smirk.training.trainer][INFO] - Epoch 356 [0/2500]  KL: 33.745396  CE: 28.988749  Diversity: 4.690516
[2026-04-27 10:40:28,136][smirk.training.trainer][INFO] - Epoch 357 [0/2500]  KL: 30.642805  CE: 26.107641  Diversity: 3.024941
[2026-04-27 10:40:29,629][smirk.training.trainer][INFO] - Epoch 358 [0/2500]  KL: 29.983814  CE: 24.411263  Diversity: 2.009505
[2026-04-27 10:40:31,119][smirk.training.trainer][INFO] - Epoch 359 [0/2500]  KL: 31.170898  CE: 25.604454  Diversity: 2.476080
[2026-04-27 10:40:32,609][smirk.training.trainer][INFO] - Epoch 360 [0/2500]  KL: 32.174797  CE: 26.070068  Diversity: 2.230475
[2026-04-27 10:40:34,101][smirk.training.trainer][INFO] - Epoch 361 [0/2500]  KL: 35.915184  CE: 28.026463  Diversity: 3.129843
[2026-04-27 10:40:35,590][smirk.training.trainer][INFO] - Epoch 362 [0/2500]  KL: 38.150238  CE: 31.964123  Diversity: 2.457572
[2026-04-27 10:40:37,080][smirk.training.trainer][INFO] - Epoch 363 [0/2500]  KL: 32.344730  CE: 25.656206  Diversity: 2.284388
[2026-04-27 10:40:38,570][smirk.training.trainer][INFO] - Epoch 364 [0/2500]  KL: 32.808540  CE: 28.052229  Diversity: 3.910212
[2026-04-27 10:40:40,061][smirk.training.trainer][INFO] - Epoch 365 [0/2500]  KL: 35.377762  CE: 27.700874  Diversity: 1.986281
[2026-04-27 10:40:41,551][smirk.training.trainer][INFO] - Epoch 366 [0/2500]  KL: 29.945217  CE: 25.697449  Diversity: 3.676972
[2026-04-27 10:40:43,041][smirk.training.trainer][INFO] - Epoch 367 [0/2500]  KL: 30.256760  CE: 26.009407  Diversity: 1.823903
[2026-04-27 10:40:44,532][smirk.training.trainer][INFO] - Epoch 368 [0/2500]  KL: 30.993408  CE: 26.707960  Diversity: 2.006027
[2026-04-27 10:40:46,023][smirk.training.trainer][INFO] - Epoch 369 [0/2500]  KL: 34.509438  CE: 28.860714  Diversity: 1.714588
[2026-04-27 10:40:47,514][smirk.training.trainer][INFO] - Epoch 370 [0/2500]  KL: 28.825417  CE: 25.621019  Diversity: 2.053638
[2026-04-27 10:40:49,004][smirk.training.trainer][INFO] - Epoch 371 [0/2500]  KL: 32.408569  CE: 26.902786  Diversity: 1.782166
[2026-04-27 10:40:50,495][smirk.training.trainer][INFO] - Epoch 372 [0/2500]  KL: 35.117905  CE: 28.413177  Diversity: 2.914776
[2026-04-27 10:40:51,985][smirk.training.trainer][INFO] - Epoch 373 [0/2500]  KL: 33.803551  CE: 27.341259  Diversity: 2.535980
[2026-04-27 10:40:53,476][smirk.training.trainer][INFO] - Epoch 374 [0/2500]  KL: 32.473392  CE: 26.243135  Diversity: 3.234360
[2026-04-27 10:40:54,968][smirk.training.trainer][INFO] - Epoch 375 [0/2500]  KL: 35.503975  CE: 28.611252  Diversity: 2.532358
[2026-04-27 10:41:14,654][smirk.training.trainer][INFO] - Test — loss: 267.5861 | Top-1: 5/31419 (0.02%) | Top-5: 14/31419 (0.04%)
[2026-04-27 10:41:14,714][smirk.training.trainer][INFO] - Epoch 376 [0/2500]  KL: 30.299391  CE: 25.113131  Diversity: 2.584336
[2026-04-27 10:41:16,199][smirk.training.trainer][INFO] - Epoch 377 [0/2500]  KL: 34.111618  CE: 27.069216  Diversity: 1.495537
[2026-04-27 10:41:17,683][smirk.training.trainer][INFO] - Epoch 378 [0/2500]  KL: 32.185455  CE: 26.045183  Diversity: 3.249328
[2026-04-27 10:41:19,168][smirk.training.trainer][INFO] - Epoch 379 [0/2500]  KL: 34.140747  CE: 27.695364  Diversity: 1.608711
[2026-04-27 10:41:20,657][smirk.training.trainer][INFO] - Epoch 380 [0/2500]  KL: 28.614618  CE: 23.990959  Diversity: 1.733805
[2026-04-27 10:41:22,147][smirk.training.trainer][INFO] - Epoch 381 [0/2500]  KL: 29.383469  CE: 24.443106  Diversity: 2.592651
[2026-04-27 10:41:23,636][smirk.training.trainer][INFO] - Epoch 382 [0/2500]  KL: 30.128014  CE: 24.742649  Diversity: 1.900791
[2026-04-27 10:41:25,129][smirk.training.trainer][INFO] - Epoch 383 [0/2500]  KL: 34.567963  CE: 28.207481  Diversity: 3.390476
[2026-04-27 10:41:26,618][smirk.training.trainer][INFO] - Epoch 384 [0/2500]  KL: 30.146248  CE: 24.727350  Diversity: 2.494743
[2026-04-27 10:41:28,109][smirk.training.trainer][INFO] - Epoch 385 [0/2500]  KL: 36.341187  CE: 29.951542  Diversity: 2.323988
[2026-04-27 10:41:29,600][smirk.training.trainer][INFO] - Epoch 386 [0/2500]  KL: 33.001259  CE: 26.653250  Diversity: 3.251524
[2026-04-27 10:41:31,094][smirk.training.trainer][INFO] - Epoch 387 [0/2500]  KL: 32.962444  CE: 27.680473  Diversity: 2.387142
[2026-04-27 10:41:32,586][smirk.training.trainer][INFO] - Epoch 388 [0/2500]  KL: 32.082127  CE: 24.695782  Diversity: 2.949515
[2026-04-27 10:41:34,077][smirk.training.trainer][INFO] - Epoch 389 [0/2500]  KL: 34.285416  CE: 27.548054  Diversity: 1.941193
[2026-04-27 10:41:35,568][smirk.training.trainer][INFO] - Epoch 390 [0/2500]  KL: 30.429295  CE: 24.912296  Diversity: 2.284312
[2026-04-27 10:41:37,060][smirk.training.trainer][INFO] - Epoch 391 [0/2500]  KL: 30.628407  CE: 25.914003  Diversity: 1.736924
[2026-04-27 10:41:38,549][smirk.training.trainer][INFO] - Epoch 392 [0/2500]  KL: 32.751461  CE: 26.422869  Diversity: 2.108252
[2026-04-27 10:41:40,041][smirk.training.trainer][INFO] - Epoch 393 [0/2500]  KL: 30.615309  CE: 25.732765  Diversity: 2.352222
[2026-04-27 10:41:41,531][smirk.training.trainer][INFO] - Epoch 394 [0/2500]  KL: 32.793705  CE: 25.147871  Diversity: 1.515215
[2026-04-27 10:41:43,021][smirk.training.trainer][INFO] - Epoch 395 [0/2500]  KL: 33.251366  CE: 26.084080  Diversity: 1.835106
[2026-04-27 10:41:44,515][smirk.training.trainer][INFO] - Epoch 396 [0/2500]  KL: 33.856995  CE: 26.432186  Diversity: 2.681009
[2026-04-27 10:41:46,003][smirk.training.trainer][INFO] - Epoch 397 [0/2500]  KL: 33.918137  CE: 26.185654  Diversity: 1.929387
[2026-04-27 10:41:47,493][smirk.training.trainer][INFO] - Epoch 398 [0/2500]  KL: 31.612385  CE: 26.340628  Diversity: 1.676023
[2026-04-27 10:41:48,983][smirk.training.trainer][INFO] - Epoch 399 [0/2500]  KL: 32.354652  CE: 27.028105  Diversity: 1.440852
[2026-04-27 10:41:50,476][smirk.training.trainer][INFO] - Epoch 400 [0/2500]  KL: 31.656570  CE: 27.178570  Diversity: 2.500806
[2026-04-27 10:42:10,322][smirk.training.trainer][INFO] - Test — loss: 330.3929 | Top-1: 5/31419 (0.02%) | Top-5: 11/31419 (0.04%)
[2026-04-27 10:42:10,384][smirk.training.trainer][INFO] - Epoch 401 [0/2500]  KL: 33.735237  CE: 28.566240  Diversity: 2.613688
[2026-04-27 10:42:11,866][smirk.training.trainer][INFO] - Epoch 402 [0/2500]  KL: 33.148079  CE: 26.718472  Diversity: 1.711681
[2026-04-27 10:42:13,350][smirk.training.trainer][INFO] - Epoch 403 [0/2500]  KL: 32.370720  CE: 24.216724  Diversity: 2.160878
[2026-04-27 10:42:14,835][smirk.training.trainer][INFO] - Epoch 404 [0/2500]  KL: 30.615664  CE: 25.953468  Diversity: 2.579055
[2026-04-27 10:42:16,325][smirk.training.trainer][INFO] - Epoch 405 [0/2500]  KL: 31.092543  CE: 26.276730  Diversity: 3.739374
[2026-04-27 10:42:17,816][smirk.training.trainer][INFO] - Epoch 406 [0/2500]  KL: 32.017647  CE: 26.674328  Diversity: 1.597932
[2026-04-27 10:42:19,306][smirk.training.trainer][INFO] - Epoch 407 [0/2500]  KL: 35.951958  CE: 26.740536  Diversity: 2.545257
[2026-04-27 10:42:20,799][smirk.training.trainer][INFO] - Epoch 408 [0/2500]  KL: 31.010632  CE: 26.230747  Diversity: 2.880738
[2026-04-27 10:42:22,289][smirk.training.trainer][INFO] - Epoch 409 [0/2500]  KL: 30.661995  CE: 25.247307  Diversity: 2.123554
[2026-04-27 10:42:23,779][smirk.training.trainer][INFO] - Epoch 410 [0/2500]  KL: 32.949745  CE: 27.020308  Diversity: 3.599394
[2026-04-27 10:42:25,271][smirk.training.trainer][INFO] - Epoch 411 [0/2500]  KL: 27.686684  CE: 24.821796  Diversity: 3.200907
[2026-04-27 10:42:26,760][smirk.training.trainer][INFO] - Epoch 412 [0/2500]  KL: 30.961948  CE: 25.124306  Diversity: 2.562351
[2026-04-27 10:42:28,251][smirk.training.trainer][INFO] - Epoch 413 [0/2500]  KL: 35.168961  CE: 28.630459  Diversity: 2.296669
[2026-04-27 10:42:29,740][smirk.training.trainer][INFO] - Epoch 414 [0/2500]  KL: 28.852825  CE: 25.049185  Diversity: 2.358945
[2026-04-27 10:42:31,237][smirk.training.trainer][INFO] - Epoch 415 [0/2500]  KL: 29.488174  CE: 23.798521  Diversity: 1.737843
[2026-04-27 10:42:32,728][smirk.training.trainer][INFO] - Epoch 416 [0/2500]  KL: 31.258463  CE: 26.374147  Diversity: 3.907693
[2026-04-27 10:42:34,218][smirk.training.trainer][INFO] - Epoch 417 [0/2500]  KL: 29.064415  CE: 24.868031  Diversity: 2.051611
[2026-04-27 10:42:35,708][smirk.training.trainer][INFO] - Epoch 418 [0/2500]  KL: 33.741440  CE: 28.786432  Diversity: 1.951360
[2026-04-27 10:42:37,198][smirk.training.trainer][INFO] - Epoch 419 [0/2500]  KL: 31.819229  CE: 26.294651  Diversity: 3.772017
[2026-04-27 10:42:38,688][smirk.training.trainer][INFO] - Epoch 420 [0/2500]  KL: 32.970970  CE: 26.539288  Diversity: 2.609236
[2026-04-27 10:42:40,176][smirk.training.trainer][INFO] - Epoch 421 [0/2500]  KL: 34.229523  CE: 29.050777  Diversity: 2.081786
[2026-04-27 10:42:41,671][smirk.training.trainer][INFO] - Epoch 422 [0/2500]  KL: 31.791958  CE: 26.509958  Diversity: 2.761488
[2026-04-27 10:42:43,161][smirk.training.trainer][INFO] - Epoch 423 [0/2500]  KL: 31.877373  CE: 27.410177  Diversity: 2.329874
[2026-04-27 10:42:44,650][smirk.training.trainer][INFO] - Epoch 424 [0/2500]  KL: 28.363819  CE: 24.447920  Diversity: 2.636166
[2026-04-27 10:42:46,140][smirk.training.trainer][INFO] - Epoch 425 [0/2500]  KL: 29.939884  CE: 25.137270  Diversity: 2.807043
[2026-04-27 10:43:05,647][smirk.training.trainer][INFO] - Test — loss: 201.0088 | Top-1: 1/31419 (0.00%) | Top-5: 10/31419 (0.03%)
[2026-04-27 10:43:05,704][smirk.training.trainer][INFO] - Epoch 426 [0/2500]  KL: 31.128778  CE: 25.955877  Diversity: 2.236336
[2026-04-27 10:43:07,189][smirk.training.trainer][INFO] - Epoch 427 [0/2500]  KL: 29.711723  CE: 24.902382  Diversity: 1.393583
[2026-04-27 10:43:08,681][smirk.training.trainer][INFO] - Epoch 428 [0/2500]  KL: 32.250172  CE: 26.132906  Diversity: 2.003005
[2026-04-27 10:43:10,167][smirk.training.trainer][INFO] - Epoch 429 [0/2500]  KL: 31.592722  CE: 25.796263  Diversity: 2.505264
[2026-04-27 10:43:11,653][smirk.training.trainer][INFO] - Epoch 430 [0/2500]  KL: 28.199768  CE: 24.606533  Diversity: 2.358601
[2026-04-27 10:43:13,144][smirk.training.trainer][INFO] - Epoch 431 [0/2500]  KL: 31.546829  CE: 25.381830  Diversity: 1.799067
[2026-04-27 10:43:14,633][smirk.training.trainer][INFO] - Epoch 432 [0/2500]  KL: 32.035221  CE: 26.450342  Diversity: 1.289747
[2026-04-27 10:43:16,137][smirk.training.trainer][INFO] - Epoch 433 [0/2500]  KL: 32.361580  CE: 26.398197  Diversity: 1.566012
[2026-04-27 10:43:17,628][smirk.training.trainer][INFO] - Epoch 434 [0/2500]  KL: 28.792883  CE: 26.097635  Diversity: 1.956936
[2026-04-27 10:43:19,119][smirk.training.trainer][INFO] - Epoch 435 [0/2500]  KL: 31.292599  CE: 25.948009  Diversity: 1.797691
[2026-04-27 10:43:20,610][smirk.training.trainer][INFO] - Epoch 436 [0/2500]  KL: 31.484463  CE: 25.524126  Diversity: 1.860444
[2026-04-27 10:43:22,104][smirk.training.trainer][INFO] - Epoch 437 [0/2500]  KL: 32.922012  CE: 26.174482  Diversity: 1.377883
[2026-04-27 10:43:23,600][smirk.training.trainer][INFO] - Epoch 438 [0/2500]  KL: 25.408993  CE: 22.849030  Diversity: 1.800983
[2026-04-27 10:43:25,089][smirk.training.trainer][INFO] - Epoch 439 [0/2500]  KL: 28.727497  CE: 23.868706  Diversity: 1.695475
[2026-04-27 10:43:26,578][smirk.training.trainer][INFO] - Epoch 440 [0/2500]  KL: 33.068550  CE: 29.342119  Diversity: 1.621897
[2026-04-27 10:43:28,066][smirk.training.trainer][INFO] - Epoch 441 [0/2500]  KL: 28.135740  CE: 26.613300  Diversity: 4.375529
[2026-04-27 10:43:29,556][smirk.training.trainer][INFO] - Epoch 442 [0/2500]  KL: 31.110237  CE: 27.021383  Diversity: 1.422325
[2026-04-27 10:43:31,046][smirk.training.trainer][INFO] - Epoch 443 [0/2500]  KL: 29.293064  CE: 26.817720  Diversity: 2.778537
[2026-04-27 10:43:32,536][smirk.training.trainer][INFO] - Epoch 444 [0/2500]  KL: 32.309601  CE: 26.481476  Diversity: 1.989810
[2026-04-27 10:43:34,040][smirk.training.trainer][INFO] - Epoch 445 [0/2500]  KL: 26.639809  CE: 24.000154  Diversity: 2.547099
[2026-04-27 10:43:35,530][smirk.training.trainer][INFO] - Epoch 446 [0/2500]  KL: 28.811001  CE: 25.515934  Diversity: 3.334744
[2026-04-27 10:43:37,021][smirk.training.trainer][INFO] - Epoch 447 [0/2500]  KL: 28.239666  CE: 25.147505  Diversity: 1.548782
[2026-04-27 10:43:38,510][smirk.training.trainer][INFO] - Epoch 448 [0/2500]  KL: 29.660093  CE: 25.140287  Diversity: 3.464930
[2026-04-27 10:43:39,998][smirk.training.trainer][INFO] - Epoch 449 [0/2500]  KL: 29.798628  CE: 24.111399  Diversity: 1.707161
[2026-04-27 10:43:41,490][smirk.training.trainer][INFO] - Epoch 450 [0/2500]  KL: 30.371065  CE: 25.718372  Diversity: 1.931565
[2026-04-27 10:44:01,641][smirk.training.trainer][INFO] - Test — loss: 202.9021 | Top-1: 1/31419 (0.00%) | Top-5: 11/31419 (0.04%)
[2026-04-27 10:44:01,702][smirk.training.trainer][INFO] - Epoch 451 [0/2500]  KL: 29.436916  CE: 25.068857  Diversity: 2.935030
[2026-04-27 10:44:03,193][smirk.training.trainer][INFO] - Epoch 452 [0/2500]  KL: 31.053991  CE: 27.806219  Diversity: 2.213342
[2026-04-27 10:44:04,681][smirk.training.trainer][INFO] - Epoch 453 [0/2500]  KL: 30.610201  CE: 25.669176  Diversity: 1.997830
[2026-04-27 10:44:06,170][smirk.training.trainer][INFO] - Epoch 454 [0/2500]  KL: 30.903427  CE: 26.230652  Diversity: 1.621281
[2026-04-27 10:44:07,657][smirk.training.trainer][INFO] - Epoch 455 [0/2500]  KL: 30.108364  CE: 24.145620  Diversity: 2.169673
[2026-04-27 10:44:09,153][smirk.training.trainer][INFO] - Epoch 456 [0/2500]  KL: 31.868187  CE: 26.192474  Diversity: 1.751248
[2026-04-27 10:44:10,640][smirk.training.trainer][INFO] - Epoch 457 [0/2500]  KL: 31.243544  CE: 27.094738  Diversity: 2.125937
[2026-04-27 10:44:12,128][smirk.training.trainer][INFO] - Epoch 458 [0/2500]  KL: 31.310806  CE: 26.695547  Diversity: 2.455920
[2026-04-27 10:44:13,617][smirk.training.trainer][INFO] - Epoch 459 [0/2500]  KL: 29.449148  CE: 25.379816  Diversity: 1.457742
[2026-04-27 10:44:15,104][smirk.training.trainer][INFO] - Epoch 460 [0/2500]  KL: 32.384651  CE: 25.850307  Diversity: 1.411154
[2026-04-27 10:44:16,592][smirk.training.trainer][INFO] - Epoch 461 [0/2500]  KL: 32.307667  CE: 26.530111  Diversity: 2.001047
[2026-04-27 10:44:18,080][smirk.training.trainer][INFO] - Epoch 462 [0/2500]  KL: 29.045586  CE: 25.407478  Diversity: 1.941310
[2026-04-27 10:44:19,567][smirk.training.trainer][INFO] - Epoch 463 [0/2500]  KL: 29.308952  CE: 24.694069  Diversity: 2.133159
[2026-04-27 10:44:21,054][smirk.training.trainer][INFO] - Epoch 464 [0/2500]  KL: 30.887047  CE: 26.666956  Diversity: 1.652510
[2026-04-27 10:44:22,543][smirk.training.trainer][INFO] - Epoch 465 [0/2500]  KL: 32.208618  CE: 26.480202  Diversity: 1.934940
[2026-04-27 10:44:24,030][smirk.training.trainer][INFO] - Epoch 466 [0/2500]  KL: 34.346954  CE: 27.976694  Diversity: 2.539369
[2026-04-27 10:44:25,518][smirk.training.trainer][INFO] - Epoch 467 [0/2500]  KL: 33.293007  CE: 26.196318  Diversity: 2.123003
[2026-04-27 10:44:27,005][smirk.training.trainer][INFO] - Epoch 468 [0/2500]  KL: 26.637049  CE: 23.303843  Diversity: 1.685867
[2026-04-27 10:44:28,493][smirk.training.trainer][INFO] - Epoch 469 [0/2500]  KL: 31.655365  CE: 27.372419  Diversity: 2.156782
[2026-04-27 10:44:29,981][smirk.training.trainer][INFO] - Epoch 470 [0/2500]  KL: 34.473419  CE: 27.221781  Diversity: 1.462591
[2026-04-27 10:44:31,468][smirk.training.trainer][INFO] - Epoch 471 [0/2500]  KL: 29.965336  CE: 26.703852  Diversity: 2.531217
[2026-04-27 10:44:32,957][smirk.training.trainer][INFO] - Epoch 472 [0/2500]  KL: 32.259747  CE: 25.468557  Diversity: 1.289998
[2026-04-27 10:44:34,443][smirk.training.trainer][INFO] - Epoch 473 [0/2500]  KL: 28.155319  CE: 24.891544  Diversity: 2.533442
[2026-04-27 10:44:35,930][smirk.training.trainer][INFO] - Epoch 474 [0/2500]  KL: 31.748981  CE: 24.663744  Diversity: 2.330134
[2026-04-27 10:44:37,419][smirk.training.trainer][INFO] - Epoch 475 [0/2500]  KL: 31.692856  CE: 26.427046  Diversity: 1.262425
[2026-04-27 10:44:56,751][smirk.training.trainer][INFO] - Test — loss: 222.5201 | Top-1: 0/31419 (0.00%) | Top-5: 18/31419 (0.06%)
[2026-04-27 10:44:56,813][smirk.training.trainer][INFO] - Epoch 476 [0/2500]  KL: 32.921864  CE: 27.003933  Diversity: 2.007033
[2026-04-27 10:44:58,294][smirk.training.trainer][INFO] - Epoch 477 [0/2500]  KL: 32.384308  CE: 25.419489  Diversity: 1.887127
[2026-04-27 10:44:59,779][smirk.training.trainer][INFO] - Epoch 478 [0/2500]  KL: 36.270332  CE: 30.536940  Diversity: 3.156146
[2026-04-27 10:45:01,272][smirk.training.trainer][INFO] - Epoch 479 [0/2500]  KL: 31.710642  CE: 25.957605  Diversity: 2.708042
[2026-04-27 10:45:02,758][smirk.training.trainer][INFO] - Epoch 480 [0/2500]  KL: 31.156860  CE: 26.250898  Diversity: 1.533693
[2026-04-27 10:45:04,253][smirk.training.trainer][INFO] - Epoch 481 [0/2500]  KL: 32.973450  CE: 29.189398  Diversity: 1.766985
[2026-04-27 10:45:05,740][smirk.training.trainer][INFO] - Epoch 482 [0/2500]  KL: 30.245758  CE: 24.129869  Diversity: 1.599357
[2026-04-27 10:45:07,231][smirk.training.trainer][INFO] - Epoch 483 [0/2500]  KL: 33.330719  CE: 26.943518  Diversity: 1.650252
[2026-04-27 10:45:08,720][smirk.training.trainer][INFO] - Epoch 484 [0/2500]  KL: 31.168243  CE: 24.580734  Diversity: 2.778053
[2026-04-27 10:45:10,212][smirk.training.trainer][INFO] - Epoch 485 [0/2500]  KL: 29.547256  CE: 26.570499  Diversity: 2.662989
[2026-04-27 10:45:11,707][smirk.training.trainer][INFO] - Epoch 486 [0/2500]  KL: 31.066513  CE: 27.435165  Diversity: 2.426233
[2026-04-27 10:45:13,212][smirk.training.trainer][INFO] - Epoch 487 [0/2500]  KL: 29.677851  CE: 24.903074  Diversity: 2.155842
[2026-04-27 10:45:14,703][smirk.training.trainer][INFO] - Epoch 488 [0/2500]  KL: 29.461580  CE: 25.689547  Diversity: 2.237115
[2026-04-27 10:45:16,196][smirk.training.trainer][INFO] - Epoch 489 [0/2500]  KL: 27.878933  CE: 24.314852  Diversity: 1.776417
[2026-04-27 10:45:17,688][smirk.training.trainer][INFO] - Epoch 490 [0/2500]  KL: 30.538616  CE: 25.651196  Diversity: 1.940502
[2026-04-27 10:45:19,178][smirk.training.trainer][INFO] - Epoch 491 [0/2500]  KL: 32.335762  CE: 26.960890  Diversity: 2.050092
[2026-04-27 10:45:20,670][smirk.training.trainer][INFO] - Epoch 492 [0/2500]  KL: 29.595497  CE: 24.737692  Diversity: 1.660199
[2026-04-27 10:45:22,164][smirk.training.trainer][INFO] - Epoch 493 [0/2500]  KL: 31.367638  CE: 26.458961  Diversity: 1.800991
[2026-04-27 10:45:23,656][smirk.training.trainer][INFO] - Epoch 494 [0/2500]  KL: 28.957167  CE: 24.115702  Diversity: 2.038427
[2026-04-27 10:45:25,149][smirk.training.trainer][INFO] - Epoch 495 [0/2500]  KL: 33.454475  CE: 26.027039  Diversity: 2.303740
[2026-04-27 10:45:26,639][smirk.training.trainer][INFO] - Epoch 496 [0/2500]  KL: 28.423279  CE: 25.055868  Diversity: 2.275121
[2026-04-27 10:45:28,130][smirk.training.trainer][INFO] - Epoch 497 [0/2500]  KL: 31.949242  CE: 26.767540  Diversity: 1.406488
[2026-04-27 10:45:29,621][smirk.training.trainer][INFO] - Epoch 498 [0/2500]  KL: 31.920893  CE: 27.885563  Diversity: 2.540277
[2026-04-27 10:45:31,113][smirk.training.trainer][INFO] - Epoch 499 [0/2500]  KL: 35.199249  CE: 28.466669  Diversity: 1.877482
[2026-04-27 10:45:32,603][smirk.training.trainer][INFO] - Epoch 500 [0/2500]  KL: 28.702089  CE: 25.501867  Diversity: 1.910859
[2026-04-27 10:45:52,701][smirk.training.trainer][INFO] - Test — loss: 227.9888 | Top-1: 0/31419 (0.00%) | Top-5: 12/31419 (0.04%)
[2026-04-27 10:45:52,763][smirk.training.trainer][INFO] - Epoch 501 [0/2500]  KL: 30.774158  CE: 26.893927  Diversity: 1.764487
[2026-04-27 10:45:54,247][smirk.training.trainer][INFO] - Epoch 502 [0/2500]  KL: 30.235323  CE: 25.438744  Diversity: 2.507927
[2026-04-27 10:45:55,735][smirk.training.trainer][INFO] - Epoch 503 [0/2500]  KL: 30.175610  CE: 26.124691  Diversity: 2.108777
[2026-04-27 10:45:57,224][smirk.training.trainer][INFO] - Epoch 504 [0/2500]  KL: 33.172756  CE: 28.049419  Diversity: 2.324540
[2026-04-27 10:45:58,725][smirk.training.trainer][INFO] - Epoch 505 [0/2500]  KL: 35.265709  CE: 29.736330  Diversity: 2.543433
[2026-04-27 10:46:00,216][smirk.training.trainer][INFO] - Epoch 506 [0/2500]  KL: 26.912418  CE: 24.040632  Diversity: 2.356565
[2026-04-27 10:46:01,710][smirk.training.trainer][INFO] - Epoch 507 [0/2500]  KL: 33.158535  CE: 27.219248  Diversity: 2.245414
[2026-04-27 10:46:03,214][smirk.training.trainer][INFO] - Epoch 508 [0/2500]  KL: 30.315525  CE: 25.793180  Diversity: 2.049701
[2026-04-27 10:46:04,708][smirk.training.trainer][INFO] - Epoch 509 [0/2500]  KL: 26.035301  CE: 23.559036  Diversity: 2.410876
[2026-04-27 10:46:06,199][smirk.training.trainer][INFO] - Epoch 510 [0/2500]  KL: 29.097984  CE: 25.331985  Diversity: 2.298321
[2026-04-27 10:46:07,690][smirk.training.trainer][INFO] - Epoch 511 [0/2500]  KL: 28.999405  CE: 26.579733  Diversity: 1.757102
[2026-04-27 10:46:09,198][smirk.training.trainer][INFO] - Epoch 512 [0/2500]  KL: 31.811522  CE: 26.485012  Diversity: 1.662763
[2026-04-27 10:46:10,673][smirk.training.trainer][INFO] - Epoch 513 [0/2500]  KL: 30.427132  CE: 26.445789  Diversity: 4.136332
[2026-04-27 10:46:12,163][smirk.training.trainer][INFO] - Epoch 514 [0/2500]  KL: 31.636711  CE: 26.867918  Diversity: 3.010908
[2026-04-27 10:46:13,658][smirk.training.trainer][INFO] - Epoch 515 [0/2500]  KL: 32.675598  CE: 27.449287  Diversity: 2.821366
[2026-04-27 10:46:15,148][smirk.training.trainer][INFO] - Epoch 516 [0/2500]  KL: 27.673256  CE: 24.171434  Diversity: 5.493151
[2026-04-27 10:46:16,639][smirk.training.trainer][INFO] - Epoch 517 [0/2500]  KL: 30.294008  CE: 25.831371  Diversity: 1.912956
[2026-04-27 10:46:18,132][smirk.training.trainer][INFO] - Epoch 518 [0/2500]  KL: 32.267048  CE: 26.403681  Diversity: 1.906807
[2026-04-27 10:46:19,622][smirk.training.trainer][INFO] - Epoch 519 [0/2500]  KL: 29.684677  CE: 26.962208  Diversity: 1.699536
[2026-04-27 10:46:21,125][smirk.training.trainer][INFO] - Epoch 520 [0/2500]  KL: 34.342213  CE: 27.131485  Diversity: 3.338021
[2026-04-27 10:46:22,613][smirk.training.trainer][INFO] - Epoch 521 [0/2500]  KL: 31.842548  CE: 27.223967  Diversity: 1.736386
[2026-04-27 10:46:24,104][smirk.training.trainer][INFO] - Epoch 522 [0/2500]  KL: 28.182388  CE: 22.475235  Diversity: 2.142265
[2026-04-27 10:46:25,595][smirk.training.trainer][INFO] - Epoch 523 [0/2500]  KL: 32.682816  CE: 27.580610  Diversity: 2.302863
[2026-04-27 10:46:27,086][smirk.training.trainer][INFO] - Epoch 524 [0/2500]  KL: 33.421066  CE: 28.303007  Diversity: 1.306129
[2026-04-27 10:46:28,576][smirk.training.trainer][INFO] - Epoch 525 [0/2500]  KL: 30.130117  CE: 25.987156  Diversity: 3.390956
[2026-04-27 10:46:48,444][smirk.training.trainer][INFO] - Test — loss: 213.0138 | Top-1: 1/31419 (0.00%) | Top-5: 8/31419 (0.03%)
[2026-04-27 10:46:48,505][smirk.training.trainer][INFO] - Epoch 526 [0/2500]  KL: 32.848755  CE: 29.121292  Diversity: 1.619529
[2026-04-27 10:46:49,986][smirk.training.trainer][INFO] - Epoch 527 [0/2500]  KL: 31.822662  CE: 27.074255  Diversity: 2.552133
[2026-04-27 10:46:51,469][smirk.training.trainer][INFO] - Epoch 528 [0/2500]  KL: 33.294788  CE: 27.679039  Diversity: 2.753613
[2026-04-27 10:46:52,954][smirk.training.trainer][INFO] - Epoch 529 [0/2500]  KL: 32.832809  CE: 28.113102  Diversity: 1.406107
[2026-04-27 10:46:54,442][smirk.training.trainer][INFO] - Epoch 530 [0/2500]  KL: 29.368176  CE: 26.185144  Diversity: 3.360244
[2026-04-27 10:46:55,932][smirk.training.trainer][INFO] - Epoch 531 [0/2500]  KL: 24.777390  CE: 22.809875  Diversity: 2.687183
[2026-04-27 10:46:57,422][smirk.training.trainer][INFO] - Epoch 532 [0/2500]  KL: 30.439686  CE: 24.102640  Diversity: 2.322929
[2026-04-27 10:46:58,913][smirk.training.trainer][INFO] - Epoch 533 [0/2500]  KL: 29.848911  CE: 24.526390  Diversity: 1.700965
[2026-04-27 10:47:00,403][smirk.training.trainer][INFO] - Epoch 534 [0/2500]  KL: 30.092531  CE: 27.363323  Diversity: 1.945817
[2026-04-27 10:47:01,892][smirk.training.trainer][INFO] - Epoch 535 [0/2500]  KL: 29.621643  CE: 25.928724  Diversity: 1.943259
[2026-04-27 10:47:03,382][smirk.training.trainer][INFO] - Epoch 536 [0/2500]  KL: 30.218124  CE: 26.784613  Diversity: 2.326184
[2026-04-27 10:47:04,873][smirk.training.trainer][INFO] - Epoch 537 [0/2500]  KL: 32.718422  CE: 27.870852  Diversity: 1.844855
[2026-04-27 10:47:06,364][smirk.training.trainer][INFO] - Epoch 538 [0/2500]  KL: 31.292610  CE: 26.118574  Diversity: 2.917087
[2026-04-27 10:47:07,851][smirk.training.trainer][INFO] - Epoch 539 [0/2500]  KL: 28.954153  CE: 25.503603  Diversity: 2.672396
[2026-04-27 10:47:09,343][smirk.training.trainer][INFO] - Epoch 540 [0/2500]  KL: 30.511072  CE: 27.461102  Diversity: 2.645342
[2026-04-27 10:47:10,834][smirk.training.trainer][INFO] - Epoch 541 [0/2500]  KL: 29.640820  CE: 26.400221  Diversity: 2.180208
[2026-04-27 10:47:12,324][smirk.training.trainer][INFO] - Epoch 542 [0/2500]  KL: 29.193153  CE: 26.082958  Diversity: 2.097749
[2026-04-27 10:47:13,815][smirk.training.trainer][INFO] - Epoch 543 [0/2500]  KL: 29.663223  CE: 25.542341  Diversity: 2.623842
[2026-04-27 10:47:15,310][smirk.training.trainer][INFO] - Epoch 544 [0/2500]  KL: 30.853380  CE: 27.217138  Diversity: 2.732189
[2026-04-27 10:47:16,801][smirk.training.trainer][INFO] - Epoch 545 [0/2500]  KL: 29.121147  CE: 23.560028  Diversity: 3.175819
[2026-04-27 10:47:18,291][smirk.training.trainer][INFO] - Epoch 546 [0/2500]  KL: 32.546722  CE: 27.097313  Diversity: 1.834922
[2026-04-27 10:47:19,781][smirk.training.trainer][INFO] - Epoch 547 [0/2500]  KL: 29.223007  CE: 25.644051  Diversity: 1.543116
[2026-04-27 10:47:21,270][smirk.training.trainer][INFO] - Epoch 548 [0/2500]  KL: 30.681398  CE: 26.055315  Diversity: 1.425125
[2026-04-27 10:47:22,758][smirk.training.trainer][INFO] - Epoch 549 [0/2500]  KL: 29.809452  CE: 27.103291  Diversity: 2.942984
[2026-04-27 10:47:24,249][smirk.training.trainer][INFO] - Epoch 550 [0/2500]  KL: 33.389286  CE: 28.089937  Diversity: 2.421853
[2026-04-27 10:47:44,074][smirk.training.trainer][INFO] - Test — loss: 247.7432 | Top-1: 1/31419 (0.00%) | Top-5: 8/31419 (0.03%)
[2026-04-27 10:47:44,137][smirk.training.trainer][INFO] - Epoch 551 [0/2500]  KL: 32.440781  CE: 27.373394  Diversity: 2.042926
[2026-04-27 10:47:45,631][smirk.training.trainer][INFO] - Epoch 552 [0/2500]  KL: 31.288834  CE: 26.649473  Diversity: 2.528404
[2026-04-27 10:47:47,119][smirk.training.trainer][INFO] - Epoch 553 [0/2500]  KL: 27.152706  CE: 24.017117  Diversity: 1.855759
[2026-04-27 10:47:48,620][smirk.training.trainer][INFO] - Epoch 554 [0/2500]  KL: 29.246536  CE: 25.852507  Diversity: 1.861182
[2026-04-27 10:47:50,108][smirk.training.trainer][INFO] - Epoch 555 [0/2500]  KL: 32.329472  CE: 29.274551  Diversity: 2.127903
[2026-04-27 10:47:51,614][smirk.training.trainer][INFO] - Epoch 556 [0/2500]  KL: 29.571381  CE: 26.417854  Diversity: 1.849784
[2026-04-27 10:47:53,109][smirk.training.trainer][INFO] - Epoch 557 [0/2500]  KL: 28.115082  CE: 25.265741  Diversity: 2.465191
[2026-04-27 10:47:54,601][smirk.training.trainer][INFO] - Epoch 558 [0/2500]  KL: 30.929485  CE: 26.621094  Diversity: 1.853482
[2026-04-27 10:47:56,093][smirk.training.trainer][INFO] - Epoch 559 [0/2500]  KL: 31.522429  CE: 25.861547  Diversity: 1.959925
[2026-04-27 10:47:57,597][smirk.training.trainer][INFO] - Epoch 560 [0/2500]  KL: 29.877041  CE: 25.288774  Diversity: 2.721223
[2026-04-27 10:47:59,089][smirk.training.trainer][INFO] - Epoch 561 [0/2500]  KL: 30.859882  CE: 28.184851  Diversity: 2.391495
[2026-04-27 10:48:00,582][smirk.training.trainer][INFO] - Epoch 562 [0/2500]  KL: 27.676075  CE: 23.616394  Diversity: 4.283826
[2026-04-27 10:48:02,076][smirk.training.trainer][INFO] - Epoch 563 [0/2500]  KL: 31.535530  CE: 26.715109  Diversity: 2.316195
[2026-04-27 10:48:03,566][smirk.training.trainer][INFO] - Epoch 564 [0/2500]  KL: 29.097609  CE: 26.692802  Diversity: 2.188318
[2026-04-27 10:48:05,063][smirk.training.trainer][INFO] - Epoch 565 [0/2500]  KL: 29.187696  CE: 25.744293  Diversity: 1.670002
[2026-04-27 10:48:06,559][smirk.training.trainer][INFO] - Epoch 566 [0/2500]  KL: 28.495043  CE: 24.483734  Diversity: 2.642461
[2026-04-27 10:48:08,050][smirk.training.trainer][INFO] - Epoch 567 [0/2500]  KL: 27.825981  CE: 24.800013  Diversity: 1.749752
[2026-04-27 10:48:09,545][smirk.training.trainer][INFO] - Epoch 568 [0/2500]  KL: 30.393127  CE: 26.505371  Diversity: 1.666960
[2026-04-27 10:48:11,035][smirk.training.trainer][INFO] - Epoch 569 [0/2500]  KL: 29.051481  CE: 24.903399  Diversity: 1.930358
[2026-04-27 10:48:12,527][smirk.training.trainer][INFO] - Epoch 570 [0/2500]  KL: 29.992481  CE: 26.224041  Diversity: 2.177303
[2026-04-27 10:48:14,019][smirk.training.trainer][INFO] - Epoch 571 [0/2500]  KL: 34.167892  CE: 27.116161  Diversity: 1.776934
[2026-04-27 10:48:15,512][smirk.training.trainer][INFO] - Epoch 572 [0/2500]  KL: 29.831207  CE: 26.086592  Diversity: 2.206556
[2026-04-27 10:48:17,003][smirk.training.trainer][INFO] - Epoch 573 [0/2500]  KL: 28.617165  CE: 24.465080  Diversity: 1.732094
[2026-04-27 10:48:18,494][smirk.training.trainer][INFO] - Epoch 574 [0/2500]  KL: 31.140934  CE: 26.607267  Diversity: 1.241233
[2026-04-27 10:48:19,994][smirk.training.trainer][INFO] - Epoch 575 [0/2500]  KL: 28.846596  CE: 25.491032  Diversity: 2.251607
[2026-04-27 10:48:40,343][smirk.training.trainer][INFO] - Test — loss: 247.9105 | Top-1: 0/31419 (0.00%) | Top-5: 10/31419 (0.03%)
[2026-04-27 10:48:40,403][smirk.training.trainer][INFO] - Epoch 576 [0/2500]  KL: 28.830368  CE: 25.714487  Diversity: 1.796103
[2026-04-27 10:48:41,883][smirk.training.trainer][INFO] - Epoch 577 [0/2500]  KL: 28.181667  CE: 25.063429  Diversity: 1.860972
[2026-04-27 10:48:43,366][smirk.training.trainer][INFO] - Epoch 578 [0/2500]  KL: 30.999178  CE: 26.201044  Diversity: 2.000689
[2026-04-27 10:48:44,851][smirk.training.trainer][INFO] - Epoch 579 [0/2500]  KL: 30.743353  CE: 25.992640  Diversity: 1.266583
[2026-04-27 10:48:46,337][smirk.training.trainer][INFO] - Epoch 580 [0/2500]  KL: 33.061340  CE: 27.914196  Diversity: 2.025715
[2026-04-27 10:48:47,830][smirk.training.trainer][INFO] - Epoch 581 [0/2500]  KL: 30.715134  CE: 26.440329  Diversity: 1.465511
[2026-04-27 10:48:49,319][smirk.training.trainer][INFO] - Epoch 582 [0/2500]  KL: 30.391251  CE: 26.250084  Diversity: 1.566745
[2026-04-27 10:48:50,811][smirk.training.trainer][INFO] - Epoch 583 [0/2500]  KL: 30.048206  CE: 25.231380  Diversity: 1.673780
[2026-04-27 10:48:52,301][smirk.training.trainer][INFO] - Epoch 584 [0/2500]  KL: 29.540142  CE: 24.389870  Diversity: 1.594253
[2026-04-27 10:48:53,791][smirk.training.trainer][INFO] - Epoch 585 [0/2500]  KL: 32.388092  CE: 26.306742  Diversity: 1.924512
[2026-04-27 10:48:55,282][smirk.training.trainer][INFO] - Epoch 586 [0/2500]  KL: 29.800165  CE: 25.995731  Diversity: 2.204295
[2026-04-27 10:48:56,771][smirk.training.trainer][INFO] - Epoch 587 [0/2500]  KL: 34.228844  CE: 27.450768  Diversity: 1.009095
[2026-04-27 10:48:58,261][smirk.training.trainer][INFO] - Epoch 588 [0/2500]  KL: 31.846897  CE: 25.855885  Diversity: 1.488455
[2026-04-27 10:48:59,751][smirk.training.trainer][INFO] - Epoch 589 [0/2500]  KL: 28.827826  CE: 26.310211  Diversity: 1.796643
[2026-04-27 10:49:01,242][smirk.training.trainer][INFO] - Epoch 590 [0/2500]  KL: 33.666653  CE: 27.929502  Diversity: 1.707774
[2026-04-27 10:49:02,731][smirk.training.trainer][INFO] - Epoch 591 [0/2500]  KL: 31.763123  CE: 26.559696  Diversity: 1.906298
[2026-04-27 10:49:04,221][smirk.training.trainer][INFO] - Epoch 592 [0/2500]  KL: 29.845024  CE: 24.946716  Diversity: 1.397234
[2026-04-27 10:49:05,711][smirk.training.trainer][INFO] - Epoch 593 [0/2500]  KL: 29.782236  CE: 24.763670  Diversity: 1.705992
[2026-04-27 10:49:07,200][smirk.training.trainer][INFO] - Epoch 594 [0/2500]  KL: 26.744476  CE: 23.371510  Diversity: 2.421673
[2026-04-27 10:49:08,692][smirk.training.trainer][INFO] - Epoch 595 [0/2500]  KL: 31.967594  CE: 27.818474  Diversity: 2.093682
[2026-04-27 10:49:10,182][smirk.training.trainer][INFO] - Epoch 596 [0/2500]  KL: 31.300318  CE: 27.857418  Diversity: 1.745724
[2026-04-27 10:49:11,671][smirk.training.trainer][INFO] - Epoch 597 [0/2500]  KL: 28.893211  CE: 26.167822  Diversity: 1.741352
[2026-04-27 10:49:13,165][smirk.training.trainer][INFO] - Epoch 598 [0/2500]  KL: 28.381519  CE: 24.385155  Diversity: 1.847128
[2026-04-27 10:49:14,654][smirk.training.trainer][INFO] - Epoch 599 [0/2500]  KL: 28.614693  CE: 24.707905  Diversity: 1.495221
[2026-04-27 10:49:34,594][smirk.training.trainer][INFO] - Test — loss: 232.4165 | Top-1: 0/31419 (0.00%) | Top-5: 10/31419 (0.03%)
[2026-04-27 10:49:34,947][__main__][INFO] - Training complete. Checkpoints and manifest saved to /scratch/users/u03kj22/SMIRK/output/surrogate_model_checkpoints/inception_resnetv1_casia
