Traceback (most recent call last):
  File "/scratch/users/u03kj22/SMIRK/my_blackbox_attacks.py", line 1240, in <module>
    main(args)
  File "/scratch/users/u03kj22/SMIRK/my_blackbox_attacks.py", line 919, in main
    targets = list(map(int, args.test_target.split(',')))
AttributeError: 'NoneType' object has no attribute 'split'
Traceback (most recent call last):
  File "/scratch/users/u03kj22/SMIRK/my_blackbox_attacks.py", line 1240, in <module>
    main(args)
  File "/scratch/users/u03kj22/SMIRK/my_blackbox_attacks.py", line 919, in main
    targets = list(map(int, args.test_target.split(',')))
AttributeError: 'NoneType' object has no attribute 'split'
Traceback (most recent call last):
  File "/scratch/users/u03kj22/SMIRK/my_blackbox_attacks.py", line 1240, in <module>
    main(args)
  File "/scratch/users/u03kj22/SMIRK/my_blackbox_attacks.py", line 919, in main
    targets = list(map(int, args.test_target.split(',')))
AttributeError: 'NoneType' object has no attribute 'split'
Traceback (most recent call last):
  File "/scratch/users/u03kj22/SMIRK/my_blackbox_attacks.py", line 1240, in <module>
    main(args)
  File "/scratch/users/u03kj22/SMIRK/my_blackbox_attacks.py", line 919, in main
    targets = list(map(int, args.test_target.split(',')))
AttributeError: 'NoneType' object has no attribute 'split'
Traceback (most recent call last):
  File "/scratch/users/u03kj22/SMIRK/my_blackbox_attacks.py", line 1240, in <module>
    main(args)
  File "/scratch/users/u03kj22/SMIRK/my_blackbox_attacks.py", line 919, in main
    targets = list(map(int, args.test_target.split(',')))
AttributeError: 'NoneType' object has no attribute 'split'
Traceback (most recent call last):
  File "/scratch/users/u03kj22/SMIRK/my_blackbox_attacks.py", line 1240, in <module>
    main(args)
  File "/scratch/users/u03kj22/SMIRK/my_blackbox_attacks.py", line 919, in main
    targets = list(map(int, args.test_target.split(',')))
AttributeError: 'NoneType' object has no attribute 'split'
Traceback (most recent call last):
  File "/scratch/users/u03kj22/SMIRK/my_blackbox_attacks.py", line 1240, in <module>
    main(args)
  File "/scratch/users/u03kj22/SMIRK/my_blackbox_attacks.py", line 919, in main
    targets = list(map(int, args.test_target.split(',')))
AttributeError: 'NoneType' object has no attribute 'split'
Traceback (most recent call last):
  File "/scratch/users/u03kj22/SMIRK/my_blackbox_attacks.py", line 1240, in <module>
    main(args)
  File "/scratch/users/u03kj22/SMIRK/my_blackbox_attacks.py", line 919, in main
    targets = list(map(int, args.test_target.split(',')))
AttributeError: 'NoneType' object has no attribute 'split'
Traceback (most recent call last):
  File "/scratch/users/u03kj22/SMIRK/my_blackbox_attacks.py", line 1240, in <module>
    main(args)
  File "/scratch/users/u03kj22/SMIRK/my_blackbox_attacks.py", line 919, in main
    targets = list(map(int, args.test_target.split(',')))
AttributeError: 'NoneType' object has no attribute 'split'
Traceback (most recent call last):
  File "/scratch/users/u03kj22/SMIRK/my_blackbox_attacks.py", line 1240, in <module>
    main(args)
  File "/scratch/users/u03kj22/SMIRK/my_blackbox_attacks.py", line 919, in main
    targets = list(map(int, args.test_target.split(',')))
AttributeError: 'NoneType' object has no attribute 'split'
Traceback (most recent call last):
  File "/scratch/users/u03kj22/SMIRK/my_blackbox_attacks.py", line 1240, in <module>
    main(args)
  File "/scratch/users/u03kj22/SMIRK/my_blackbox_attacks.py", line 919, in main
    targets = list(map(int, args.test_target.split(',')))
AttributeError: 'NoneType' object has no attribute 'split'
Traceback (most recent call last):
  File "/scratch/users/u03kj22/SMIRK/my_blackbox_attacks.py", line 1240, in <module>
    main(args)
  File "/scratch/users/u03kj22/SMIRK/my_blackbox_attacks.py", line 919, in main
    targets = list(map(int, args.test_target.split(',')))
AttributeError: 'NoneType' object has no attribute 'split'
Traceback (most recent call last):
  File "/scratch/users/u03kj22/SMIRK/my_blackbox_attacks.py", line 1240, in <module>
    main(args)
  File "/scratch/users/u03kj22/SMIRK/my_blackbox_attacks.py", line 919, in main
    targets = list(map(int, args.test_target.split(',')))
AttributeError: 'NoneType' object has no attribute 'split'
Traceback (most recent call last):
  File "/scratch/users/u03kj22/SMIRK/my_blackbox_attacks.py", line 1240, in <module>
    main(args)
  File "/scratch/users/u03kj22/SMIRK/my_blackbox_attacks.py", line 919, in main
    targets = list(map(int, args.test_target.split(',')))
AttributeError: 'NoneType' object has no attribute 'split'
Traceback (most recent call last):
  File "/scratch/users/u03kj22/SMIRK/my_blackbox_attacks.py", line 1240, in <module>
    main(args)
  File "/scratch/users/u03kj22/SMIRK/my_blackbox_attacks.py", line 919, in main
    targets = list(map(int, args.test_target.split(',')))
AttributeError: 'NoneType' object has no attribute 'split'
Traceback (most recent call last):
  File "/scratch/users/u03kj22/SMIRK/my_blackbox_attacks.py", line 1240, in <module>
    main(args)
  File "/scratch/users/u03kj22/SMIRK/my_blackbox_attacks.py", line 919, in main
    targets = list(map(int, args.test_target.split(',')))
AttributeError: 'NoneType' object has no attribute 'split'
Traceback (most recent call last):
  File "/scratch/users/u03kj22/SMIRK/my_blackbox_attacks.py", line 1240, in <module>
    main(args)
  File "/scratch/users/u03kj22/SMIRK/my_blackbox_attacks.py", line 919, in main
    targets = list(map(int, args.test_target.split(',')))
AttributeError: 'NoneType' object has no attribute 'split'
Traceback (most recent call last):
  File "/scratch/users/u03kj22/SMIRK/my_blackbox_attacks.py", line 1240, in <module>
    main(args)
  File "/scratch/users/u03kj22/SMIRK/my_blackbox_attacks.py", line 919, in main
    targets = list(map(int, args.test_target.split(',')))
AttributeError: 'NoneType' object has no attribute 'split'
Traceback (most recent call last):
  File "/scratch/users/u03kj22/SMIRK/my_blackbox_attacks.py", line 1240, in <module>
    main(args)
  File "/scratch/users/u03kj22/SMIRK/my_blackbox_attacks.py", line 919, in main
    targets = list(map(int, args.test_target.split(',')))
AttributeError: 'NoneType' object has no attribute 'split'
Traceback (most recent call last):
  File "/scratch/users/u03kj22/SMIRK/my_blackbox_attacks.py", line 1240, in <module>
    main(args)
  File "/scratch/users/u03kj22/SMIRK/my_blackbox_attacks.py", line 919, in main
    targets = list(map(int, args.test_target.split(',')))
AttributeError: 'NoneType' object has no attribute 'split'
Traceback (most recent call last):
  File "/scratch/users/u03kj22/SMIRK/my_blackbox_attacks.py", line 1240, in <module>
    main(args)
  File "/scratch/users/u03kj22/SMIRK/my_blackbox_attacks.py", line 919, in main
    targets = list(map(int, args.test_target.split(',')))
AttributeError: 'NoneType' object has no attribute 'split'
Traceback (most recent call last):
  File "/scratch/users/u03kj22/SMIRK/my_blackbox_attacks.py", line 1240, in <module>
    main(args)
  File "/scratch/users/u03kj22/SMIRK/my_blackbox_attacks.py", line 919, in main
    targets = list(map(int, args.test_target.split(',')))
AttributeError: 'NoneType' object has no attribute 'split'
Traceback (most recent call last):
  File "/scratch/users/u03kj22/SMIRK/my_blackbox_attacks.py", line 1240, in <module>
    main(args)
  File "/scratch/users/u03kj22/SMIRK/my_blackbox_attacks.py", line 919, in main
    targets = list(map(int, args.test_target.split(',')))
AttributeError: 'NoneType' object has no attribute 'split'
Traceback (most recent call last):
  File "/scratch/users/u03kj22/SMIRK/my_blackbox_attacks.py", line 1240, in <module>
    main(args)
  File "/scratch/users/u03kj22/SMIRK/my_blackbox_attacks.py", line 919, in main
    targets = list(map(int, args.test_target.split(',')))
AttributeError: 'NoneType' object has no attribute 'split'
Traceback (most recent call last):
  File "/scratch/users/u03kj22/SMIRK/my_blackbox_attacks.py", line 1240, in <module>
    main(args)
  File "/scratch/users/u03kj22/SMIRK/my_blackbox_attacks.py", line 919, in main
    targets = list(map(int, args.test_target.split(',')))
AttributeError: 'NoneType' object has no attribute 'split'
Traceback (most recent call last):
  File "/scratch/users/u03kj22/SMIRK/my_blackbox_attacks.py", line 1240, in <module>
    main(args)
  File "/scratch/users/u03kj22/SMIRK/my_blackbox_attacks.py", line 919, in main
    targets = list(map(int, args.test_target.split(',')))
AttributeError: 'NoneType' object has no attribute 'split'
Traceback (most recent call last):
  File "/scratch/users/u03kj22/SMIRK/my_blackbox_attacks.py", line 1240, in <module>
    main(args)
  File "/scratch/users/u03kj22/SMIRK/my_blackbox_attacks.py", line 919, in main
    targets = list(map(int, args.test_target.split(',')))
AttributeError: 'NoneType' object has no attribute 'split'
Traceback (most recent call last):
  File "/scratch/users/u03kj22/SMIRK/my_blackbox_attacks.py", line 1240, in <module>
    main(args)
  File "/scratch/users/u03kj22/SMIRK/my_blackbox_attacks.py", line 919, in main
    targets = list(map(int, args.test_target.split(',')))
AttributeError: 'NoneType' object has no attribute 'split'
Traceback (most recent call last):
  File "/scratch/users/u03kj22/SMIRK/my_blackbox_attacks.py", line 1240, in <module>
    main(args)
  File "/scratch/users/u03kj22/SMIRK/my_blackbox_attacks.py", line 919, in main
    targets = list(map(int, args.test_target.split(',')))
AttributeError: 'NoneType' object has no attribute 'split'
Traceback (most recent call last):
  File "/scratch/users/u03kj22/SMIRK/my_blackbox_attacks.py", line 1240, in <module>
    main(args)
  File "/scratch/users/u03kj22/SMIRK/my_blackbox_attacks.py", line 919, in main
    targets = list(map(int, args.test_target.split(',')))
AttributeError: 'NoneType' object has no attribute 'split'
Traceback (most recent call last):
  File "/scratch/users/u03kj22/SMIRK/my_blackbox_attacks.py", line 1240, in <module>
    main(args)
  File "/scratch/users/u03kj22/SMIRK/my_blackbox_attacks.py", line 919, in main
    targets = list(map(int, args.test_target.split(',')))
AttributeError: 'NoneType' object has no attribute 'split'
Traceback (most recent call last):
  File "/scratch/users/u03kj22/SMIRK/my_blackbox_attacks.py", line 1240, in <module>
    main(args)
  File "/scratch/users/u03kj22/SMIRK/my_blackbox_attacks.py", line 919, in main
    targets = list(map(int, args.test_target.split(',')))
AttributeError: 'NoneType' object has no attribute 'split'
Traceback (most recent call last):
  File "/scratch/users/u03kj22/SMIRK/my_blackbox_attacks.py", line 1240, in <module>
    main(args)
  File "/scratch/users/u03kj22/SMIRK/my_blackbox_attacks.py", line 919, in main
    targets = list(map(int, args.test_target.split(',')))
AttributeError: 'NoneType' object has no attribute 'split'
Traceback (most recent call last):
  File "/scratch/users/u03kj22/SMIRK/my_blackbox_attacks.py", line 1240, in <module>
    main(args)
  File "/scratch/users/u03kj22/SMIRK/my_blackbox_attacks.py", line 919, in main
    targets = list(map(int, args.test_target.split(',')))
AttributeError: 'NoneType' object has no attribute 'split'
Traceback (most recent call last):
  File "/scratch/users/u03kj22/SMIRK/my_blackbox_attacks.py", line 1240, in <module>
    main(args)
  File "/scratch/users/u03kj22/SMIRK/my_blackbox_attacks.py", line 919, in main
    targets = list(map(int, args.test_target.split(',')))
AttributeError: 'NoneType' object has no attribute 'split'
Traceback (most recent call last):
  File "/scratch/users/u03kj22/SMIRK/my_blackbox_attacks.py", line 1240, in <module>
    main(args)
  File "/scratch/users/u03kj22/SMIRK/my_blackbox_attacks.py", line 919, in main
    targets = list(map(int, args.test_target.split(',')))
AttributeError: 'NoneType' object has no attribute 'split'
Traceback (most recent call last):
  File "/scratch/users/u03kj22/SMIRK/my_blackbox_attacks.py", line 1240, in <module>
    main(args)
  File "/scratch/users/u03kj22/SMIRK/my_blackbox_attacks.py", line 919, in main
    targets = list(map(int, args.test_target.split(',')))
AttributeError: 'NoneType' object has no attribute 'split'
Traceback (most recent call last):
  File "/scratch/users/u03kj22/SMIRK/my_blackbox_attacks.py", line 1240, in <module>
    main(args)
  File "/scratch/users/u03kj22/SMIRK/my_blackbox_attacks.py", line 919, in main
    targets = list(map(int, args.test_target.split(',')))
AttributeError: 'NoneType' object has no attribute 'split'
Traceback (most recent call last):
  File "/scratch/users/u03kj22/SMIRK/my_blackbox_attacks.py", line 1240, in <module>
    main(args)
  File "/scratch/users/u03kj22/SMIRK/my_blackbox_attacks.py", line 919, in main
    targets = list(map(int, args.test_target.split(',')))
AttributeError: 'NoneType' object has no attribute 'split'
Traceback (most recent call last):
  File "/scratch/users/u03kj22/SMIRK/my_blackbox_attacks.py", line 1240, in <module>
    main(args)
  File "/scratch/users/u03kj22/SMIRK/my_blackbox_attacks.py", line 919, in main
    targets = list(map(int, args.test_target.split(',')))
AttributeError: 'NoneType' object has no attribute 'split'
Traceback (most recent call last):
  File "/scratch/users/u03kj22/SMIRK/my_blackbox_attacks.py", line 1240, in <module>
    main(args)
  File "/scratch/users/u03kj22/SMIRK/my_blackbox_attacks.py", line 919, in main
    targets = list(map(int, args.test_target.split(',')))
AttributeError: 'NoneType' object has no attribute 'split'
Traceback (most recent call last):
  File "/scratch/users/u03kj22/SMIRK/my_blackbox_attacks.py", line 1240, in <module>
    main(args)
  File "/scratch/users/u03kj22/SMIRK/my_blackbox_attacks.py", line 919, in main
    targets = list(map(int, args.test_target.split(',')))
AttributeError: 'NoneType' object has no attribute 'split'
Traceback (most recent call last):
  File "/scratch/users/u03kj22/SMIRK/my_blackbox_attacks.py", line 1240, in <module>
    main(args)
  File "/scratch/users/u03kj22/SMIRK/my_blackbox_attacks.py", line 919, in main
    targets = list(map(int, args.test_target.split(',')))
AttributeError: 'NoneType' object has no attribute 'split'
Traceback (most recent call last):
  File "/scratch/users/u03kj22/SMIRK/my_blackbox_attacks.py", line 1240, in <module>
    main(args)
  File "/scratch/users/u03kj22/SMIRK/my_blackbox_attacks.py", line 919, in main
    targets = list(map(int, args.test_target.split(',')))
AttributeError: 'NoneType' object has no attribute 'split'
Traceback (most recent call last):
  File "/scratch/users/u03kj22/SMIRK/my_blackbox_attacks.py", line 1240, in <module>
    main(args)
  File "/scratch/users/u03kj22/SMIRK/my_blackbox_attacks.py", line 919, in main
    targets = list(map(int, args.test_target.split(',')))
AttributeError: 'NoneType' object has no attribute 'split'
Traceback (most recent call last):
  File "/scratch/users/u03kj22/SMIRK/my_blackbox_attacks.py", line 1240, in <module>
    main(args)
  File "/scratch/users/u03kj22/SMIRK/my_blackbox_attacks.py", line 919, in main
    targets = list(map(int, args.test_target.split(',')))
AttributeError: 'NoneType' object has no attribute 'split'
Traceback (most recent call last):
  File "/scratch/users/u03kj22/SMIRK/my_blackbox_attacks.py", line 1240, in <module>
    main(args)
  File "/scratch/users/u03kj22/SMIRK/my_blackbox_attacks.py", line 919, in main
    targets = list(map(int, args.test_target.split(',')))
AttributeError: 'NoneType' object has no attribute 'split'
Traceback (most recent call last):
  File "/scratch/users/u03kj22/SMIRK/my_blackbox_attacks.py", line 1240, in <module>
    main(args)
  File "/scratch/users/u03kj22/SMIRK/my_blackbox_attacks.py", line 919, in main
    targets = list(map(int, args.test_target.split(',')))
AttributeError: 'NoneType' object has no attribute 'split'
Traceback (most recent call last):
  File "/scratch/users/u03kj22/SMIRK/my_blackbox_attacks.py", line 1240, in <module>
    main(args)
  File "/scratch/users/u03kj22/SMIRK/my_blackbox_attacks.py", line 919, in main
    targets = list(map(int, args.test_target.split(',')))
AttributeError: 'NoneType' object has no attribute 'split'
Traceback (most recent call last):
  File "/scratch/users/u03kj22/SMIRK/my_blackbox_attacks.py", line 1240, in <module>
    main(args)
  File "/scratch/users/u03kj22/SMIRK/my_blackbox_attacks.py", line 919, in main
    targets = list(map(int, args.test_target.split(',')))
AttributeError: 'NoneType' object has no attribute 'split'
