/home/u03kj22/.bashrc: line 29: unalias: squeue: not found
Lmod has detected the following error: The following module(s) are unknown:
"conda"

Please check the spelling or version number. Also try "module spider ..."
It is also possible your cache file is out-of-date; it may help to try:
  $ module --ignore_cache load "conda"

Also make sure that all modulefiles written in TCL start with the string
#%Module



/tmp/slurmd/job315458/slurm_script: line 23: activate: No such file or directory
Traceback (most recent call last):
  File "/home/u03kj22/sharedscratch/.conda/envs/SMIRK-HPC/lib/python3.10/site-packages/torch/cuda/__init__.py", line 315, in _lazy_init
    queued_call()
  File "/home/u03kj22/sharedscratch/.conda/envs/SMIRK-HPC/lib/python3.10/site-packages/torch/cuda/__init__.py", line 183, in _check_capability
    capability = get_device_capability(d)
  File "/home/u03kj22/sharedscratch/.conda/envs/SMIRK-HPC/lib/python3.10/site-packages/torch/cuda/__init__.py", line 439, in get_device_capability
    prop = get_device_properties(device)
  File "/home/u03kj22/sharedscratch/.conda/envs/SMIRK-HPC/lib/python3.10/site-packages/torch/cuda/__init__.py", line 457, in get_device_properties
    return _get_device_properties(device)  # type: ignore[name-defined]
RuntimeError: device >= 0 && device < num_gpus INTERNAL ASSERT FAILED at "../aten/src/ATen/cuda/CUDAContext.cpp":50, please report a bug to PyTorch. device=1, num_gpus=

The above exception was the direct cause of the following exception:

Traceback (most recent call last):
  File "/scratch/users/u03kj22/SMIRK/my_sample_z_w_space.py", line 124, in <module>
    sample()
  File "/home/u03kj22/sharedscratch/.conda/envs/SMIRK-HPC/lib/python3.10/site-packages/torch/utils/_contextlib.py", line 115, in decorate_context
    return func(*args, **kwargs)
  File "/scratch/users/u03kj22/SMIRK/my_sample_z_w_space.py", line 63, in sample
    generator = get_generator(batch_size, device)
  File "/scratch/users/u03kj22/SMIRK/my_sample_z_w_space.py", line 52, in get_generator
    generator, discri = my_get_GD.main(device, genforce_model, batch_size, batch_size, use_w_space=use_w_space, use_discri=use_discri, repeat_w=repeat_w, use_z_plus_space=use_z_plus_space, trunc_psi=trunc_psi, trunc_layers=trunc_layers)
  File "/scratch/users/u03kj22/SMIRK/genforce/my_get_GD.py", line 113, in main
    checkpoint = torch.load(checkpoint_path, map_location=device)
  File "/home/u03kj22/sharedscratch/.conda/envs/SMIRK-HPC/lib/python3.10/site-packages/torch/serialization.py", line 1040, in load
    return _legacy_load(opened_file, map_location, pickle_module, **pickle_load_args)
  File "/home/u03kj22/sharedscratch/.conda/envs/SMIRK-HPC/lib/python3.10/site-packages/torch/serialization.py", line 1268, in _legacy_load
    result = unpickler.load()
  File "/home/u03kj22/sharedscratch/.conda/envs/SMIRK-HPC/lib/python3.10/site-packages/torch/serialization.py", line 1205, in persistent_load
    wrap_storage=restore_location(obj, location),
  File "/home/u03kj22/sharedscratch/.conda/envs/SMIRK-HPC/lib/python3.10/site-packages/torch/serialization.py", line 1311, in restore_location
    return default_restore_location(storage, str(map_location))
  File "/home/u03kj22/sharedscratch/.conda/envs/SMIRK-HPC/lib/python3.10/site-packages/torch/serialization.py", line 391, in default_restore_location
    result = fn(storage, location)
  File "/home/u03kj22/sharedscratch/.conda/envs/SMIRK-HPC/lib/python3.10/site-packages/torch/serialization.py", line 266, in _cuda_deserialize
    device = validate_cuda_device(location)
  File "/home/u03kj22/sharedscratch/.conda/envs/SMIRK-HPC/lib/python3.10/site-packages/torch/serialization.py", line 247, in validate_cuda_device
    device = torch.cuda._utils._get_device_index(location, True)
  File "/home/u03kj22/sharedscratch/.conda/envs/SMIRK-HPC/lib/python3.10/site-packages/torch/cuda/_utils.py", line 38, in _get_device_index
    return _torch_get_device_index(device, optional, allow_cpu)
  File "/home/u03kj22/sharedscratch/.conda/envs/SMIRK-HPC/lib/python3.10/site-packages/torch/_utils.py", line 813, in _get_device_index
    device_idx = _get_current_device_index()
  File "/home/u03kj22/sharedscratch/.conda/envs/SMIRK-HPC/lib/python3.10/site-packages/torch/_utils.py", line 752, in _get_current_device_index
    return _get_device_attr(lambda m: m.current_device())
  File "/home/u03kj22/sharedscratch/.conda/envs/SMIRK-HPC/lib/python3.10/site-packages/torch/_utils.py", line 741, in _get_device_attr
    return get_member(torch.cuda)
  File "/home/u03kj22/sharedscratch/.conda/envs/SMIRK-HPC/lib/python3.10/site-packages/torch/_utils.py", line 752, in <lambda>
    return _get_device_attr(lambda m: m.current_device())
  File "/home/u03kj22/sharedscratch/.conda/envs/SMIRK-HPC/lib/python3.10/site-packages/torch/cuda/__init__.py", line 787, in current_device
    _lazy_init()
  File "/home/u03kj22/sharedscratch/.conda/envs/SMIRK-HPC/lib/python3.10/site-packages/torch/cuda/__init__.py", line 321, in _lazy_init
    raise DeferredCudaCallError(msg) from e
torch.cuda.DeferredCudaCallError: CUDA call failed lazily at initialization with error: device >= 0 && device < num_gpus INTERNAL ASSERT FAILED at "../aten/src/ATen/cuda/CUDAContext.cpp":50, please report a bug to PyTorch. device=1, num_gpus=

CUDA call was originally invoked at:

  File "/scratch/users/u03kj22/SMIRK/my_sample_z_w_space.py", line 10, in <module>
    import torch
  File "<frozen importlib._bootstrap>", line 1027, in _find_and_load
  File "<frozen importlib._bootstrap>", line 1006, in _find_and_load_unlocked
  File "<frozen importlib._bootstrap>", line 688, in _load_unlocked
  File "<frozen importlib._bootstrap_external>", line 883, in exec_module
  File "<frozen importlib._bootstrap>", line 241, in _call_with_frames_removed
  File "/home/u03kj22/sharedscratch/.conda/envs/SMIRK-HPC/lib/python3.10/site-packages/torch/__init__.py", line 1427, in <module>
    _C._initExtension(manager_path())
  File "<frozen importlib._bootstrap>", line 1027, in _find_and_load
  File "<frozen importlib._bootstrap>", line 1006, in _find_and_load_unlocked
  File "<frozen importlib._bootstrap>", line 688, in _load_unlocked
  File "<frozen importlib._bootstrap_external>", line 883, in exec_module
  File "<frozen importlib._bootstrap>", line 241, in _call_with_frames_removed
  File "/home/u03kj22/sharedscratch/.conda/envs/SMIRK-HPC/lib/python3.10/site-packages/torch/cuda/__init__.py", line 247, in <module>
    _lazy_call(_check_capability)
  File "/home/u03kj22/sharedscratch/.conda/envs/SMIRK-HPC/lib/python3.10/site-packages/torch/cuda/__init__.py", line 244, in _lazy_call
    _queued_calls.append((callable, traceback.format_stack()))

