Traceback (most recent call last):
  File "/scratch/users/u03kj22/SMIRK/my_blackbox_attacks.py", line 1240, in <module>
    main(args)
  File "/scratch/users/u03kj22/SMIRK/my_blackbox_attacks.py", line 1024, in main
    my_attack_surrogate_model(args, generator, generate_images_func)
  File "/scratch/users/u03kj22/SMIRK/my_blackbox_attacks.py", line 372, in my_attack_surrogate_model
    test_model = get_model(args.test_arch_name, args.device)
  File "/scratch/users/u03kj22/SMIRK/model_architectures/my_target_models.py", line 127, in get_model
    net = resnet50_scratch_dag.resnet50_scratch_dag('./classification_models/resnet50_scratch_dag.pth').to(device)
NameError: name 'resnet50_scratch_dag' is not defined
Traceback (most recent call last):
  File "/scratch/users/u03kj22/SMIRK/my_blackbox_attacks.py", line 1240, in <module>
    main(args)
  File "/scratch/users/u03kj22/SMIRK/my_blackbox_attacks.py", line 1024, in main
    my_attack_surrogate_model(args, generator, generate_images_func)
  File "/scratch/users/u03kj22/SMIRK/my_blackbox_attacks.py", line 372, in my_attack_surrogate_model
    test_model = get_model(args.test_arch_name, args.device)
  File "/scratch/users/u03kj22/SMIRK/model_architectures/my_target_models.py", line 127, in get_model
    net = resnet50_scratch_dag.resnet50_scratch_dag('./classification_models/resnet50_scratch_dag.pth').to(device)
NameError: name 'resnet50_scratch_dag' is not defined
Traceback (most recent call last):
  File "/scratch/users/u03kj22/SMIRK/my_blackbox_attacks.py", line 1240, in <module>
    main(args)
  File "/scratch/users/u03kj22/SMIRK/my_blackbox_attacks.py", line 1024, in main
    my_attack_surrogate_model(args, generator, generate_images_func)
  File "/scratch/users/u03kj22/SMIRK/my_blackbox_attacks.py", line 372, in my_attack_surrogate_model
    test_model = get_model(args.test_arch_name, args.device)
  File "/scratch/users/u03kj22/SMIRK/model_architectures/my_target_models.py", line 127, in get_model
    net = resnet50_scratch_dag.resnet50_scratch_dag('./classification_models/resnet50_scratch_dag.pth').to(device)
NameError: name 'resnet50_scratch_dag' is not defined
Traceback (most recent call last):
  File "/scratch/users/u03kj22/SMIRK/my_blackbox_attacks.py", line 1240, in <module>
    main(args)
  File "/scratch/users/u03kj22/SMIRK/my_blackbox_attacks.py", line 1024, in main
    my_attack_surrogate_model(args, generator, generate_images_func)
  File "/scratch/users/u03kj22/SMIRK/my_blackbox_attacks.py", line 372, in my_attack_surrogate_model
    test_model = get_model(args.test_arch_name, args.device)
  File "/scratch/users/u03kj22/SMIRK/model_architectures/my_target_models.py", line 127, in get_model
    net = resnet50_scratch_dag.resnet50_scratch_dag('./classification_models/resnet50_scratch_dag.pth').to(device)
NameError: name 'resnet50_scratch_dag' is not defined
Traceback (most recent call last):
  File "/scratch/users/u03kj22/SMIRK/my_blackbox_attacks.py", line 1240, in <module>
    main(args)
  File "/scratch/users/u03kj22/SMIRK/my_blackbox_attacks.py", line 1024, in main
    my_attack_surrogate_model(args, generator, generate_images_func)
  File "/scratch/users/u03kj22/SMIRK/my_blackbox_attacks.py", line 372, in my_attack_surrogate_model
    test_model = get_model(args.test_arch_name, args.device)
  File "/scratch/users/u03kj22/SMIRK/model_architectures/my_target_models.py", line 127, in get_model
    net = resnet50_scratch_dag.resnet50_scratch_dag('./classification_models/resnet50_scratch_dag.pth').to(device)
NameError: name 'resnet50_scratch_dag' is not defined
Traceback (most recent call last):
  File "/scratch/users/u03kj22/SMIRK/my_blackbox_attacks.py", line 1240, in <module>
    main(args)
  File "/scratch/users/u03kj22/SMIRK/my_blackbox_attacks.py", line 1024, in main
    my_attack_surrogate_model(args, generator, generate_images_func)
  File "/scratch/users/u03kj22/SMIRK/my_blackbox_attacks.py", line 372, in my_attack_surrogate_model
    test_model = get_model(args.test_arch_name, args.device)
  File "/scratch/users/u03kj22/SMIRK/model_architectures/my_target_models.py", line 127, in get_model
    net = resnet50_scratch_dag.resnet50_scratch_dag('./classification_models/resnet50_scratch_dag.pth').to(device)
NameError: name 'resnet50_scratch_dag' is not defined
Traceback (most recent call last):
  File "/scratch/users/u03kj22/SMIRK/my_blackbox_attacks.py", line 1240, in <module>
    main(args)
  File "/scratch/users/u03kj22/SMIRK/my_blackbox_attacks.py", line 1024, in main
    my_attack_surrogate_model(args, generator, generate_images_func)
  File "/scratch/users/u03kj22/SMIRK/my_blackbox_attacks.py", line 372, in my_attack_surrogate_model
    test_model = get_model(args.test_arch_name, args.device)
  File "/scratch/users/u03kj22/SMIRK/model_architectures/my_target_models.py", line 127, in get_model
    net = resnet50_scratch_dag.resnet50_scratch_dag('./classification_models/resnet50_scratch_dag.pth').to(device)
NameError: name 'resnet50_scratch_dag' is not defined
Traceback (most recent call last):
  File "/scratch/users/u03kj22/SMIRK/my_blackbox_attacks.py", line 1240, in <module>
    main(args)
  File "/scratch/users/u03kj22/SMIRK/my_blackbox_attacks.py", line 1024, in main
    my_attack_surrogate_model(args, generator, generate_images_func)
  File "/scratch/users/u03kj22/SMIRK/my_blackbox_attacks.py", line 372, in my_attack_surrogate_model
    test_model = get_model(args.test_arch_name, args.device)
  File "/scratch/users/u03kj22/SMIRK/model_architectures/my_target_models.py", line 127, in get_model
    net = resnet50_scratch_dag.resnet50_scratch_dag('./classification_models/resnet50_scratch_dag.pth').to(device)
NameError: name 'resnet50_scratch_dag' is not defined
Traceback (most recent call last):
  File "/scratch/users/u03kj22/SMIRK/my_blackbox_attacks.py", line 1240, in <module>
    main(args)
  File "/scratch/users/u03kj22/SMIRK/my_blackbox_attacks.py", line 1024, in main
    my_attack_surrogate_model(args, generator, generate_images_func)
  File "/scratch/users/u03kj22/SMIRK/my_blackbox_attacks.py", line 372, in my_attack_surrogate_model
    test_model = get_model(args.test_arch_name, args.device)
  File "/scratch/users/u03kj22/SMIRK/model_architectures/my_target_models.py", line 127, in get_model
    net = resnet50_scratch_dag.resnet50_scratch_dag('./classification_models/resnet50_scratch_dag.pth').to(device)
NameError: name 'resnet50_scratch_dag' is not defined
Traceback (most recent call last):
  File "/scratch/users/u03kj22/SMIRK/my_blackbox_attacks.py", line 1240, in <module>
    main(args)
  File "/scratch/users/u03kj22/SMIRK/my_blackbox_attacks.py", line 1024, in main
    my_attack_surrogate_model(args, generator, generate_images_func)
  File "/scratch/users/u03kj22/SMIRK/my_blackbox_attacks.py", line 372, in my_attack_surrogate_model
    test_model = get_model(args.test_arch_name, args.device)
  File "/scratch/users/u03kj22/SMIRK/model_architectures/my_target_models.py", line 127, in get_model
    net = resnet50_scratch_dag.resnet50_scratch_dag('./classification_models/resnet50_scratch_dag.pth').to(device)
NameError: name 'resnet50_scratch_dag' is not defined
Traceback (most recent call last):
  File "/scratch/users/u03kj22/SMIRK/my_blackbox_attacks.py", line 1240, in <module>
    main(args)
  File "/scratch/users/u03kj22/SMIRK/my_blackbox_attacks.py", line 1024, in main
    my_attack_surrogate_model(args, generator, generate_images_func)
  File "/scratch/users/u03kj22/SMIRK/my_blackbox_attacks.py", line 372, in my_attack_surrogate_model
    test_model = get_model(args.test_arch_name, args.device)
  File "/scratch/users/u03kj22/SMIRK/model_architectures/my_target_models.py", line 127, in get_model
    net = resnet50_scratch_dag.resnet50_scratch_dag('./classification_models/resnet50_scratch_dag.pth').to(device)
NameError: name 'resnet50_scratch_dag' is not defined
Traceback (most recent call last):
  File "/scratch/users/u03kj22/SMIRK/my_blackbox_attacks.py", line 1240, in <module>
    main(args)
  File "/scratch/users/u03kj22/SMIRK/my_blackbox_attacks.py", line 1024, in main
    my_attack_surrogate_model(args, generator, generate_images_func)
  File "/scratch/users/u03kj22/SMIRK/my_blackbox_attacks.py", line 372, in my_attack_surrogate_model
    test_model = get_model(args.test_arch_name, args.device)
  File "/scratch/users/u03kj22/SMIRK/model_architectures/my_target_models.py", line 127, in get_model
    net = resnet50_scratch_dag.resnet50_scratch_dag('./classification_models/resnet50_scratch_dag.pth').to(device)
NameError: name 'resnet50_scratch_dag' is not defined
Traceback (most recent call last):
  File "/scratch/users/u03kj22/SMIRK/my_blackbox_attacks.py", line 1240, in <module>
    main(args)
  File "/scratch/users/u03kj22/SMIRK/my_blackbox_attacks.py", line 1024, in main
    my_attack_surrogate_model(args, generator, generate_images_func)
  File "/scratch/users/u03kj22/SMIRK/my_blackbox_attacks.py", line 372, in my_attack_surrogate_model
    test_model = get_model(args.test_arch_name, args.device)
  File "/scratch/users/u03kj22/SMIRK/model_architectures/my_target_models.py", line 127, in get_model
    net = resnet50_scratch_dag.resnet50_scratch_dag('./classification_models/resnet50_scratch_dag.pth').to(device)
NameError: name 'resnet50_scratch_dag' is not defined
Traceback (most recent call last):
  File "/scratch/users/u03kj22/SMIRK/my_blackbox_attacks.py", line 1240, in <module>
    main(args)
  File "/scratch/users/u03kj22/SMIRK/my_blackbox_attacks.py", line 1024, in main
    my_attack_surrogate_model(args, generator, generate_images_func)
  File "/scratch/users/u03kj22/SMIRK/my_blackbox_attacks.py", line 372, in my_attack_surrogate_model
    test_model = get_model(args.test_arch_name, args.device)
  File "/scratch/users/u03kj22/SMIRK/model_architectures/my_target_models.py", line 127, in get_model
    net = resnet50_scratch_dag.resnet50_scratch_dag('./classification_models/resnet50_scratch_dag.pth').to(device)
NameError: name 'resnet50_scratch_dag' is not defined
Traceback (most recent call last):
  File "/scratch/users/u03kj22/SMIRK/my_blackbox_attacks.py", line 1240, in <module>
    main(args)
  File "/scratch/users/u03kj22/SMIRK/my_blackbox_attacks.py", line 1024, in main
    my_attack_surrogate_model(args, generator, generate_images_func)
  File "/scratch/users/u03kj22/SMIRK/my_blackbox_attacks.py", line 372, in my_attack_surrogate_model
    test_model = get_model(args.test_arch_name, args.device)
  File "/scratch/users/u03kj22/SMIRK/model_architectures/my_target_models.py", line 127, in get_model
    net = resnet50_scratch_dag.resnet50_scratch_dag('./classification_models/resnet50_scratch_dag.pth').to(device)
NameError: name 'resnet50_scratch_dag' is not defined
Traceback (most recent call last):
  File "/scratch/users/u03kj22/SMIRK/my_blackbox_attacks.py", line 1240, in <module>
    main(args)
  File "/scratch/users/u03kj22/SMIRK/my_blackbox_attacks.py", line 1024, in main
    my_attack_surrogate_model(args, generator, generate_images_func)
  File "/scratch/users/u03kj22/SMIRK/my_blackbox_attacks.py", line 372, in my_attack_surrogate_model
    test_model = get_model(args.test_arch_name, args.device)
  File "/scratch/users/u03kj22/SMIRK/model_architectures/my_target_models.py", line 127, in get_model
    net = resnet50_scratch_dag.resnet50_scratch_dag('./classification_models/resnet50_scratch_dag.pth').to(device)
NameError: name 'resnet50_scratch_dag' is not defined
Traceback (most recent call last):
  File "/scratch/users/u03kj22/SMIRK/my_blackbox_attacks.py", line 1240, in <module>
    main(args)
  File "/scratch/users/u03kj22/SMIRK/my_blackbox_attacks.py", line 1024, in main
    my_attack_surrogate_model(args, generator, generate_images_func)
  File "/scratch/users/u03kj22/SMIRK/my_blackbox_attacks.py", line 372, in my_attack_surrogate_model
    test_model = get_model(args.test_arch_name, args.device)
  File "/scratch/users/u03kj22/SMIRK/model_architectures/my_target_models.py", line 127, in get_model
    net = resnet50_scratch_dag.resnet50_scratch_dag('./classification_models/resnet50_scratch_dag.pth').to(device)
NameError: name 'resnet50_scratch_dag' is not defined
Traceback (most recent call last):
  File "/scratch/users/u03kj22/SMIRK/my_blackbox_attacks.py", line 1240, in <module>
    main(args)
  File "/scratch/users/u03kj22/SMIRK/my_blackbox_attacks.py", line 1024, in main
    my_attack_surrogate_model(args, generator, generate_images_func)
  File "/scratch/users/u03kj22/SMIRK/my_blackbox_attacks.py", line 372, in my_attack_surrogate_model
    test_model = get_model(args.test_arch_name, args.device)
  File "/scratch/users/u03kj22/SMIRK/model_architectures/my_target_models.py", line 127, in get_model
    net = resnet50_scratch_dag.resnet50_scratch_dag('./classification_models/resnet50_scratch_dag.pth').to(device)
NameError: name 'resnet50_scratch_dag' is not defined
Traceback (most recent call last):
  File "/scratch/users/u03kj22/SMIRK/my_blackbox_attacks.py", line 1240, in <module>
    main(args)
  File "/scratch/users/u03kj22/SMIRK/my_blackbox_attacks.py", line 1024, in main
    my_attack_surrogate_model(args, generator, generate_images_func)
  File "/scratch/users/u03kj22/SMIRK/my_blackbox_attacks.py", line 372, in my_attack_surrogate_model
    test_model = get_model(args.test_arch_name, args.device)
  File "/scratch/users/u03kj22/SMIRK/model_architectures/my_target_models.py", line 127, in get_model
    net = resnet50_scratch_dag.resnet50_scratch_dag('./classification_models/resnet50_scratch_dag.pth').to(device)
NameError: name 'resnet50_scratch_dag' is not defined
Traceback (most recent call last):
  File "/scratch/users/u03kj22/SMIRK/my_blackbox_attacks.py", line 1240, in <module>
    main(args)
  File "/scratch/users/u03kj22/SMIRK/my_blackbox_attacks.py", line 1024, in main
    my_attack_surrogate_model(args, generator, generate_images_func)
  File "/scratch/users/u03kj22/SMIRK/my_blackbox_attacks.py", line 372, in my_attack_surrogate_model
    test_model = get_model(args.test_arch_name, args.device)
  File "/scratch/users/u03kj22/SMIRK/model_architectures/my_target_models.py", line 127, in get_model
    net = resnet50_scratch_dag.resnet50_scratch_dag('./classification_models/resnet50_scratch_dag.pth').to(device)
NameError: name 'resnet50_scratch_dag' is not defined
Traceback (most recent call last):
  File "/scratch/users/u03kj22/SMIRK/my_blackbox_attacks.py", line 1240, in <module>
    main(args)
  File "/scratch/users/u03kj22/SMIRK/my_blackbox_attacks.py", line 1024, in main
    my_attack_surrogate_model(args, generator, generate_images_func)
  File "/scratch/users/u03kj22/SMIRK/my_blackbox_attacks.py", line 372, in my_attack_surrogate_model
    test_model = get_model(args.test_arch_name, args.device)
  File "/scratch/users/u03kj22/SMIRK/model_architectures/my_target_models.py", line 127, in get_model
    net = resnet50_scratch_dag.resnet50_scratch_dag('./classification_models/resnet50_scratch_dag.pth').to(device)
NameError: name 'resnet50_scratch_dag' is not defined
Traceback (most recent call last):
  File "/scratch/users/u03kj22/SMIRK/my_blackbox_attacks.py", line 1240, in <module>
    main(args)
  File "/scratch/users/u03kj22/SMIRK/my_blackbox_attacks.py", line 1024, in main
    my_attack_surrogate_model(args, generator, generate_images_func)
  File "/scratch/users/u03kj22/SMIRK/my_blackbox_attacks.py", line 372, in my_attack_surrogate_model
    test_model = get_model(args.test_arch_name, args.device)
  File "/scratch/users/u03kj22/SMIRK/model_architectures/my_target_models.py", line 127, in get_model
    net = resnet50_scratch_dag.resnet50_scratch_dag('./classification_models/resnet50_scratch_dag.pth').to(device)
NameError: name 'resnet50_scratch_dag' is not defined
Traceback (most recent call last):
  File "/scratch/users/u03kj22/SMIRK/my_blackbox_attacks.py", line 1240, in <module>
    main(args)
  File "/scratch/users/u03kj22/SMIRK/my_blackbox_attacks.py", line 1024, in main
    my_attack_surrogate_model(args, generator, generate_images_func)
  File "/scratch/users/u03kj22/SMIRK/my_blackbox_attacks.py", line 372, in my_attack_surrogate_model
    test_model = get_model(args.test_arch_name, args.device)
  File "/scratch/users/u03kj22/SMIRK/model_architectures/my_target_models.py", line 127, in get_model
    net = resnet50_scratch_dag.resnet50_scratch_dag('./classification_models/resnet50_scratch_dag.pth').to(device)
NameError: name 'resnet50_scratch_dag' is not defined
Traceback (most recent call last):
  File "/scratch/users/u03kj22/SMIRK/my_blackbox_attacks.py", line 1240, in <module>
    main(args)
  File "/scratch/users/u03kj22/SMIRK/my_blackbox_attacks.py", line 1024, in main
    my_attack_surrogate_model(args, generator, generate_images_func)
  File "/scratch/users/u03kj22/SMIRK/my_blackbox_attacks.py", line 372, in my_attack_surrogate_model
    test_model = get_model(args.test_arch_name, args.device)
  File "/scratch/users/u03kj22/SMIRK/model_architectures/my_target_models.py", line 127, in get_model
    net = resnet50_scratch_dag.resnet50_scratch_dag('./classification_models/resnet50_scratch_dag.pth').to(device)
NameError: name 'resnet50_scratch_dag' is not defined
Traceback (most recent call last):
  File "/scratch/users/u03kj22/SMIRK/my_blackbox_attacks.py", line 1240, in <module>
    main(args)
  File "/scratch/users/u03kj22/SMIRK/my_blackbox_attacks.py", line 1024, in main
    my_attack_surrogate_model(args, generator, generate_images_func)
  File "/scratch/users/u03kj22/SMIRK/my_blackbox_attacks.py", line 372, in my_attack_surrogate_model
    test_model = get_model(args.test_arch_name, args.device)
  File "/scratch/users/u03kj22/SMIRK/model_architectures/my_target_models.py", line 127, in get_model
    net = resnet50_scratch_dag.resnet50_scratch_dag('./classification_models/resnet50_scratch_dag.pth').to(device)
NameError: name 'resnet50_scratch_dag' is not defined
Traceback (most recent call last):
  File "/scratch/users/u03kj22/SMIRK/my_blackbox_attacks.py", line 1240, in <module>
    main(args)
  File "/scratch/users/u03kj22/SMIRK/my_blackbox_attacks.py", line 1024, in main
    my_attack_surrogate_model(args, generator, generate_images_func)
  File "/scratch/users/u03kj22/SMIRK/my_blackbox_attacks.py", line 372, in my_attack_surrogate_model
    test_model = get_model(args.test_arch_name, args.device)
  File "/scratch/users/u03kj22/SMIRK/model_architectures/my_target_models.py", line 127, in get_model
    net = resnet50_scratch_dag.resnet50_scratch_dag('./classification_models/resnet50_scratch_dag.pth').to(device)
NameError: name 'resnet50_scratch_dag' is not defined
Traceback (most recent call last):
  File "/scratch/users/u03kj22/SMIRK/my_blackbox_attacks.py", line 1240, in <module>
    main(args)
  File "/scratch/users/u03kj22/SMIRK/my_blackbox_attacks.py", line 1024, in main
    my_attack_surrogate_model(args, generator, generate_images_func)
  File "/scratch/users/u03kj22/SMIRK/my_blackbox_attacks.py", line 372, in my_attack_surrogate_model
    test_model = get_model(args.test_arch_name, args.device)
  File "/scratch/users/u03kj22/SMIRK/model_architectures/my_target_models.py", line 127, in get_model
    net = resnet50_scratch_dag.resnet50_scratch_dag('./classification_models/resnet50_scratch_dag.pth').to(device)
NameError: name 'resnet50_scratch_dag' is not defined
Traceback (most recent call last):
  File "/scratch/users/u03kj22/SMIRK/my_blackbox_attacks.py", line 1240, in <module>
    main(args)
  File "/scratch/users/u03kj22/SMIRK/my_blackbox_attacks.py", line 1024, in main
    my_attack_surrogate_model(args, generator, generate_images_func)
  File "/scratch/users/u03kj22/SMIRK/my_blackbox_attacks.py", line 372, in my_attack_surrogate_model
    test_model = get_model(args.test_arch_name, args.device)
  File "/scratch/users/u03kj22/SMIRK/model_architectures/my_target_models.py", line 127, in get_model
    net = resnet50_scratch_dag.resnet50_scratch_dag('./classification_models/resnet50_scratch_dag.pth').to(device)
NameError: name 'resnet50_scratch_dag' is not defined
Traceback (most recent call last):
  File "/scratch/users/u03kj22/SMIRK/my_blackbox_attacks.py", line 1240, in <module>
    main(args)
  File "/scratch/users/u03kj22/SMIRK/my_blackbox_attacks.py", line 1024, in main
    my_attack_surrogate_model(args, generator, generate_images_func)
  File "/scratch/users/u03kj22/SMIRK/my_blackbox_attacks.py", line 372, in my_attack_surrogate_model
    test_model = get_model(args.test_arch_name, args.device)
  File "/scratch/users/u03kj22/SMIRK/model_architectures/my_target_models.py", line 127, in get_model
    net = resnet50_scratch_dag.resnet50_scratch_dag('./classification_models/resnet50_scratch_dag.pth').to(device)
NameError: name 'resnet50_scratch_dag' is not defined
Traceback (most recent call last):
  File "/scratch/users/u03kj22/SMIRK/my_blackbox_attacks.py", line 1240, in <module>
    main(args)
  File "/scratch/users/u03kj22/SMIRK/my_blackbox_attacks.py", line 1024, in main
    my_attack_surrogate_model(args, generator, generate_images_func)
  File "/scratch/users/u03kj22/SMIRK/my_blackbox_attacks.py", line 372, in my_attack_surrogate_model
    test_model = get_model(args.test_arch_name, args.device)
  File "/scratch/users/u03kj22/SMIRK/model_architectures/my_target_models.py", line 127, in get_model
    net = resnet50_scratch_dag.resnet50_scratch_dag('./classification_models/resnet50_scratch_dag.pth').to(device)
NameError: name 'resnet50_scratch_dag' is not defined
Traceback (most recent call last):
  File "/scratch/users/u03kj22/SMIRK/my_blackbox_attacks.py", line 1240, in <module>
    main(args)
  File "/scratch/users/u03kj22/SMIRK/my_blackbox_attacks.py", line 1024, in main
    my_attack_surrogate_model(args, generator, generate_images_func)
  File "/scratch/users/u03kj22/SMIRK/my_blackbox_attacks.py", line 372, in my_attack_surrogate_model
    test_model = get_model(args.test_arch_name, args.device)
  File "/scratch/users/u03kj22/SMIRK/model_architectures/my_target_models.py", line 127, in get_model
    net = resnet50_scratch_dag.resnet50_scratch_dag('./classification_models/resnet50_scratch_dag.pth').to(device)
NameError: name 'resnet50_scratch_dag' is not defined
Traceback (most recent call last):
  File "/scratch/users/u03kj22/SMIRK/my_blackbox_attacks.py", line 1240, in <module>
    main(args)
  File "/scratch/users/u03kj22/SMIRK/my_blackbox_attacks.py", line 1024, in main
    my_attack_surrogate_model(args, generator, generate_images_func)
  File "/scratch/users/u03kj22/SMIRK/my_blackbox_attacks.py", line 372, in my_attack_surrogate_model
    test_model = get_model(args.test_arch_name, args.device)
  File "/scratch/users/u03kj22/SMIRK/model_architectures/my_target_models.py", line 127, in get_model
    net = resnet50_scratch_dag.resnet50_scratch_dag('./classification_models/resnet50_scratch_dag.pth').to(device)
NameError: name 'resnet50_scratch_dag' is not defined
Traceback (most recent call last):
  File "/scratch/users/u03kj22/SMIRK/my_blackbox_attacks.py", line 1240, in <module>
    main(args)
  File "/scratch/users/u03kj22/SMIRK/my_blackbox_attacks.py", line 1024, in main
    my_attack_surrogate_model(args, generator, generate_images_func)
  File "/scratch/users/u03kj22/SMIRK/my_blackbox_attacks.py", line 372, in my_attack_surrogate_model
    test_model = get_model(args.test_arch_name, args.device)
  File "/scratch/users/u03kj22/SMIRK/model_architectures/my_target_models.py", line 127, in get_model
    net = resnet50_scratch_dag.resnet50_scratch_dag('./classification_models/resnet50_scratch_dag.pth').to(device)
NameError: name 'resnet50_scratch_dag' is not defined
Traceback (most recent call last):
  File "/scratch/users/u03kj22/SMIRK/my_blackbox_attacks.py", line 1240, in <module>
    main(args)
  File "/scratch/users/u03kj22/SMIRK/my_blackbox_attacks.py", line 1024, in main
    my_attack_surrogate_model(args, generator, generate_images_func)
  File "/scratch/users/u03kj22/SMIRK/my_blackbox_attacks.py", line 372, in my_attack_surrogate_model
    test_model = get_model(args.test_arch_name, args.device)
  File "/scratch/users/u03kj22/SMIRK/model_architectures/my_target_models.py", line 127, in get_model
    net = resnet50_scratch_dag.resnet50_scratch_dag('./classification_models/resnet50_scratch_dag.pth').to(device)
NameError: name 'resnet50_scratch_dag' is not defined
Traceback (most recent call last):
  File "/scratch/users/u03kj22/SMIRK/my_blackbox_attacks.py", line 1240, in <module>
    main(args)
  File "/scratch/users/u03kj22/SMIRK/my_blackbox_attacks.py", line 1024, in main
    my_attack_surrogate_model(args, generator, generate_images_func)
  File "/scratch/users/u03kj22/SMIRK/my_blackbox_attacks.py", line 372, in my_attack_surrogate_model
    test_model = get_model(args.test_arch_name, args.device)
  File "/scratch/users/u03kj22/SMIRK/model_architectures/my_target_models.py", line 127, in get_model
    net = resnet50_scratch_dag.resnet50_scratch_dag('./classification_models/resnet50_scratch_dag.pth').to(device)
NameError: name 'resnet50_scratch_dag' is not defined
Traceback (most recent call last):
  File "/scratch/users/u03kj22/SMIRK/my_blackbox_attacks.py", line 1240, in <module>
    main(args)
  File "/scratch/users/u03kj22/SMIRK/my_blackbox_attacks.py", line 1024, in main
    my_attack_surrogate_model(args, generator, generate_images_func)
  File "/scratch/users/u03kj22/SMIRK/my_blackbox_attacks.py", line 372, in my_attack_surrogate_model
    test_model = get_model(args.test_arch_name, args.device)
  File "/scratch/users/u03kj22/SMIRK/model_architectures/my_target_models.py", line 127, in get_model
    net = resnet50_scratch_dag.resnet50_scratch_dag('./classification_models/resnet50_scratch_dag.pth').to(device)
NameError: name 'resnet50_scratch_dag' is not defined
Traceback (most recent call last):
  File "/scratch/users/u03kj22/SMIRK/my_blackbox_attacks.py", line 1240, in <module>
    main(args)
  File "/scratch/users/u03kj22/SMIRK/my_blackbox_attacks.py", line 1024, in main
    my_attack_surrogate_model(args, generator, generate_images_func)
  File "/scratch/users/u03kj22/SMIRK/my_blackbox_attacks.py", line 372, in my_attack_surrogate_model
    test_model = get_model(args.test_arch_name, args.device)
  File "/scratch/users/u03kj22/SMIRK/model_architectures/my_target_models.py", line 127, in get_model
    net = resnet50_scratch_dag.resnet50_scratch_dag('./classification_models/resnet50_scratch_dag.pth').to(device)
NameError: name 'resnet50_scratch_dag' is not defined
Traceback (most recent call last):
  File "/scratch/users/u03kj22/SMIRK/my_blackbox_attacks.py", line 1240, in <module>
    main(args)
  File "/scratch/users/u03kj22/SMIRK/my_blackbox_attacks.py", line 1024, in main
    my_attack_surrogate_model(args, generator, generate_images_func)
  File "/scratch/users/u03kj22/SMIRK/my_blackbox_attacks.py", line 372, in my_attack_surrogate_model
    test_model = get_model(args.test_arch_name, args.device)
  File "/scratch/users/u03kj22/SMIRK/model_architectures/my_target_models.py", line 127, in get_model
    net = resnet50_scratch_dag.resnet50_scratch_dag('./classification_models/resnet50_scratch_dag.pth').to(device)
NameError: name 'resnet50_scratch_dag' is not defined
Traceback (most recent call last):
  File "/scratch/users/u03kj22/SMIRK/my_blackbox_attacks.py", line 1240, in <module>
    main(args)
  File "/scratch/users/u03kj22/SMIRK/my_blackbox_attacks.py", line 1024, in main
    my_attack_surrogate_model(args, generator, generate_images_func)
  File "/scratch/users/u03kj22/SMIRK/my_blackbox_attacks.py", line 372, in my_attack_surrogate_model
    test_model = get_model(args.test_arch_name, args.device)
  File "/scratch/users/u03kj22/SMIRK/model_architectures/my_target_models.py", line 127, in get_model
    net = resnet50_scratch_dag.resnet50_scratch_dag('./classification_models/resnet50_scratch_dag.pth').to(device)
NameError: name 'resnet50_scratch_dag' is not defined
Traceback (most recent call last):
  File "/scratch/users/u03kj22/SMIRK/my_blackbox_attacks.py", line 1240, in <module>
    main(args)
  File "/scratch/users/u03kj22/SMIRK/my_blackbox_attacks.py", line 1024, in main
    my_attack_surrogate_model(args, generator, generate_images_func)
  File "/scratch/users/u03kj22/SMIRK/my_blackbox_attacks.py", line 372, in my_attack_surrogate_model
    test_model = get_model(args.test_arch_name, args.device)
  File "/scratch/users/u03kj22/SMIRK/model_architectures/my_target_models.py", line 127, in get_model
    net = resnet50_scratch_dag.resnet50_scratch_dag('./classification_models/resnet50_scratch_dag.pth').to(device)
NameError: name 'resnet50_scratch_dag' is not defined
Traceback (most recent call last):
  File "/scratch/users/u03kj22/SMIRK/my_blackbox_attacks.py", line 1240, in <module>
    main(args)
  File "/scratch/users/u03kj22/SMIRK/my_blackbox_attacks.py", line 1024, in main
    my_attack_surrogate_model(args, generator, generate_images_func)
  File "/scratch/users/u03kj22/SMIRK/my_blackbox_attacks.py", line 372, in my_attack_surrogate_model
    test_model = get_model(args.test_arch_name, args.device)
  File "/scratch/users/u03kj22/SMIRK/model_architectures/my_target_models.py", line 127, in get_model
    net = resnet50_scratch_dag.resnet50_scratch_dag('./classification_models/resnet50_scratch_dag.pth').to(device)
NameError: name 'resnet50_scratch_dag' is not defined
Traceback (most recent call last):
  File "/scratch/users/u03kj22/SMIRK/my_blackbox_attacks.py", line 1240, in <module>
    main(args)
  File "/scratch/users/u03kj22/SMIRK/my_blackbox_attacks.py", line 1024, in main
    my_attack_surrogate_model(args, generator, generate_images_func)
  File "/scratch/users/u03kj22/SMIRK/my_blackbox_attacks.py", line 372, in my_attack_surrogate_model
    test_model = get_model(args.test_arch_name, args.device)
  File "/scratch/users/u03kj22/SMIRK/model_architectures/my_target_models.py", line 127, in get_model
    net = resnet50_scratch_dag.resnet50_scratch_dag('./classification_models/resnet50_scratch_dag.pth').to(device)
NameError: name 'resnet50_scratch_dag' is not defined
Traceback (most recent call last):
  File "/scratch/users/u03kj22/SMIRK/my_blackbox_attacks.py", line 1240, in <module>
    main(args)
  File "/scratch/users/u03kj22/SMIRK/my_blackbox_attacks.py", line 1024, in main
    my_attack_surrogate_model(args, generator, generate_images_func)
  File "/scratch/users/u03kj22/SMIRK/my_blackbox_attacks.py", line 372, in my_attack_surrogate_model
    test_model = get_model(args.test_arch_name, args.device)
  File "/scratch/users/u03kj22/SMIRK/model_architectures/my_target_models.py", line 127, in get_model
    net = resnet50_scratch_dag.resnet50_scratch_dag('./classification_models/resnet50_scratch_dag.pth').to(device)
NameError: name 'resnet50_scratch_dag' is not defined
Traceback (most recent call last):
  File "/scratch/users/u03kj22/SMIRK/my_blackbox_attacks.py", line 1240, in <module>
    main(args)
  File "/scratch/users/u03kj22/SMIRK/my_blackbox_attacks.py", line 1024, in main
    my_attack_surrogate_model(args, generator, generate_images_func)
  File "/scratch/users/u03kj22/SMIRK/my_blackbox_attacks.py", line 372, in my_attack_surrogate_model
    test_model = get_model(args.test_arch_name, args.device)
  File "/scratch/users/u03kj22/SMIRK/model_architectures/my_target_models.py", line 127, in get_model
    net = resnet50_scratch_dag.resnet50_scratch_dag('./classification_models/resnet50_scratch_dag.pth').to(device)
NameError: name 'resnet50_scratch_dag' is not defined
Traceback (most recent call last):
  File "/scratch/users/u03kj22/SMIRK/my_blackbox_attacks.py", line 1240, in <module>
    main(args)
  File "/scratch/users/u03kj22/SMIRK/my_blackbox_attacks.py", line 1024, in main
    my_attack_surrogate_model(args, generator, generate_images_func)
  File "/scratch/users/u03kj22/SMIRK/my_blackbox_attacks.py", line 372, in my_attack_surrogate_model
    test_model = get_model(args.test_arch_name, args.device)
  File "/scratch/users/u03kj22/SMIRK/model_architectures/my_target_models.py", line 127, in get_model
    net = resnet50_scratch_dag.resnet50_scratch_dag('./classification_models/resnet50_scratch_dag.pth').to(device)
NameError: name 'resnet50_scratch_dag' is not defined
Traceback (most recent call last):
  File "/scratch/users/u03kj22/SMIRK/my_blackbox_attacks.py", line 1240, in <module>
    main(args)
  File "/scratch/users/u03kj22/SMIRK/my_blackbox_attacks.py", line 1024, in main
    my_attack_surrogate_model(args, generator, generate_images_func)
  File "/scratch/users/u03kj22/SMIRK/my_blackbox_attacks.py", line 372, in my_attack_surrogate_model
    test_model = get_model(args.test_arch_name, args.device)
  File "/scratch/users/u03kj22/SMIRK/model_architectures/my_target_models.py", line 127, in get_model
    net = resnet50_scratch_dag.resnet50_scratch_dag('./classification_models/resnet50_scratch_dag.pth').to(device)
NameError: name 'resnet50_scratch_dag' is not defined
Traceback (most recent call last):
  File "/scratch/users/u03kj22/SMIRK/my_blackbox_attacks.py", line 1240, in <module>
    main(args)
  File "/scratch/users/u03kj22/SMIRK/my_blackbox_attacks.py", line 1024, in main
    my_attack_surrogate_model(args, generator, generate_images_func)
  File "/scratch/users/u03kj22/SMIRK/my_blackbox_attacks.py", line 372, in my_attack_surrogate_model
    test_model = get_model(args.test_arch_name, args.device)
  File "/scratch/users/u03kj22/SMIRK/model_architectures/my_target_models.py", line 127, in get_model
    net = resnet50_scratch_dag.resnet50_scratch_dag('./classification_models/resnet50_scratch_dag.pth').to(device)
NameError: name 'resnet50_scratch_dag' is not defined
Traceback (most recent call last):
  File "/scratch/users/u03kj22/SMIRK/my_blackbox_attacks.py", line 1240, in <module>
    main(args)
  File "/scratch/users/u03kj22/SMIRK/my_blackbox_attacks.py", line 1024, in main
    my_attack_surrogate_model(args, generator, generate_images_func)
  File "/scratch/users/u03kj22/SMIRK/my_blackbox_attacks.py", line 372, in my_attack_surrogate_model
    test_model = get_model(args.test_arch_name, args.device)
  File "/scratch/users/u03kj22/SMIRK/model_architectures/my_target_models.py", line 127, in get_model
    net = resnet50_scratch_dag.resnet50_scratch_dag('./classification_models/resnet50_scratch_dag.pth').to(device)
NameError: name 'resnet50_scratch_dag' is not defined
Traceback (most recent call last):
  File "/scratch/users/u03kj22/SMIRK/my_blackbox_attacks.py", line 1240, in <module>
    main(args)
  File "/scratch/users/u03kj22/SMIRK/my_blackbox_attacks.py", line 1024, in main
    my_attack_surrogate_model(args, generator, generate_images_func)
  File "/scratch/users/u03kj22/SMIRK/my_blackbox_attacks.py", line 372, in my_attack_surrogate_model
    test_model = get_model(args.test_arch_name, args.device)
  File "/scratch/users/u03kj22/SMIRK/model_architectures/my_target_models.py", line 127, in get_model
    net = resnet50_scratch_dag.resnet50_scratch_dag('./classification_models/resnet50_scratch_dag.pth').to(device)
NameError: name 'resnet50_scratch_dag' is not defined
Traceback (most recent call last):
  File "/scratch/users/u03kj22/SMIRK/my_blackbox_attacks.py", line 1240, in <module>
    main(args)
  File "/scratch/users/u03kj22/SMIRK/my_blackbox_attacks.py", line 1024, in main
    my_attack_surrogate_model(args, generator, generate_images_func)
  File "/scratch/users/u03kj22/SMIRK/my_blackbox_attacks.py", line 372, in my_attack_surrogate_model
    test_model = get_model(args.test_arch_name, args.device)
  File "/scratch/users/u03kj22/SMIRK/model_architectures/my_target_models.py", line 127, in get_model
    net = resnet50_scratch_dag.resnet50_scratch_dag('./classification_models/resnet50_scratch_dag.pth').to(device)
NameError: name 'resnet50_scratch_dag' is not defined
