Traceback (most recent call last):
  File "/scratch/users/u03kj22/SMIRK/my_whitebox_attacks.py", line 1178, in <module>
    main(args)
  File "/scratch/users/u03kj22/SMIRK/my_whitebox_attacks.py", line 1090, in main
    args.net = load_finetune_model(args)
  File "/scratch/users/u03kj22/SMIRK/my_whitebox_attacks.py", line 857, in load_finetune_model
    model_4finetune.load_state_dict(torch.load(save_path+'/model_epoch_last.pt', map_location=args.device))
  File "/home/u03kj22/sharedscratch/.conda/envs/SMIRK-HPC/lib/python3.10/site-packages/torch/serialization.py", line 998, in load
    with _open_file_like(f, 'rb') as opened_file:
  File "/home/u03kj22/sharedscratch/.conda/envs/SMIRK-HPC/lib/python3.10/site-packages/torch/serialization.py", line 445, in _open_file_like
    return _open_file(name_or_buffer, mode)
  File "/home/u03kj22/sharedscratch/.conda/envs/SMIRK-HPC/lib/python3.10/site-packages/torch/serialization.py", line 426, in __init__
    super().__init__(open(name, mode))
FileNotFoundError: [Errno 2] No such file or directory: 'vggface2_target/model_checkpoints_SMILE/vggface2_inception_resnetv1_vggface2_inception_resnetv1_casia_vggface2->CASIA_celeba_partial256_2500_3/model_epoch_last.pt'
Traceback (most recent call last):
  File "/scratch/users/u03kj22/SMIRK/my_blackbox_attacks.py", line 1240, in <module>
    main(args)
  File "/scratch/users/u03kj22/SMIRK/my_blackbox_attacks.py", line 1024, in main
    my_attack_surrogate_model(args, generator, generate_images_func)
  File "/scratch/users/u03kj22/SMIRK/my_blackbox_attacks.py", line 384, in my_attack_surrogate_model
    elite = torch.load(elite_path)
  File "/home/u03kj22/sharedscratch/.conda/envs/SMIRK-HPC/lib/python3.10/site-packages/torch/serialization.py", line 998, in load
    with _open_file_like(f, 'rb') as opened_file:
  File "/home/u03kj22/sharedscratch/.conda/envs/SMIRK-HPC/lib/python3.10/site-packages/torch/serialization.py", line 445, in _open_file_like
    return _open_file(name_or_buffer, mode)
  File "/home/u03kj22/sharedscratch/.conda/envs/SMIRK-HPC/lib/python3.10/site-packages/torch/serialization.py", line 426, in __init__
    super().__init__(open(name, mode))
FileNotFoundError: [Errno 2] No such file or directory: './white_attack/ours-w/SMILE-inception_resnetv1_vggface2-celeba_partial256-2500-200-0.2-inception_resnetv1_casia-vggface2->CASIA-3/LOGS/1/0/final_w.pt'
