usage: my_blackbox_attacks.py [-h]
                              [--attack_mode {AMI,RLB-MI,Mirror-b,ours-current_maximum,ours-optimal_fit,ours-surrogate_model}]
                              [--seed SEED] [--device DEVICE]
                              [--exp_name EXP_NAME]
                              [--target_dataset {vggface2,vggface,CASIA}]
                              [--dataset {ffhq,celeba_partial256,celeba_RLBMI,ffhq_RLBMI}]
                              [--arch_name_target {resnet50,inception_resnetv1_vggface2,mobilenet_v2,efficientnet_b0,inception_v3,swin_transformer,vgg16,vision_transformer,vgg16bn,inception_resnetv1_casia,sphere20a,efficientnet_b0_casia}]
                              [--bs BS] [--target TARGET]
                              [--p_std_ce P_STD_CE] [--index INDEX]
                              [--budget BUDGET]
                              [--strategy {MetaModel,RealSpacePSO,PSO,ASCMADEthird,GeneticDE,NGO,NGOpt}]
                              [--early_stage EARLY_STAGE]
                              [--candidate_num CANDIDATE_NUM]
                              [--EorOG {E,E_ce,SMILE,OG}]
                              [--arch_name_finetune {resnet50,inception_resnetv1_vggface2,mobilenet_v2,efficientnet_b0,inception_v3,swin_transformer,vgg16,vision_transformer,vgg16bn,inception_resnetv1_casia,sphere20a,efficientnet_b0_casia}]
                              [--finetune_mode {vggface->vggface2,vggface->CASIA,vggface2->CASIA,CASIA->vggface2}]
                              [--num_experts NUM_EXPERTS]
                              [--population_size POPULATION_SIZE] [--x X]
                              [--epochs EPOCHS] [--lr LR]
                              [--max_episodes MAX_EPISODES]
                              [--max_step MAX_STEP] [--alpha ALPHA]
                              [--z_dim Z_DIM] [--generations GENERATIONS]
                              [--mutation_prob MUTATION_PROB]
                              [--mutation_ce MUTATION_CE]
                              [--min_score MIN_SCORE] [--test_only]
                              [--test_target TEST_TARGET]
my_blackbox_attacks.py: error: argument --target: expected one argument
