/home/u03kj22/.bashrc: line 29: unalias: squeue: not found
Lmod has detected the following error: The following module(s) are unknown:
"conda"

Please check the spelling or version number. Also try "module spider ..."
It is also possible your cache file is out-of-date; it may help to try:
  $ module --ignore_cache load "conda"

Also make sure that all modulefiles written in TCL start with the string
#%Module



/tmp/slurmd/job315456/slurm_script: line 23: activate: No such file or directory
Downloading...
From (original): https://drive.google.com/uc?id=1zqzwof7ZA-Jtk9cFIBNJHVmY_JYNJrHI
From (redirected): https://drive.google.com/uc?id=1zqzwof7ZA-Jtk9cFIBNJHVmY_JYNJrHI&confirm=t&uuid=c3d6285b-7059-4e9d-81ed-c7708164ceaf
To: /scratch/users/u03kj22/SMIRK/checkpoints/stylegan_celeba_partial256.pth
  0%|          | 0.00/303M [00:00<?, ?B/s]  2%|▏         | 5.77M/303M [00:00<00:05, 57.0MB/s]  9%|▉         | 27.8M/303M [00:00<00:02, 121MB/s]  16%|█▌        | 48.8M/303M [00:00<00:01, 153MB/s] 22%|██▏       | 66.1M/303M [00:00<00:01, 157MB/s] 28%|██▊       | 85.5M/303M [00:00<00:01, 169MB/s] 34%|███▍      | 103M/303M [00:00<00:01, 149MB/s]  39%|███▉      | 119M/303M [00:00<00:01, 137MB/s] 48%|████▊     | 146M/303M [00:00<00:00, 173MB/s] 55%|█████▍    | 165M/303M [00:01<00:00, 177MB/s] 63%|██████▎   | 189M/303M [00:01<00:00, 188MB/s] 69%|██████▉   | 209M/303M [00:01<00:00, 139MB/s] 77%|███████▋  | 234M/303M [00:01<00:00, 164MB/s] 84%|████████▎ | 253M/303M [00:01<00:00, 143MB/s] 91%|█████████ | 276M/303M [00:01<00:00, 163MB/s] 97%|█████████▋| 294M/303M [00:02<00:00, 68.2MB/s]100%|██████████| 303M/303M [00:02<00:00, 121MB/s] 
Traceback (most recent call last):
  File "/home/u03kj22/sharedscratch/.conda/envs/SMIRK-HPC/lib/python3.10/site-packages/torch/cuda/__init__.py", line 315, in _lazy_init
    queued_call()
  File "/home/u03kj22/sharedscratch/.conda/envs/SMIRK-HPC/lib/python3.10/site-packages/torch/cuda/__init__.py", line 183, in _check_capability
    capability = get_device_capability(d)
  File "/home/u03kj22/sharedscratch/.conda/envs/SMIRK-HPC/lib/python3.10/site-packages/torch/cuda/__init__.py", line 439, in get_device_capability
    prop = get_device_properties(device)
  File "/home/u03kj22/sharedscratch/.conda/envs/SMIRK-HPC/lib/python3.10/site-packages/torch/cuda/__init__.py", line 457, in get_device_properties
    return _get_device_properties(device)  # type: ignore[name-defined]
RuntimeError: device >= 0 && device < num_gpus INTERNAL ASSERT FAILED at "../aten/src/ATen/cuda/CUDAContext.cpp":50, please report a bug to PyTorch. device=1, num_gpus=

The above exception was the direct cause of the following exception:

Traceback (most recent call last):
  File "/scratch/users/u03kj22/SMIRK/my_sample_z_w_space.py", line 124, in <module>
    sample()
  File "/home/u03kj22/sharedscratch/.conda/envs/SMIRK-HPC/lib/python3.10/site-packages/torch/utils/_contextlib.py", line 115, in decorate_context
    return func(*args, **kwargs)
  File "/scratch/users/u03kj22/SMIRK/my_sample_z_w_space.py", line 61, in sample
    generator = get_generator(batch_size, device)
  File "/scratch/users/u03kj22/SMIRK/my_sample_z_w_space.py", line 52, in get_generator
    generator, discri = my_get_GD.main(device, genforce_model, batch_size, batch_size, use_w_space=use_w_space, use_discri=use_discri, repeat_w=repeat_w, use_z_plus_space=use_z_plus_space, trunc_psi=trunc_psi, trunc_layers=trunc_layers)
  File "/scratch/users/u03kj22/SMIRK/genforce/my_get_GD.py", line 119, in main
    generator = generator.to(device)
  File "/home/u03kj22/sharedscratch/.conda/envs/SMIRK-HPC/lib/python3.10/site-packages/torch/nn/modules/module.py", line 1152, in to
    return self._apply(convert)
  File "/home/u03kj22/sharedscratch/.conda/envs/SMIRK-HPC/lib/python3.10/site-packages/torch/nn/modules/module.py", line 802, in _apply
    module._apply(fn)
  File "/home/u03kj22/sharedscratch/.conda/envs/SMIRK-HPC/lib/python3.10/site-packages/torch/nn/modules/module.py", line 802, in _apply
    module._apply(fn)
  File "/home/u03kj22/sharedscratch/.conda/envs/SMIRK-HPC/lib/python3.10/site-packages/torch/nn/modules/module.py", line 825, in _apply
    param_applied = fn(param)
  File "/home/u03kj22/sharedscratch/.conda/envs/SMIRK-HPC/lib/python3.10/site-packages/torch/nn/modules/module.py", line 1150, in convert
    return t.to(device, dtype if t.is_floating_point() or t.is_complex() else None, non_blocking)
  File "/home/u03kj22/sharedscratch/.conda/envs/SMIRK-HPC/lib/python3.10/site-packages/torch/cuda/__init__.py", line 321, in _lazy_init
    raise DeferredCudaCallError(msg) from e
torch.cuda.DeferredCudaCallError: CUDA call failed lazily at initialization with error: device >= 0 && device < num_gpus INTERNAL ASSERT FAILED at "../aten/src/ATen/cuda/CUDAContext.cpp":50, please report a bug to PyTorch. device=1, num_gpus=

CUDA call was originally invoked at:

  File "/scratch/users/u03kj22/SMIRK/my_sample_z_w_space.py", line 10, in <module>
    import torch
  File "<frozen importlib._bootstrap>", line 1027, in _find_and_load
  File "<frozen importlib._bootstrap>", line 1006, in _find_and_load_unlocked
  File "<frozen importlib._bootstrap>", line 688, in _load_unlocked
  File "<frozen importlib._bootstrap_external>", line 883, in exec_module
  File "<frozen importlib._bootstrap>", line 241, in _call_with_frames_removed
  File "/home/u03kj22/sharedscratch/.conda/envs/SMIRK-HPC/lib/python3.10/site-packages/torch/__init__.py", line 1427, in <module>
    _C._initExtension(manager_path())
  File "<frozen importlib._bootstrap>", line 1027, in _find_and_load
  File "<frozen importlib._bootstrap>", line 1006, in _find_and_load_unlocked
  File "<frozen importlib._bootstrap>", line 688, in _load_unlocked
  File "<frozen importlib._bootstrap_external>", line 883, in exec_module
  File "<frozen importlib._bootstrap>", line 241, in _call_with_frames_removed
  File "/home/u03kj22/sharedscratch/.conda/envs/SMIRK-HPC/lib/python3.10/site-packages/torch/cuda/__init__.py", line 247, in <module>
    _lazy_call(_check_capability)
  File "/home/u03kj22/sharedscratch/.conda/envs/SMIRK-HPC/lib/python3.10/site-packages/torch/cuda/__init__.py", line 244, in _lazy_call
    _queued_calls.append((callable, traceback.format_stack()))

