/scratch/users/u03kj22/SMIRK/SMILE-baseline/model_architectures/resnet50_scratch_dag.py:187: UserWarning: This overload of add is deprecated:
	add(Tensor input, Number alpha, Tensor other, *, Tensor out)
Consider using one of the following signatures instead:
	add(Tensor input, Tensor other, *, Number alpha, Tensor out) (Triggered internally at ../torch/csrc/utils/python_arg_parser.cpp:1630.)
  conv2_1 = torch.add(conv2_1_1x1_proj_bn, 1, conv2_1_1x1_increase_bn)
Traceback (most recent call last):
  File "/scratch/users/u03kj22/SMIRK/SMILE-baseline/my_blackbox_attacks.py", line 1240, in <module>
    main(args)
  File "/scratch/users/u03kj22/SMIRK/SMILE-baseline/my_blackbox_attacks.py", line 934, in main
    imgs, imgs_origanal = add_conf_to_tensors_custom(imgs, target_conf_test, test_true_list=test_true_list, testornot=True)
  File "/scratch/users/u03kj22/SMIRK/SMILE-baseline/my_blackbox_attacks.py", line 745, in add_conf_to_tensors_custom
    add_conf_to_tensor_custom(tensors[i], confs[i], color, highlight_confs[i], testornot)
  File "/scratch/users/u03kj22/SMIRK/SMILE-baseline/my_blackbox_attacks.py", line 753, in add_conf_to_tensor_custom
    CONF_MASKS = torch.load('./conf_mask.pt')
  File "/home/u03kj22/sharedscratch/.conda/envs/SMIRK-HPC/lib/python3.10/site-packages/torch/serialization.py", line 998, in load
    with _open_file_like(f, 'rb') as opened_file:
  File "/home/u03kj22/sharedscratch/.conda/envs/SMIRK-HPC/lib/python3.10/site-packages/torch/serialization.py", line 445, in _open_file_like
    return _open_file(name_or_buffer, mode)
  File "/home/u03kj22/sharedscratch/.conda/envs/SMIRK-HPC/lib/python3.10/site-packages/torch/serialization.py", line 426, in __init__
    super().__init__(open(name, mode))
FileNotFoundError: [Errno 2] No such file or directory: './conf_mask.pt'
