Namespace(attack_mode='ours-surrogate_model', seed=666, device=0, exp_name=None, target_dataset='vggface2', dataset='celeba_partial256', arch_name_target='inception_resnetv1_vggface2', bs=1000, target=1, p_std_ce=1.0, index=0, budget=1000, strategy='NGOpt', early_stage=50, candidate_num=10, EorOG='SMILE', arch_name_finetune='inception_resnetv1_casia', finetune_mode='vggface2->CASIA', num_experts=3, population_size=2500, x=1.7, epochs=200, lr=0.2, max_episodes=40000, max_step=1, alpha=0, z_dim=100, generations=10, mutation_prob=0.1, mutation_ce=0.1, min_score=0.95, test_only=True, test_target='1,2,3,4,5,6,7,8,9,10,11,12,13,14,15,16,17,18,19,20,21,22,23,24,25,26,27,28,29,30,31,32,33,34,35,36,37,38,39,40,41,42,43,44,45,46,47,48,49,50')
2026-03-11 19:38:33.499566
using device: cuda:0
Namespace(model_name='stylegan_celeba_partial256', save_dir=None, num=1000, batch_size=1000, seed=0, trunc_psi=0.7, trunc_layers=8, randomize_noise=False)
Building generator for model `stylegan_celeba_partial256` ...
Finish building generator.
Loading checkpoint from `checkpoints/stylegan_celeba_partial256.pth` ...
Finish loading checkpoint.
Note: centroid_logits.pt is not found
Namespace(attack_mode='ours-surrogate_model', seed=666, device=0, exp_name=None, target_dataset='vggface2', dataset='celeba_partial256', arch_name_target='inception_resnetv1_vggface2', bs=1000, target=2, p_std_ce=1.0, index=0, budget=1000, strategy='NGOpt', early_stage=50, candidate_num=10, EorOG='SMILE', arch_name_finetune='inception_resnetv1_casia', finetune_mode='vggface2->CASIA', num_experts=3, population_size=2500, x=1.7, epochs=200, lr=0.2, max_episodes=40000, max_step=1, alpha=0, z_dim=100, generations=10, mutation_prob=0.1, mutation_ce=0.1, min_score=0.95, test_only=True, test_target='1,2,3,4,5,6,7,8,9,10,11,12,13,14,15,16,17,18,19,20,21,22,23,24,25,26,27,28,29,30,31,32,33,34,35,36,37,38,39,40,41,42,43,44,45,46,47,48,49,50')
2026-03-11 19:39:13.798831
using device: cuda:0
Namespace(model_name='stylegan_celeba_partial256', save_dir=None, num=1000, batch_size=1000, seed=0, trunc_psi=0.7, trunc_layers=8, randomize_noise=False)
Building generator for model `stylegan_celeba_partial256` ...
Finish building generator.
Loading checkpoint from `checkpoints/stylegan_celeba_partial256.pth` ...
Finish loading checkpoint.
Note: centroid_logits.pt is not found
Namespace(attack_mode='ours-surrogate_model', seed=666, device=0, exp_name=None, target_dataset='vggface2', dataset='celeba_partial256', arch_name_target='inception_resnetv1_vggface2', bs=1000, target=3, p_std_ce=1.0, index=0, budget=1000, strategy='NGOpt', early_stage=50, candidate_num=10, EorOG='SMILE', arch_name_finetune='inception_resnetv1_casia', finetune_mode='vggface2->CASIA', num_experts=3, population_size=2500, x=1.7, epochs=200, lr=0.2, max_episodes=40000, max_step=1, alpha=0, z_dim=100, generations=10, mutation_prob=0.1, mutation_ce=0.1, min_score=0.95, test_only=True, test_target='1,2,3,4,5,6,7,8,9,10,11,12,13,14,15,16,17,18,19,20,21,22,23,24,25,26,27,28,29,30,31,32,33,34,35,36,37,38,39,40,41,42,43,44,45,46,47,48,49,50')
2026-03-11 19:39:57.509190
using device: cuda:0
Namespace(model_name='stylegan_celeba_partial256', save_dir=None, num=1000, batch_size=1000, seed=0, trunc_psi=0.7, trunc_layers=8, randomize_noise=False)
Building generator for model `stylegan_celeba_partial256` ...
Finish building generator.
Loading checkpoint from `checkpoints/stylegan_celeba_partial256.pth` ...
Finish loading checkpoint.
Note: centroid_logits.pt is not found
Namespace(attack_mode='ours-surrogate_model', seed=666, device=0, exp_name=None, target_dataset='vggface2', dataset='celeba_partial256', arch_name_target='inception_resnetv1_vggface2', bs=1000, target=4, p_std_ce=1.0, index=0, budget=1000, strategy='NGOpt', early_stage=50, candidate_num=10, EorOG='SMILE', arch_name_finetune='inception_resnetv1_casia', finetune_mode='vggface2->CASIA', num_experts=3, population_size=2500, x=1.7, epochs=200, lr=0.2, max_episodes=40000, max_step=1, alpha=0, z_dim=100, generations=10, mutation_prob=0.1, mutation_ce=0.1, min_score=0.95, test_only=True, test_target='1,2,3,4,5,6,7,8,9,10,11,12,13,14,15,16,17,18,19,20,21,22,23,24,25,26,27,28,29,30,31,32,33,34,35,36,37,38,39,40,41,42,43,44,45,46,47,48,49,50')
2026-03-11 19:40:38.525118
using device: cuda:0
Namespace(model_name='stylegan_celeba_partial256', save_dir=None, num=1000, batch_size=1000, seed=0, trunc_psi=0.7, trunc_layers=8, randomize_noise=False)
Building generator for model `stylegan_celeba_partial256` ...
Finish building generator.
Loading checkpoint from `checkpoints/stylegan_celeba_partial256.pth` ...
Finish loading checkpoint.
Note: centroid_logits.pt is not found
Namespace(attack_mode='ours-surrogate_model', seed=666, device=0, exp_name=None, target_dataset='vggface2', dataset='celeba_partial256', arch_name_target='inception_resnetv1_vggface2', bs=1000, target=5, p_std_ce=1.0, index=0, budget=1000, strategy='NGOpt', early_stage=50, candidate_num=10, EorOG='SMILE', arch_name_finetune='inception_resnetv1_casia', finetune_mode='vggface2->CASIA', num_experts=3, population_size=2500, x=1.7, epochs=200, lr=0.2, max_episodes=40000, max_step=1, alpha=0, z_dim=100, generations=10, mutation_prob=0.1, mutation_ce=0.1, min_score=0.95, test_only=True, test_target='1,2,3,4,5,6,7,8,9,10,11,12,13,14,15,16,17,18,19,20,21,22,23,24,25,26,27,28,29,30,31,32,33,34,35,36,37,38,39,40,41,42,43,44,45,46,47,48,49,50')
2026-03-11 19:41:19.462986
using device: cuda:0
Namespace(model_name='stylegan_celeba_partial256', save_dir=None, num=1000, batch_size=1000, seed=0, trunc_psi=0.7, trunc_layers=8, randomize_noise=False)
Building generator for model `stylegan_celeba_partial256` ...
Finish building generator.
Loading checkpoint from `checkpoints/stylegan_celeba_partial256.pth` ...
Finish loading checkpoint.
Note: centroid_logits.pt is not found
Namespace(attack_mode='ours-surrogate_model', seed=666, device=0, exp_name=None, target_dataset='vggface2', dataset='celeba_partial256', arch_name_target='inception_resnetv1_vggface2', bs=1000, target=6, p_std_ce=1.0, index=0, budget=1000, strategy='NGOpt', early_stage=50, candidate_num=10, EorOG='SMILE', arch_name_finetune='inception_resnetv1_casia', finetune_mode='vggface2->CASIA', num_experts=3, population_size=2500, x=1.7, epochs=200, lr=0.2, max_episodes=40000, max_step=1, alpha=0, z_dim=100, generations=10, mutation_prob=0.1, mutation_ce=0.1, min_score=0.95, test_only=True, test_target='1,2,3,4,5,6,7,8,9,10,11,12,13,14,15,16,17,18,19,20,21,22,23,24,25,26,27,28,29,30,31,32,33,34,35,36,37,38,39,40,41,42,43,44,45,46,47,48,49,50')
2026-03-11 19:42:00.808302
using device: cuda:0
Namespace(model_name='stylegan_celeba_partial256', save_dir=None, num=1000, batch_size=1000, seed=0, trunc_psi=0.7, trunc_layers=8, randomize_noise=False)
Building generator for model `stylegan_celeba_partial256` ...
Finish building generator.
Loading checkpoint from `checkpoints/stylegan_celeba_partial256.pth` ...
Finish loading checkpoint.
Note: centroid_logits.pt is not found
Namespace(attack_mode='ours-surrogate_model', seed=666, device=0, exp_name=None, target_dataset='vggface2', dataset='celeba_partial256', arch_name_target='inception_resnetv1_vggface2', bs=1000, target=7, p_std_ce=1.0, index=0, budget=1000, strategy='NGOpt', early_stage=50, candidate_num=10, EorOG='SMILE', arch_name_finetune='inception_resnetv1_casia', finetune_mode='vggface2->CASIA', num_experts=3, population_size=2500, x=1.7, epochs=200, lr=0.2, max_episodes=40000, max_step=1, alpha=0, z_dim=100, generations=10, mutation_prob=0.1, mutation_ce=0.1, min_score=0.95, test_only=True, test_target='1,2,3,4,5,6,7,8,9,10,11,12,13,14,15,16,17,18,19,20,21,22,23,24,25,26,27,28,29,30,31,32,33,34,35,36,37,38,39,40,41,42,43,44,45,46,47,48,49,50')
2026-03-11 19:42:42.646927
using device: cuda:0
Namespace(model_name='stylegan_celeba_partial256', save_dir=None, num=1000, batch_size=1000, seed=0, trunc_psi=0.7, trunc_layers=8, randomize_noise=False)
Building generator for model `stylegan_celeba_partial256` ...
Finish building generator.
Loading checkpoint from `checkpoints/stylegan_celeba_partial256.pth` ...
Finish loading checkpoint.
Note: centroid_logits.pt is not found
Namespace(attack_mode='ours-surrogate_model', seed=666, device=0, exp_name=None, target_dataset='vggface2', dataset='celeba_partial256', arch_name_target='inception_resnetv1_vggface2', bs=1000, target=8, p_std_ce=1.0, index=0, budget=1000, strategy='NGOpt', early_stage=50, candidate_num=10, EorOG='SMILE', arch_name_finetune='inception_resnetv1_casia', finetune_mode='vggface2->CASIA', num_experts=3, population_size=2500, x=1.7, epochs=200, lr=0.2, max_episodes=40000, max_step=1, alpha=0, z_dim=100, generations=10, mutation_prob=0.1, mutation_ce=0.1, min_score=0.95, test_only=True, test_target='1,2,3,4,5,6,7,8,9,10,11,12,13,14,15,16,17,18,19,20,21,22,23,24,25,26,27,28,29,30,31,32,33,34,35,36,37,38,39,40,41,42,43,44,45,46,47,48,49,50')
2026-03-11 19:43:24.572848
using device: cuda:0
Namespace(model_name='stylegan_celeba_partial256', save_dir=None, num=1000, batch_size=1000, seed=0, trunc_psi=0.7, trunc_layers=8, randomize_noise=False)
Building generator for model `stylegan_celeba_partial256` ...
Finish building generator.
Loading checkpoint from `checkpoints/stylegan_celeba_partial256.pth` ...
Finish loading checkpoint.
Note: centroid_logits.pt is not found
Namespace(attack_mode='ours-surrogate_model', seed=666, device=0, exp_name=None, target_dataset='vggface2', dataset='celeba_partial256', arch_name_target='inception_resnetv1_vggface2', bs=1000, target=9, p_std_ce=1.0, index=0, budget=1000, strategy='NGOpt', early_stage=50, candidate_num=10, EorOG='SMILE', arch_name_finetune='inception_resnetv1_casia', finetune_mode='vggface2->CASIA', num_experts=3, population_size=2500, x=1.7, epochs=200, lr=0.2, max_episodes=40000, max_step=1, alpha=0, z_dim=100, generations=10, mutation_prob=0.1, mutation_ce=0.1, min_score=0.95, test_only=True, test_target='1,2,3,4,5,6,7,8,9,10,11,12,13,14,15,16,17,18,19,20,21,22,23,24,25,26,27,28,29,30,31,32,33,34,35,36,37,38,39,40,41,42,43,44,45,46,47,48,49,50')
2026-03-11 19:44:04.424750
using device: cuda:0
Namespace(model_name='stylegan_celeba_partial256', save_dir=None, num=1000, batch_size=1000, seed=0, trunc_psi=0.7, trunc_layers=8, randomize_noise=False)
Building generator for model `stylegan_celeba_partial256` ...
Finish building generator.
Loading checkpoint from `checkpoints/stylegan_celeba_partial256.pth` ...
Finish loading checkpoint.
Note: centroid_logits.pt is not found
Namespace(attack_mode='ours-surrogate_model', seed=666, device=0, exp_name=None, target_dataset='vggface2', dataset='celeba_partial256', arch_name_target='inception_resnetv1_vggface2', bs=1000, target=10, p_std_ce=1.0, index=0, budget=1000, strategy='NGOpt', early_stage=50, candidate_num=10, EorOG='SMILE', arch_name_finetune='inception_resnetv1_casia', finetune_mode='vggface2->CASIA', num_experts=3, population_size=2500, x=1.7, epochs=200, lr=0.2, max_episodes=40000, max_step=1, alpha=0, z_dim=100, generations=10, mutation_prob=0.1, mutation_ce=0.1, min_score=0.95, test_only=True, test_target='1,2,3,4,5,6,7,8,9,10,11,12,13,14,15,16,17,18,19,20,21,22,23,24,25,26,27,28,29,30,31,32,33,34,35,36,37,38,39,40,41,42,43,44,45,46,47,48,49,50')
2026-03-11 19:44:42.263762
using device: cuda:0
Namespace(model_name='stylegan_celeba_partial256', save_dir=None, num=1000, batch_size=1000, seed=0, trunc_psi=0.7, trunc_layers=8, randomize_noise=False)
Building generator for model `stylegan_celeba_partial256` ...
Finish building generator.
Loading checkpoint from `checkpoints/stylegan_celeba_partial256.pth` ...
Finish loading checkpoint.
Note: centroid_logits.pt is not found
Namespace(attack_mode='ours-surrogate_model', seed=666, device=0, exp_name=None, target_dataset='vggface2', dataset='celeba_partial256', arch_name_target='inception_resnetv1_vggface2', bs=1000, target=11, p_std_ce=1.0, index=0, budget=1000, strategy='NGOpt', early_stage=50, candidate_num=10, EorOG='SMILE', arch_name_finetune='inception_resnetv1_casia', finetune_mode='vggface2->CASIA', num_experts=3, population_size=2500, x=1.7, epochs=200, lr=0.2, max_episodes=40000, max_step=1, alpha=0, z_dim=100, generations=10, mutation_prob=0.1, mutation_ce=0.1, min_score=0.95, test_only=True, test_target='1,2,3,4,5,6,7,8,9,10,11,12,13,14,15,16,17,18,19,20,21,22,23,24,25,26,27,28,29,30,31,32,33,34,35,36,37,38,39,40,41,42,43,44,45,46,47,48,49,50')
2026-03-11 19:45:23.989276
using device: cuda:0
Namespace(model_name='stylegan_celeba_partial256', save_dir=None, num=1000, batch_size=1000, seed=0, trunc_psi=0.7, trunc_layers=8, randomize_noise=False)
Building generator for model `stylegan_celeba_partial256` ...
Finish building generator.
Loading checkpoint from `checkpoints/stylegan_celeba_partial256.pth` ...
Finish loading checkpoint.
Note: centroid_logits.pt is not found
Namespace(attack_mode='ours-surrogate_model', seed=666, device=0, exp_name=None, target_dataset='vggface2', dataset='celeba_partial256', arch_name_target='inception_resnetv1_vggface2', bs=1000, target=12, p_std_ce=1.0, index=0, budget=1000, strategy='NGOpt', early_stage=50, candidate_num=10, EorOG='SMILE', arch_name_finetune='inception_resnetv1_casia', finetune_mode='vggface2->CASIA', num_experts=3, population_size=2500, x=1.7, epochs=200, lr=0.2, max_episodes=40000, max_step=1, alpha=0, z_dim=100, generations=10, mutation_prob=0.1, mutation_ce=0.1, min_score=0.95, test_only=True, test_target='1,2,3,4,5,6,7,8,9,10,11,12,13,14,15,16,17,18,19,20,21,22,23,24,25,26,27,28,29,30,31,32,33,34,35,36,37,38,39,40,41,42,43,44,45,46,47,48,49,50')
2026-03-11 19:46:04.193306
using device: cuda:0
Namespace(model_name='stylegan_celeba_partial256', save_dir=None, num=1000, batch_size=1000, seed=0, trunc_psi=0.7, trunc_layers=8, randomize_noise=False)
Building generator for model `stylegan_celeba_partial256` ...
Finish building generator.
Loading checkpoint from `checkpoints/stylegan_celeba_partial256.pth` ...
Finish loading checkpoint.
Note: centroid_logits.pt is not found
Namespace(attack_mode='ours-surrogate_model', seed=666, device=0, exp_name=None, target_dataset='vggface2', dataset='celeba_partial256', arch_name_target='inception_resnetv1_vggface2', bs=1000, target=13, p_std_ce=1.0, index=0, budget=1000, strategy='NGOpt', early_stage=50, candidate_num=10, EorOG='SMILE', arch_name_finetune='inception_resnetv1_casia', finetune_mode='vggface2->CASIA', num_experts=3, population_size=2500, x=1.7, epochs=200, lr=0.2, max_episodes=40000, max_step=1, alpha=0, z_dim=100, generations=10, mutation_prob=0.1, mutation_ce=0.1, min_score=0.95, test_only=True, test_target='1,2,3,4,5,6,7,8,9,10,11,12,13,14,15,16,17,18,19,20,21,22,23,24,25,26,27,28,29,30,31,32,33,34,35,36,37,38,39,40,41,42,43,44,45,46,47,48,49,50')
2026-03-11 19:46:45.847744
using device: cuda:0
Namespace(model_name='stylegan_celeba_partial256', save_dir=None, num=1000, batch_size=1000, seed=0, trunc_psi=0.7, trunc_layers=8, randomize_noise=False)
Building generator for model `stylegan_celeba_partial256` ...
Finish building generator.
Loading checkpoint from `checkpoints/stylegan_celeba_partial256.pth` ...
Finish loading checkpoint.
Note: centroid_logits.pt is not found
Namespace(attack_mode='ours-surrogate_model', seed=666, device=0, exp_name=None, target_dataset='vggface2', dataset='celeba_partial256', arch_name_target='inception_resnetv1_vggface2', bs=1000, target=14, p_std_ce=1.0, index=0, budget=1000, strategy='NGOpt', early_stage=50, candidate_num=10, EorOG='SMILE', arch_name_finetune='inception_resnetv1_casia', finetune_mode='vggface2->CASIA', num_experts=3, population_size=2500, x=1.7, epochs=200, lr=0.2, max_episodes=40000, max_step=1, alpha=0, z_dim=100, generations=10, mutation_prob=0.1, mutation_ce=0.1, min_score=0.95, test_only=True, test_target='1,2,3,4,5,6,7,8,9,10,11,12,13,14,15,16,17,18,19,20,21,22,23,24,25,26,27,28,29,30,31,32,33,34,35,36,37,38,39,40,41,42,43,44,45,46,47,48,49,50')
2026-03-11 19:47:26.988197
using device: cuda:0
Namespace(model_name='stylegan_celeba_partial256', save_dir=None, num=1000, batch_size=1000, seed=0, trunc_psi=0.7, trunc_layers=8, randomize_noise=False)
Building generator for model `stylegan_celeba_partial256` ...
Finish building generator.
Loading checkpoint from `checkpoints/stylegan_celeba_partial256.pth` ...
Finish loading checkpoint.
Note: centroid_logits.pt is not found
Namespace(attack_mode='ours-surrogate_model', seed=666, device=0, exp_name=None, target_dataset='vggface2', dataset='celeba_partial256', arch_name_target='inception_resnetv1_vggface2', bs=1000, target=15, p_std_ce=1.0, index=0, budget=1000, strategy='NGOpt', early_stage=50, candidate_num=10, EorOG='SMILE', arch_name_finetune='inception_resnetv1_casia', finetune_mode='vggface2->CASIA', num_experts=3, population_size=2500, x=1.7, epochs=200, lr=0.2, max_episodes=40000, max_step=1, alpha=0, z_dim=100, generations=10, mutation_prob=0.1, mutation_ce=0.1, min_score=0.95, test_only=True, test_target='1,2,3,4,5,6,7,8,9,10,11,12,13,14,15,16,17,18,19,20,21,22,23,24,25,26,27,28,29,30,31,32,33,34,35,36,37,38,39,40,41,42,43,44,45,46,47,48,49,50')
2026-03-11 19:48:05.991553
using device: cuda:0
Namespace(model_name='stylegan_celeba_partial256', save_dir=None, num=1000, batch_size=1000, seed=0, trunc_psi=0.7, trunc_layers=8, randomize_noise=False)
Building generator for model `stylegan_celeba_partial256` ...
Finish building generator.
Loading checkpoint from `checkpoints/stylegan_celeba_partial256.pth` ...
Finish loading checkpoint.
Note: centroid_logits.pt is not found
Namespace(attack_mode='ours-surrogate_model', seed=666, device=0, exp_name=None, target_dataset='vggface2', dataset='celeba_partial256', arch_name_target='inception_resnetv1_vggface2', bs=1000, target=16, p_std_ce=1.0, index=0, budget=1000, strategy='NGOpt', early_stage=50, candidate_num=10, EorOG='SMILE', arch_name_finetune='inception_resnetv1_casia', finetune_mode='vggface2->CASIA', num_experts=3, population_size=2500, x=1.7, epochs=200, lr=0.2, max_episodes=40000, max_step=1, alpha=0, z_dim=100, generations=10, mutation_prob=0.1, mutation_ce=0.1, min_score=0.95, test_only=True, test_target='1,2,3,4,5,6,7,8,9,10,11,12,13,14,15,16,17,18,19,20,21,22,23,24,25,26,27,28,29,30,31,32,33,34,35,36,37,38,39,40,41,42,43,44,45,46,47,48,49,50')
2026-03-11 19:48:46.873113
using device: cuda:0
Namespace(model_name='stylegan_celeba_partial256', save_dir=None, num=1000, batch_size=1000, seed=0, trunc_psi=0.7, trunc_layers=8, randomize_noise=False)
Building generator for model `stylegan_celeba_partial256` ...
Finish building generator.
Loading checkpoint from `checkpoints/stylegan_celeba_partial256.pth` ...
Finish loading checkpoint.
Note: centroid_logits.pt is not found
Namespace(attack_mode='ours-surrogate_model', seed=666, device=0, exp_name=None, target_dataset='vggface2', dataset='celeba_partial256', arch_name_target='inception_resnetv1_vggface2', bs=1000, target=17, p_std_ce=1.0, index=0, budget=1000, strategy='NGOpt', early_stage=50, candidate_num=10, EorOG='SMILE', arch_name_finetune='inception_resnetv1_casia', finetune_mode='vggface2->CASIA', num_experts=3, population_size=2500, x=1.7, epochs=200, lr=0.2, max_episodes=40000, max_step=1, alpha=0, z_dim=100, generations=10, mutation_prob=0.1, mutation_ce=0.1, min_score=0.95, test_only=True, test_target='1,2,3,4,5,6,7,8,9,10,11,12,13,14,15,16,17,18,19,20,21,22,23,24,25,26,27,28,29,30,31,32,33,34,35,36,37,38,39,40,41,42,43,44,45,46,47,48,49,50')
2026-03-11 19:49:26.674828
using device: cuda:0
Namespace(model_name='stylegan_celeba_partial256', save_dir=None, num=1000, batch_size=1000, seed=0, trunc_psi=0.7, trunc_layers=8, randomize_noise=False)
Building generator for model `stylegan_celeba_partial256` ...
Finish building generator.
Loading checkpoint from `checkpoints/stylegan_celeba_partial256.pth` ...
Finish loading checkpoint.
Note: centroid_logits.pt is not found
Namespace(attack_mode='ours-surrogate_model', seed=666, device=0, exp_name=None, target_dataset='vggface2', dataset='celeba_partial256', arch_name_target='inception_resnetv1_vggface2', bs=1000, target=18, p_std_ce=1.0, index=0, budget=1000, strategy='NGOpt', early_stage=50, candidate_num=10, EorOG='SMILE', arch_name_finetune='inception_resnetv1_casia', finetune_mode='vggface2->CASIA', num_experts=3, population_size=2500, x=1.7, epochs=200, lr=0.2, max_episodes=40000, max_step=1, alpha=0, z_dim=100, generations=10, mutation_prob=0.1, mutation_ce=0.1, min_score=0.95, test_only=True, test_target='1,2,3,4,5,6,7,8,9,10,11,12,13,14,15,16,17,18,19,20,21,22,23,24,25,26,27,28,29,30,31,32,33,34,35,36,37,38,39,40,41,42,43,44,45,46,47,48,49,50')
2026-03-11 19:50:07.357540
using device: cuda:0
Namespace(model_name='stylegan_celeba_partial256', save_dir=None, num=1000, batch_size=1000, seed=0, trunc_psi=0.7, trunc_layers=8, randomize_noise=False)
Building generator for model `stylegan_celeba_partial256` ...
Finish building generator.
Loading checkpoint from `checkpoints/stylegan_celeba_partial256.pth` ...
Finish loading checkpoint.
Note: centroid_logits.pt is not found
Namespace(attack_mode='ours-surrogate_model', seed=666, device=0, exp_name=None, target_dataset='vggface2', dataset='celeba_partial256', arch_name_target='inception_resnetv1_vggface2', bs=1000, target=19, p_std_ce=1.0, index=0, budget=1000, strategy='NGOpt', early_stage=50, candidate_num=10, EorOG='SMILE', arch_name_finetune='inception_resnetv1_casia', finetune_mode='vggface2->CASIA', num_experts=3, population_size=2500, x=1.7, epochs=200, lr=0.2, max_episodes=40000, max_step=1, alpha=0, z_dim=100, generations=10, mutation_prob=0.1, mutation_ce=0.1, min_score=0.95, test_only=True, test_target='1,2,3,4,5,6,7,8,9,10,11,12,13,14,15,16,17,18,19,20,21,22,23,24,25,26,27,28,29,30,31,32,33,34,35,36,37,38,39,40,41,42,43,44,45,46,47,48,49,50')
2026-03-11 19:50:47.200256
using device: cuda:0
Namespace(model_name='stylegan_celeba_partial256', save_dir=None, num=1000, batch_size=1000, seed=0, trunc_psi=0.7, trunc_layers=8, randomize_noise=False)
Building generator for model `stylegan_celeba_partial256` ...
Finish building generator.
Loading checkpoint from `checkpoints/stylegan_celeba_partial256.pth` ...
Finish loading checkpoint.
Note: centroid_logits.pt is not found
Namespace(attack_mode='ours-surrogate_model', seed=666, device=0, exp_name=None, target_dataset='vggface2', dataset='celeba_partial256', arch_name_target='inception_resnetv1_vggface2', bs=1000, target=20, p_std_ce=1.0, index=0, budget=1000, strategy='NGOpt', early_stage=50, candidate_num=10, EorOG='SMILE', arch_name_finetune='inception_resnetv1_casia', finetune_mode='vggface2->CASIA', num_experts=3, population_size=2500, x=1.7, epochs=200, lr=0.2, max_episodes=40000, max_step=1, alpha=0, z_dim=100, generations=10, mutation_prob=0.1, mutation_ce=0.1, min_score=0.95, test_only=True, test_target='1,2,3,4,5,6,7,8,9,10,11,12,13,14,15,16,17,18,19,20,21,22,23,24,25,26,27,28,29,30,31,32,33,34,35,36,37,38,39,40,41,42,43,44,45,46,47,48,49,50')
2026-03-11 19:51:28.477204
using device: cuda:0
Namespace(model_name='stylegan_celeba_partial256', save_dir=None, num=1000, batch_size=1000, seed=0, trunc_psi=0.7, trunc_layers=8, randomize_noise=False)
Building generator for model `stylegan_celeba_partial256` ...
Finish building generator.
Loading checkpoint from `checkpoints/stylegan_celeba_partial256.pth` ...
Finish loading checkpoint.
Note: centroid_logits.pt is not found
Namespace(attack_mode='ours-surrogate_model', seed=666, device=0, exp_name=None, target_dataset='vggface2', dataset='celeba_partial256', arch_name_target='inception_resnetv1_vggface2', bs=1000, target=21, p_std_ce=1.0, index=0, budget=1000, strategy='NGOpt', early_stage=50, candidate_num=10, EorOG='SMILE', arch_name_finetune='inception_resnetv1_casia', finetune_mode='vggface2->CASIA', num_experts=3, population_size=2500, x=1.7, epochs=200, lr=0.2, max_episodes=40000, max_step=1, alpha=0, z_dim=100, generations=10, mutation_prob=0.1, mutation_ce=0.1, min_score=0.95, test_only=True, test_target='1,2,3,4,5,6,7,8,9,10,11,12,13,14,15,16,17,18,19,20,21,22,23,24,25,26,27,28,29,30,31,32,33,34,35,36,37,38,39,40,41,42,43,44,45,46,47,48,49,50')
2026-03-11 19:52:07.110254
using device: cuda:0
Namespace(model_name='stylegan_celeba_partial256', save_dir=None, num=1000, batch_size=1000, seed=0, trunc_psi=0.7, trunc_layers=8, randomize_noise=False)
Building generator for model `stylegan_celeba_partial256` ...
Finish building generator.
Loading checkpoint from `checkpoints/stylegan_celeba_partial256.pth` ...
Finish loading checkpoint.
Note: centroid_logits.pt is not found
Namespace(attack_mode='ours-surrogate_model', seed=666, device=0, exp_name=None, target_dataset='vggface2', dataset='celeba_partial256', arch_name_target='inception_resnetv1_vggface2', bs=1000, target=22, p_std_ce=1.0, index=0, budget=1000, strategy='NGOpt', early_stage=50, candidate_num=10, EorOG='SMILE', arch_name_finetune='inception_resnetv1_casia', finetune_mode='vggface2->CASIA', num_experts=3, population_size=2500, x=1.7, epochs=200, lr=0.2, max_episodes=40000, max_step=1, alpha=0, z_dim=100, generations=10, mutation_prob=0.1, mutation_ce=0.1, min_score=0.95, test_only=True, test_target='1,2,3,4,5,6,7,8,9,10,11,12,13,14,15,16,17,18,19,20,21,22,23,24,25,26,27,28,29,30,31,32,33,34,35,36,37,38,39,40,41,42,43,44,45,46,47,48,49,50')
2026-03-11 19:52:47.069022
using device: cuda:0
Namespace(model_name='stylegan_celeba_partial256', save_dir=None, num=1000, batch_size=1000, seed=0, trunc_psi=0.7, trunc_layers=8, randomize_noise=False)
Building generator for model `stylegan_celeba_partial256` ...
Finish building generator.
Loading checkpoint from `checkpoints/stylegan_celeba_partial256.pth` ...
Finish loading checkpoint.
Note: centroid_logits.pt is not found
Namespace(attack_mode='ours-surrogate_model', seed=666, device=0, exp_name=None, target_dataset='vggface2', dataset='celeba_partial256', arch_name_target='inception_resnetv1_vggface2', bs=1000, target=23, p_std_ce=1.0, index=0, budget=1000, strategy='NGOpt', early_stage=50, candidate_num=10, EorOG='SMILE', arch_name_finetune='inception_resnetv1_casia', finetune_mode='vggface2->CASIA', num_experts=3, population_size=2500, x=1.7, epochs=200, lr=0.2, max_episodes=40000, max_step=1, alpha=0, z_dim=100, generations=10, mutation_prob=0.1, mutation_ce=0.1, min_score=0.95, test_only=True, test_target='1,2,3,4,5,6,7,8,9,10,11,12,13,14,15,16,17,18,19,20,21,22,23,24,25,26,27,28,29,30,31,32,33,34,35,36,37,38,39,40,41,42,43,44,45,46,47,48,49,50')
2026-03-11 19:53:29.048815
using device: cuda:0
Namespace(model_name='stylegan_celeba_partial256', save_dir=None, num=1000, batch_size=1000, seed=0, trunc_psi=0.7, trunc_layers=8, randomize_noise=False)
Building generator for model `stylegan_celeba_partial256` ...
Finish building generator.
Loading checkpoint from `checkpoints/stylegan_celeba_partial256.pth` ...
Finish loading checkpoint.
Note: centroid_logits.pt is not found
Namespace(attack_mode='ours-surrogate_model', seed=666, device=0, exp_name=None, target_dataset='vggface2', dataset='celeba_partial256', arch_name_target='inception_resnetv1_vggface2', bs=1000, target=24, p_std_ce=1.0, index=0, budget=1000, strategy='NGOpt', early_stage=50, candidate_num=10, EorOG='SMILE', arch_name_finetune='inception_resnetv1_casia', finetune_mode='vggface2->CASIA', num_experts=3, population_size=2500, x=1.7, epochs=200, lr=0.2, max_episodes=40000, max_step=1, alpha=0, z_dim=100, generations=10, mutation_prob=0.1, mutation_ce=0.1, min_score=0.95, test_only=True, test_target='1,2,3,4,5,6,7,8,9,10,11,12,13,14,15,16,17,18,19,20,21,22,23,24,25,26,27,28,29,30,31,32,33,34,35,36,37,38,39,40,41,42,43,44,45,46,47,48,49,50')
2026-03-11 19:54:06.812933
using device: cuda:0
Namespace(model_name='stylegan_celeba_partial256', save_dir=None, num=1000, batch_size=1000, seed=0, trunc_psi=0.7, trunc_layers=8, randomize_noise=False)
Building generator for model `stylegan_celeba_partial256` ...
Finish building generator.
Loading checkpoint from `checkpoints/stylegan_celeba_partial256.pth` ...
Finish loading checkpoint.
Note: centroid_logits.pt is not found
Namespace(attack_mode='ours-surrogate_model', seed=666, device=0, exp_name=None, target_dataset='vggface2', dataset='celeba_partial256', arch_name_target='inception_resnetv1_vggface2', bs=1000, target=25, p_std_ce=1.0, index=0, budget=1000, strategy='NGOpt', early_stage=50, candidate_num=10, EorOG='SMILE', arch_name_finetune='inception_resnetv1_casia', finetune_mode='vggface2->CASIA', num_experts=3, population_size=2500, x=1.7, epochs=200, lr=0.2, max_episodes=40000, max_step=1, alpha=0, z_dim=100, generations=10, mutation_prob=0.1, mutation_ce=0.1, min_score=0.95, test_only=True, test_target='1,2,3,4,5,6,7,8,9,10,11,12,13,14,15,16,17,18,19,20,21,22,23,24,25,26,27,28,29,30,31,32,33,34,35,36,37,38,39,40,41,42,43,44,45,46,47,48,49,50')
2026-03-11 19:54:46.335977
using device: cuda:0
Namespace(model_name='stylegan_celeba_partial256', save_dir=None, num=1000, batch_size=1000, seed=0, trunc_psi=0.7, trunc_layers=8, randomize_noise=False)
Building generator for model `stylegan_celeba_partial256` ...
Finish building generator.
Loading checkpoint from `checkpoints/stylegan_celeba_partial256.pth` ...
Finish loading checkpoint.
Note: centroid_logits.pt is not found
Namespace(attack_mode='ours-surrogate_model', seed=666, device=0, exp_name=None, target_dataset='vggface2', dataset='celeba_partial256', arch_name_target='inception_resnetv1_vggface2', bs=1000, target=26, p_std_ce=1.0, index=0, budget=1000, strategy='NGOpt', early_stage=50, candidate_num=10, EorOG='SMILE', arch_name_finetune='inception_resnetv1_casia', finetune_mode='vggface2->CASIA', num_experts=3, population_size=2500, x=1.7, epochs=200, lr=0.2, max_episodes=40000, max_step=1, alpha=0, z_dim=100, generations=10, mutation_prob=0.1, mutation_ce=0.1, min_score=0.95, test_only=True, test_target='1,2,3,4,5,6,7,8,9,10,11,12,13,14,15,16,17,18,19,20,21,22,23,24,25,26,27,28,29,30,31,32,33,34,35,36,37,38,39,40,41,42,43,44,45,46,47,48,49,50')
2026-03-11 19:55:26.819979
using device: cuda:0
Namespace(model_name='stylegan_celeba_partial256', save_dir=None, num=1000, batch_size=1000, seed=0, trunc_psi=0.7, trunc_layers=8, randomize_noise=False)
Building generator for model `stylegan_celeba_partial256` ...
Finish building generator.
Loading checkpoint from `checkpoints/stylegan_celeba_partial256.pth` ...
Finish loading checkpoint.
Note: centroid_logits.pt is not found
Namespace(attack_mode='ours-surrogate_model', seed=666, device=0, exp_name=None, target_dataset='vggface2', dataset='celeba_partial256', arch_name_target='inception_resnetv1_vggface2', bs=1000, target=27, p_std_ce=1.0, index=0, budget=1000, strategy='NGOpt', early_stage=50, candidate_num=10, EorOG='SMILE', arch_name_finetune='inception_resnetv1_casia', finetune_mode='vggface2->CASIA', num_experts=3, population_size=2500, x=1.7, epochs=200, lr=0.2, max_episodes=40000, max_step=1, alpha=0, z_dim=100, generations=10, mutation_prob=0.1, mutation_ce=0.1, min_score=0.95, test_only=True, test_target='1,2,3,4,5,6,7,8,9,10,11,12,13,14,15,16,17,18,19,20,21,22,23,24,25,26,27,28,29,30,31,32,33,34,35,36,37,38,39,40,41,42,43,44,45,46,47,48,49,50')
2026-03-11 19:56:05.665325
using device: cuda:0
Namespace(model_name='stylegan_celeba_partial256', save_dir=None, num=1000, batch_size=1000, seed=0, trunc_psi=0.7, trunc_layers=8, randomize_noise=False)
Building generator for model `stylegan_celeba_partial256` ...
Finish building generator.
Loading checkpoint from `checkpoints/stylegan_celeba_partial256.pth` ...
Finish loading checkpoint.
Note: centroid_logits.pt is not found
Namespace(attack_mode='ours-surrogate_model', seed=666, device=0, exp_name=None, target_dataset='vggface2', dataset='celeba_partial256', arch_name_target='inception_resnetv1_vggface2', bs=1000, target=28, p_std_ce=1.0, index=0, budget=1000, strategy='NGOpt', early_stage=50, candidate_num=10, EorOG='SMILE', arch_name_finetune='inception_resnetv1_casia', finetune_mode='vggface2->CASIA', num_experts=3, population_size=2500, x=1.7, epochs=200, lr=0.2, max_episodes=40000, max_step=1, alpha=0, z_dim=100, generations=10, mutation_prob=0.1, mutation_ce=0.1, min_score=0.95, test_only=True, test_target='1,2,3,4,5,6,7,8,9,10,11,12,13,14,15,16,17,18,19,20,21,22,23,24,25,26,27,28,29,30,31,32,33,34,35,36,37,38,39,40,41,42,43,44,45,46,47,48,49,50')
2026-03-11 19:56:44.576285
using device: cuda:0
Namespace(model_name='stylegan_celeba_partial256', save_dir=None, num=1000, batch_size=1000, seed=0, trunc_psi=0.7, trunc_layers=8, randomize_noise=False)
Building generator for model `stylegan_celeba_partial256` ...
Finish building generator.
Loading checkpoint from `checkpoints/stylegan_celeba_partial256.pth` ...
Finish loading checkpoint.
Note: centroid_logits.pt is not found
Namespace(attack_mode='ours-surrogate_model', seed=666, device=0, exp_name=None, target_dataset='vggface2', dataset='celeba_partial256', arch_name_target='inception_resnetv1_vggface2', bs=1000, target=29, p_std_ce=1.0, index=0, budget=1000, strategy='NGOpt', early_stage=50, candidate_num=10, EorOG='SMILE', arch_name_finetune='inception_resnetv1_casia', finetune_mode='vggface2->CASIA', num_experts=3, population_size=2500, x=1.7, epochs=200, lr=0.2, max_episodes=40000, max_step=1, alpha=0, z_dim=100, generations=10, mutation_prob=0.1, mutation_ce=0.1, min_score=0.95, test_only=True, test_target='1,2,3,4,5,6,7,8,9,10,11,12,13,14,15,16,17,18,19,20,21,22,23,24,25,26,27,28,29,30,31,32,33,34,35,36,37,38,39,40,41,42,43,44,45,46,47,48,49,50')
2026-03-11 19:57:24.241814
using device: cuda:0
Namespace(model_name='stylegan_celeba_partial256', save_dir=None, num=1000, batch_size=1000, seed=0, trunc_psi=0.7, trunc_layers=8, randomize_noise=False)
Building generator for model `stylegan_celeba_partial256` ...
Finish building generator.
Loading checkpoint from `checkpoints/stylegan_celeba_partial256.pth` ...
Finish loading checkpoint.
Note: centroid_logits.pt is not found
Namespace(attack_mode='ours-surrogate_model', seed=666, device=0, exp_name=None, target_dataset='vggface2', dataset='celeba_partial256', arch_name_target='inception_resnetv1_vggface2', bs=1000, target=30, p_std_ce=1.0, index=0, budget=1000, strategy='NGOpt', early_stage=50, candidate_num=10, EorOG='SMILE', arch_name_finetune='inception_resnetv1_casia', finetune_mode='vggface2->CASIA', num_experts=3, population_size=2500, x=1.7, epochs=200, lr=0.2, max_episodes=40000, max_step=1, alpha=0, z_dim=100, generations=10, mutation_prob=0.1, mutation_ce=0.1, min_score=0.95, test_only=True, test_target='1,2,3,4,5,6,7,8,9,10,11,12,13,14,15,16,17,18,19,20,21,22,23,24,25,26,27,28,29,30,31,32,33,34,35,36,37,38,39,40,41,42,43,44,45,46,47,48,49,50')
2026-03-11 19:58:04.195721
using device: cuda:0
Namespace(model_name='stylegan_celeba_partial256', save_dir=None, num=1000, batch_size=1000, seed=0, trunc_psi=0.7, trunc_layers=8, randomize_noise=False)
Building generator for model `stylegan_celeba_partial256` ...
Finish building generator.
Loading checkpoint from `checkpoints/stylegan_celeba_partial256.pth` ...
Finish loading checkpoint.
Note: centroid_logits.pt is not found
Namespace(attack_mode='ours-surrogate_model', seed=666, device=0, exp_name=None, target_dataset='vggface2', dataset='celeba_partial256', arch_name_target='inception_resnetv1_vggface2', bs=1000, target=31, p_std_ce=1.0, index=0, budget=1000, strategy='NGOpt', early_stage=50, candidate_num=10, EorOG='SMILE', arch_name_finetune='inception_resnetv1_casia', finetune_mode='vggface2->CASIA', num_experts=3, population_size=2500, x=1.7, epochs=200, lr=0.2, max_episodes=40000, max_step=1, alpha=0, z_dim=100, generations=10, mutation_prob=0.1, mutation_ce=0.1, min_score=0.95, test_only=True, test_target='1,2,3,4,5,6,7,8,9,10,11,12,13,14,15,16,17,18,19,20,21,22,23,24,25,26,27,28,29,30,31,32,33,34,35,36,37,38,39,40,41,42,43,44,45,46,47,48,49,50')
2026-03-11 19:58:41.977365
using device: cuda:0
Namespace(model_name='stylegan_celeba_partial256', save_dir=None, num=1000, batch_size=1000, seed=0, trunc_psi=0.7, trunc_layers=8, randomize_noise=False)
Building generator for model `stylegan_celeba_partial256` ...
Finish building generator.
Loading checkpoint from `checkpoints/stylegan_celeba_partial256.pth` ...
Finish loading checkpoint.
Note: centroid_logits.pt is not found
Namespace(attack_mode='ours-surrogate_model', seed=666, device=0, exp_name=None, target_dataset='vggface2', dataset='celeba_partial256', arch_name_target='inception_resnetv1_vggface2', bs=1000, target=32, p_std_ce=1.0, index=0, budget=1000, strategy='NGOpt', early_stage=50, candidate_num=10, EorOG='SMILE', arch_name_finetune='inception_resnetv1_casia', finetune_mode='vggface2->CASIA', num_experts=3, population_size=2500, x=1.7, epochs=200, lr=0.2, max_episodes=40000, max_step=1, alpha=0, z_dim=100, generations=10, mutation_prob=0.1, mutation_ce=0.1, min_score=0.95, test_only=True, test_target='1,2,3,4,5,6,7,8,9,10,11,12,13,14,15,16,17,18,19,20,21,22,23,24,25,26,27,28,29,30,31,32,33,34,35,36,37,38,39,40,41,42,43,44,45,46,47,48,49,50')
2026-03-11 19:59:22.174509
using device: cuda:0
Namespace(model_name='stylegan_celeba_partial256', save_dir=None, num=1000, batch_size=1000, seed=0, trunc_psi=0.7, trunc_layers=8, randomize_noise=False)
Building generator for model `stylegan_celeba_partial256` ...
Finish building generator.
Loading checkpoint from `checkpoints/stylegan_celeba_partial256.pth` ...
Finish loading checkpoint.
Note: centroid_logits.pt is not found
Namespace(attack_mode='ours-surrogate_model', seed=666, device=0, exp_name=None, target_dataset='vggface2', dataset='celeba_partial256', arch_name_target='inception_resnetv1_vggface2', bs=1000, target=33, p_std_ce=1.0, index=0, budget=1000, strategy='NGOpt', early_stage=50, candidate_num=10, EorOG='SMILE', arch_name_finetune='inception_resnetv1_casia', finetune_mode='vggface2->CASIA', num_experts=3, population_size=2500, x=1.7, epochs=200, lr=0.2, max_episodes=40000, max_step=1, alpha=0, z_dim=100, generations=10, mutation_prob=0.1, mutation_ce=0.1, min_score=0.95, test_only=True, test_target='1,2,3,4,5,6,7,8,9,10,11,12,13,14,15,16,17,18,19,20,21,22,23,24,25,26,27,28,29,30,31,32,33,34,35,36,37,38,39,40,41,42,43,44,45,46,47,48,49,50')
2026-03-11 20:00:01.116745
using device: cuda:0
Namespace(model_name='stylegan_celeba_partial256', save_dir=None, num=1000, batch_size=1000, seed=0, trunc_psi=0.7, trunc_layers=8, randomize_noise=False)
Building generator for model `stylegan_celeba_partial256` ...
Finish building generator.
Loading checkpoint from `checkpoints/stylegan_celeba_partial256.pth` ...
Finish loading checkpoint.
Note: centroid_logits.pt is not found
Namespace(attack_mode='ours-surrogate_model', seed=666, device=0, exp_name=None, target_dataset='vggface2', dataset='celeba_partial256', arch_name_target='inception_resnetv1_vggface2', bs=1000, target=34, p_std_ce=1.0, index=0, budget=1000, strategy='NGOpt', early_stage=50, candidate_num=10, EorOG='SMILE', arch_name_finetune='inception_resnetv1_casia', finetune_mode='vggface2->CASIA', num_experts=3, population_size=2500, x=1.7, epochs=200, lr=0.2, max_episodes=40000, max_step=1, alpha=0, z_dim=100, generations=10, mutation_prob=0.1, mutation_ce=0.1, min_score=0.95, test_only=True, test_target='1,2,3,4,5,6,7,8,9,10,11,12,13,14,15,16,17,18,19,20,21,22,23,24,25,26,27,28,29,30,31,32,33,34,35,36,37,38,39,40,41,42,43,44,45,46,47,48,49,50')
2026-03-11 20:00:39.596103
using device: cuda:0
Namespace(model_name='stylegan_celeba_partial256', save_dir=None, num=1000, batch_size=1000, seed=0, trunc_psi=0.7, trunc_layers=8, randomize_noise=False)
Building generator for model `stylegan_celeba_partial256` ...
Finish building generator.
Loading checkpoint from `checkpoints/stylegan_celeba_partial256.pth` ...
Finish loading checkpoint.
Note: centroid_logits.pt is not found
Namespace(attack_mode='ours-surrogate_model', seed=666, device=0, exp_name=None, target_dataset='vggface2', dataset='celeba_partial256', arch_name_target='inception_resnetv1_vggface2', bs=1000, target=35, p_std_ce=1.0, index=0, budget=1000, strategy='NGOpt', early_stage=50, candidate_num=10, EorOG='SMILE', arch_name_finetune='inception_resnetv1_casia', finetune_mode='vggface2->CASIA', num_experts=3, population_size=2500, x=1.7, epochs=200, lr=0.2, max_episodes=40000, max_step=1, alpha=0, z_dim=100, generations=10, mutation_prob=0.1, mutation_ce=0.1, min_score=0.95, test_only=True, test_target='1,2,3,4,5,6,7,8,9,10,11,12,13,14,15,16,17,18,19,20,21,22,23,24,25,26,27,28,29,30,31,32,33,34,35,36,37,38,39,40,41,42,43,44,45,46,47,48,49,50')
2026-03-11 20:01:19.176333
using device: cuda:0
Namespace(model_name='stylegan_celeba_partial256', save_dir=None, num=1000, batch_size=1000, seed=0, trunc_psi=0.7, trunc_layers=8, randomize_noise=False)
Building generator for model `stylegan_celeba_partial256` ...
Finish building generator.
Loading checkpoint from `checkpoints/stylegan_celeba_partial256.pth` ...
Finish loading checkpoint.
Note: centroid_logits.pt is not found
Namespace(attack_mode='ours-surrogate_model', seed=666, device=0, exp_name=None, target_dataset='vggface2', dataset='celeba_partial256', arch_name_target='inception_resnetv1_vggface2', bs=1000, target=36, p_std_ce=1.0, index=0, budget=1000, strategy='NGOpt', early_stage=50, candidate_num=10, EorOG='SMILE', arch_name_finetune='inception_resnetv1_casia', finetune_mode='vggface2->CASIA', num_experts=3, population_size=2500, x=1.7, epochs=200, lr=0.2, max_episodes=40000, max_step=1, alpha=0, z_dim=100, generations=10, mutation_prob=0.1, mutation_ce=0.1, min_score=0.95, test_only=True, test_target='1,2,3,4,5,6,7,8,9,10,11,12,13,14,15,16,17,18,19,20,21,22,23,24,25,26,27,28,29,30,31,32,33,34,35,36,37,38,39,40,41,42,43,44,45,46,47,48,49,50')
2026-03-11 20:01:57.243996
using device: cuda:0
Namespace(model_name='stylegan_celeba_partial256', save_dir=None, num=1000, batch_size=1000, seed=0, trunc_psi=0.7, trunc_layers=8, randomize_noise=False)
Building generator for model `stylegan_celeba_partial256` ...
Finish building generator.
Loading checkpoint from `checkpoints/stylegan_celeba_partial256.pth` ...
Finish loading checkpoint.
Note: centroid_logits.pt is not found
Namespace(attack_mode='ours-surrogate_model', seed=666, device=0, exp_name=None, target_dataset='vggface2', dataset='celeba_partial256', arch_name_target='inception_resnetv1_vggface2', bs=1000, target=37, p_std_ce=1.0, index=0, budget=1000, strategy='NGOpt', early_stage=50, candidate_num=10, EorOG='SMILE', arch_name_finetune='inception_resnetv1_casia', finetune_mode='vggface2->CASIA', num_experts=3, population_size=2500, x=1.7, epochs=200, lr=0.2, max_episodes=40000, max_step=1, alpha=0, z_dim=100, generations=10, mutation_prob=0.1, mutation_ce=0.1, min_score=0.95, test_only=True, test_target='1,2,3,4,5,6,7,8,9,10,11,12,13,14,15,16,17,18,19,20,21,22,23,24,25,26,27,28,29,30,31,32,33,34,35,36,37,38,39,40,41,42,43,44,45,46,47,48,49,50')
2026-03-11 20:02:34.274657
using device: cuda:0
Namespace(model_name='stylegan_celeba_partial256', save_dir=None, num=1000, batch_size=1000, seed=0, trunc_psi=0.7, trunc_layers=8, randomize_noise=False)
Building generator for model `stylegan_celeba_partial256` ...
Finish building generator.
Loading checkpoint from `checkpoints/stylegan_celeba_partial256.pth` ...
Finish loading checkpoint.
Note: centroid_logits.pt is not found
Namespace(attack_mode='ours-surrogate_model', seed=666, device=0, exp_name=None, target_dataset='vggface2', dataset='celeba_partial256', arch_name_target='inception_resnetv1_vggface2', bs=1000, target=38, p_std_ce=1.0, index=0, budget=1000, strategy='NGOpt', early_stage=50, candidate_num=10, EorOG='SMILE', arch_name_finetune='inception_resnetv1_casia', finetune_mode='vggface2->CASIA', num_experts=3, population_size=2500, x=1.7, epochs=200, lr=0.2, max_episodes=40000, max_step=1, alpha=0, z_dim=100, generations=10, mutation_prob=0.1, mutation_ce=0.1, min_score=0.95, test_only=True, test_target='1,2,3,4,5,6,7,8,9,10,11,12,13,14,15,16,17,18,19,20,21,22,23,24,25,26,27,28,29,30,31,32,33,34,35,36,37,38,39,40,41,42,43,44,45,46,47,48,49,50')
2026-03-11 20:03:12.510765
using device: cuda:0
Namespace(model_name='stylegan_celeba_partial256', save_dir=None, num=1000, batch_size=1000, seed=0, trunc_psi=0.7, trunc_layers=8, randomize_noise=False)
Building generator for model `stylegan_celeba_partial256` ...
Finish building generator.
Loading checkpoint from `checkpoints/stylegan_celeba_partial256.pth` ...
Finish loading checkpoint.
Note: centroid_logits.pt is not found
Namespace(attack_mode='ours-surrogate_model', seed=666, device=0, exp_name=None, target_dataset='vggface2', dataset='celeba_partial256', arch_name_target='inception_resnetv1_vggface2', bs=1000, target=39, p_std_ce=1.0, index=0, budget=1000, strategy='NGOpt', early_stage=50, candidate_num=10, EorOG='SMILE', arch_name_finetune='inception_resnetv1_casia', finetune_mode='vggface2->CASIA', num_experts=3, population_size=2500, x=1.7, epochs=200, lr=0.2, max_episodes=40000, max_step=1, alpha=0, z_dim=100, generations=10, mutation_prob=0.1, mutation_ce=0.1, min_score=0.95, test_only=True, test_target='1,2,3,4,5,6,7,8,9,10,11,12,13,14,15,16,17,18,19,20,21,22,23,24,25,26,27,28,29,30,31,32,33,34,35,36,37,38,39,40,41,42,43,44,45,46,47,48,49,50')
2026-03-11 20:03:51.425893
using device: cuda:0
Namespace(model_name='stylegan_celeba_partial256', save_dir=None, num=1000, batch_size=1000, seed=0, trunc_psi=0.7, trunc_layers=8, randomize_noise=False)
Building generator for model `stylegan_celeba_partial256` ...
Finish building generator.
Loading checkpoint from `checkpoints/stylegan_celeba_partial256.pth` ...
Finish loading checkpoint.
Note: centroid_logits.pt is not found
Namespace(attack_mode='ours-surrogate_model', seed=666, device=0, exp_name=None, target_dataset='vggface2', dataset='celeba_partial256', arch_name_target='inception_resnetv1_vggface2', bs=1000, target=40, p_std_ce=1.0, index=0, budget=1000, strategy='NGOpt', early_stage=50, candidate_num=10, EorOG='SMILE', arch_name_finetune='inception_resnetv1_casia', finetune_mode='vggface2->CASIA', num_experts=3, population_size=2500, x=1.7, epochs=200, lr=0.2, max_episodes=40000, max_step=1, alpha=0, z_dim=100, generations=10, mutation_prob=0.1, mutation_ce=0.1, min_score=0.95, test_only=True, test_target='1,2,3,4,5,6,7,8,9,10,11,12,13,14,15,16,17,18,19,20,21,22,23,24,25,26,27,28,29,30,31,32,33,34,35,36,37,38,39,40,41,42,43,44,45,46,47,48,49,50')
2026-03-11 20:04:32.858404
using device: cuda:0
Namespace(model_name='stylegan_celeba_partial256', save_dir=None, num=1000, batch_size=1000, seed=0, trunc_psi=0.7, trunc_layers=8, randomize_noise=False)
Building generator for model `stylegan_celeba_partial256` ...
Finish building generator.
Loading checkpoint from `checkpoints/stylegan_celeba_partial256.pth` ...
Finish loading checkpoint.
Note: centroid_logits.pt is not found
Namespace(attack_mode='ours-surrogate_model', seed=666, device=0, exp_name=None, target_dataset='vggface2', dataset='celeba_partial256', arch_name_target='inception_resnetv1_vggface2', bs=1000, target=41, p_std_ce=1.0, index=0, budget=1000, strategy='NGOpt', early_stage=50, candidate_num=10, EorOG='SMILE', arch_name_finetune='inception_resnetv1_casia', finetune_mode='vggface2->CASIA', num_experts=3, population_size=2500, x=1.7, epochs=200, lr=0.2, max_episodes=40000, max_step=1, alpha=0, z_dim=100, generations=10, mutation_prob=0.1, mutation_ce=0.1, min_score=0.95, test_only=True, test_target='1,2,3,4,5,6,7,8,9,10,11,12,13,14,15,16,17,18,19,20,21,22,23,24,25,26,27,28,29,30,31,32,33,34,35,36,37,38,39,40,41,42,43,44,45,46,47,48,49,50')
2026-03-11 20:05:12.324391
using device: cuda:0
Namespace(model_name='stylegan_celeba_partial256', save_dir=None, num=1000, batch_size=1000, seed=0, trunc_psi=0.7, trunc_layers=8, randomize_noise=False)
Building generator for model `stylegan_celeba_partial256` ...
Finish building generator.
Loading checkpoint from `checkpoints/stylegan_celeba_partial256.pth` ...
Finish loading checkpoint.
Note: centroid_logits.pt is not found
Namespace(attack_mode='ours-surrogate_model', seed=666, device=0, exp_name=None, target_dataset='vggface2', dataset='celeba_partial256', arch_name_target='inception_resnetv1_vggface2', bs=1000, target=42, p_std_ce=1.0, index=0, budget=1000, strategy='NGOpt', early_stage=50, candidate_num=10, EorOG='SMILE', arch_name_finetune='inception_resnetv1_casia', finetune_mode='vggface2->CASIA', num_experts=3, population_size=2500, x=1.7, epochs=200, lr=0.2, max_episodes=40000, max_step=1, alpha=0, z_dim=100, generations=10, mutation_prob=0.1, mutation_ce=0.1, min_score=0.95, test_only=True, test_target='1,2,3,4,5,6,7,8,9,10,11,12,13,14,15,16,17,18,19,20,21,22,23,24,25,26,27,28,29,30,31,32,33,34,35,36,37,38,39,40,41,42,43,44,45,46,47,48,49,50')
2026-03-11 20:05:51.776108
using device: cuda:0
Namespace(model_name='stylegan_celeba_partial256', save_dir=None, num=1000, batch_size=1000, seed=0, trunc_psi=0.7, trunc_layers=8, randomize_noise=False)
Building generator for model `stylegan_celeba_partial256` ...
Finish building generator.
Loading checkpoint from `checkpoints/stylegan_celeba_partial256.pth` ...
Finish loading checkpoint.
Note: centroid_logits.pt is not found
Namespace(attack_mode='ours-surrogate_model', seed=666, device=0, exp_name=None, target_dataset='vggface2', dataset='celeba_partial256', arch_name_target='inception_resnetv1_vggface2', bs=1000, target=43, p_std_ce=1.0, index=0, budget=1000, strategy='NGOpt', early_stage=50, candidate_num=10, EorOG='SMILE', arch_name_finetune='inception_resnetv1_casia', finetune_mode='vggface2->CASIA', num_experts=3, population_size=2500, x=1.7, epochs=200, lr=0.2, max_episodes=40000, max_step=1, alpha=0, z_dim=100, generations=10, mutation_prob=0.1, mutation_ce=0.1, min_score=0.95, test_only=True, test_target='1,2,3,4,5,6,7,8,9,10,11,12,13,14,15,16,17,18,19,20,21,22,23,24,25,26,27,28,29,30,31,32,33,34,35,36,37,38,39,40,41,42,43,44,45,46,47,48,49,50')
2026-03-11 20:06:32.690857
using device: cuda:0
Namespace(model_name='stylegan_celeba_partial256', save_dir=None, num=1000, batch_size=1000, seed=0, trunc_psi=0.7, trunc_layers=8, randomize_noise=False)
Building generator for model `stylegan_celeba_partial256` ...
Finish building generator.
Loading checkpoint from `checkpoints/stylegan_celeba_partial256.pth` ...
Finish loading checkpoint.
Note: centroid_logits.pt is not found
Namespace(attack_mode='ours-surrogate_model', seed=666, device=0, exp_name=None, target_dataset='vggface2', dataset='celeba_partial256', arch_name_target='inception_resnetv1_vggface2', bs=1000, target=44, p_std_ce=1.0, index=0, budget=1000, strategy='NGOpt', early_stage=50, candidate_num=10, EorOG='SMILE', arch_name_finetune='inception_resnetv1_casia', finetune_mode='vggface2->CASIA', num_experts=3, population_size=2500, x=1.7, epochs=200, lr=0.2, max_episodes=40000, max_step=1, alpha=0, z_dim=100, generations=10, mutation_prob=0.1, mutation_ce=0.1, min_score=0.95, test_only=True, test_target='1,2,3,4,5,6,7,8,9,10,11,12,13,14,15,16,17,18,19,20,21,22,23,24,25,26,27,28,29,30,31,32,33,34,35,36,37,38,39,40,41,42,43,44,45,46,47,48,49,50')
2026-03-11 20:07:11.984995
using device: cuda:0
Namespace(model_name='stylegan_celeba_partial256', save_dir=None, num=1000, batch_size=1000, seed=0, trunc_psi=0.7, trunc_layers=8, randomize_noise=False)
Building generator for model `stylegan_celeba_partial256` ...
Finish building generator.
Loading checkpoint from `checkpoints/stylegan_celeba_partial256.pth` ...
Finish loading checkpoint.
Note: centroid_logits.pt is not found
Namespace(attack_mode='ours-surrogate_model', seed=666, device=0, exp_name=None, target_dataset='vggface2', dataset='celeba_partial256', arch_name_target='inception_resnetv1_vggface2', bs=1000, target=45, p_std_ce=1.0, index=0, budget=1000, strategy='NGOpt', early_stage=50, candidate_num=10, EorOG='SMILE', arch_name_finetune='inception_resnetv1_casia', finetune_mode='vggface2->CASIA', num_experts=3, population_size=2500, x=1.7, epochs=200, lr=0.2, max_episodes=40000, max_step=1, alpha=0, z_dim=100, generations=10, mutation_prob=0.1, mutation_ce=0.1, min_score=0.95, test_only=True, test_target='1,2,3,4,5,6,7,8,9,10,11,12,13,14,15,16,17,18,19,20,21,22,23,24,25,26,27,28,29,30,31,32,33,34,35,36,37,38,39,40,41,42,43,44,45,46,47,48,49,50')
2026-03-11 20:07:49.336170
using device: cuda:0
Namespace(model_name='stylegan_celeba_partial256', save_dir=None, num=1000, batch_size=1000, seed=0, trunc_psi=0.7, trunc_layers=8, randomize_noise=False)
Building generator for model `stylegan_celeba_partial256` ...
Finish building generator.
Loading checkpoint from `checkpoints/stylegan_celeba_partial256.pth` ...
Finish loading checkpoint.
Note: centroid_logits.pt is not found
Namespace(attack_mode='ours-surrogate_model', seed=666, device=0, exp_name=None, target_dataset='vggface2', dataset='celeba_partial256', arch_name_target='inception_resnetv1_vggface2', bs=1000, target=46, p_std_ce=1.0, index=0, budget=1000, strategy='NGOpt', early_stage=50, candidate_num=10, EorOG='SMILE', arch_name_finetune='inception_resnetv1_casia', finetune_mode='vggface2->CASIA', num_experts=3, population_size=2500, x=1.7, epochs=200, lr=0.2, max_episodes=40000, max_step=1, alpha=0, z_dim=100, generations=10, mutation_prob=0.1, mutation_ce=0.1, min_score=0.95, test_only=True, test_target='1,2,3,4,5,6,7,8,9,10,11,12,13,14,15,16,17,18,19,20,21,22,23,24,25,26,27,28,29,30,31,32,33,34,35,36,37,38,39,40,41,42,43,44,45,46,47,48,49,50')
2026-03-11 20:08:27.110763
using device: cuda:0
Namespace(model_name='stylegan_celeba_partial256', save_dir=None, num=1000, batch_size=1000, seed=0, trunc_psi=0.7, trunc_layers=8, randomize_noise=False)
Building generator for model `stylegan_celeba_partial256` ...
Finish building generator.
Loading checkpoint from `checkpoints/stylegan_celeba_partial256.pth` ...
Finish loading checkpoint.
Note: centroid_logits.pt is not found
Namespace(attack_mode='ours-surrogate_model', seed=666, device=0, exp_name=None, target_dataset='vggface2', dataset='celeba_partial256', arch_name_target='inception_resnetv1_vggface2', bs=1000, target=47, p_std_ce=1.0, index=0, budget=1000, strategy='NGOpt', early_stage=50, candidate_num=10, EorOG='SMILE', arch_name_finetune='inception_resnetv1_casia', finetune_mode='vggface2->CASIA', num_experts=3, population_size=2500, x=1.7, epochs=200, lr=0.2, max_episodes=40000, max_step=1, alpha=0, z_dim=100, generations=10, mutation_prob=0.1, mutation_ce=0.1, min_score=0.95, test_only=True, test_target='1,2,3,4,5,6,7,8,9,10,11,12,13,14,15,16,17,18,19,20,21,22,23,24,25,26,27,28,29,30,31,32,33,34,35,36,37,38,39,40,41,42,43,44,45,46,47,48,49,50')
2026-03-11 20:09:06.929266
using device: cuda:0
Namespace(model_name='stylegan_celeba_partial256', save_dir=None, num=1000, batch_size=1000, seed=0, trunc_psi=0.7, trunc_layers=8, randomize_noise=False)
Building generator for model `stylegan_celeba_partial256` ...
Finish building generator.
Loading checkpoint from `checkpoints/stylegan_celeba_partial256.pth` ...
Finish loading checkpoint.
Note: centroid_logits.pt is not found
Namespace(attack_mode='ours-surrogate_model', seed=666, device=0, exp_name=None, target_dataset='vggface2', dataset='celeba_partial256', arch_name_target='inception_resnetv1_vggface2', bs=1000, target=48, p_std_ce=1.0, index=0, budget=1000, strategy='NGOpt', early_stage=50, candidate_num=10, EorOG='SMILE', arch_name_finetune='inception_resnetv1_casia', finetune_mode='vggface2->CASIA', num_experts=3, population_size=2500, x=1.7, epochs=200, lr=0.2, max_episodes=40000, max_step=1, alpha=0, z_dim=100, generations=10, mutation_prob=0.1, mutation_ce=0.1, min_score=0.95, test_only=True, test_target='1,2,3,4,5,6,7,8,9,10,11,12,13,14,15,16,17,18,19,20,21,22,23,24,25,26,27,28,29,30,31,32,33,34,35,36,37,38,39,40,41,42,43,44,45,46,47,48,49,50')
2026-03-11 20:09:47.813507
using device: cuda:0
Namespace(model_name='stylegan_celeba_partial256', save_dir=None, num=1000, batch_size=1000, seed=0, trunc_psi=0.7, trunc_layers=8, randomize_noise=False)
Building generator for model `stylegan_celeba_partial256` ...
Finish building generator.
Loading checkpoint from `checkpoints/stylegan_celeba_partial256.pth` ...
Finish loading checkpoint.
Note: centroid_logits.pt is not found
Namespace(attack_mode='ours-surrogate_model', seed=666, device=0, exp_name=None, target_dataset='vggface2', dataset='celeba_partial256', arch_name_target='inception_resnetv1_vggface2', bs=1000, target=49, p_std_ce=1.0, index=0, budget=1000, strategy='NGOpt', early_stage=50, candidate_num=10, EorOG='SMILE', arch_name_finetune='inception_resnetv1_casia', finetune_mode='vggface2->CASIA', num_experts=3, population_size=2500, x=1.7, epochs=200, lr=0.2, max_episodes=40000, max_step=1, alpha=0, z_dim=100, generations=10, mutation_prob=0.1, mutation_ce=0.1, min_score=0.95, test_only=True, test_target='1,2,3,4,5,6,7,8,9,10,11,12,13,14,15,16,17,18,19,20,21,22,23,24,25,26,27,28,29,30,31,32,33,34,35,36,37,38,39,40,41,42,43,44,45,46,47,48,49,50')
2026-03-11 20:10:25.207441
using device: cuda:0
Namespace(model_name='stylegan_celeba_partial256', save_dir=None, num=1000, batch_size=1000, seed=0, trunc_psi=0.7, trunc_layers=8, randomize_noise=False)
Building generator for model `stylegan_celeba_partial256` ...
Finish building generator.
Loading checkpoint from `checkpoints/stylegan_celeba_partial256.pth` ...
Finish loading checkpoint.
Note: centroid_logits.pt is not found
Namespace(attack_mode='ours-surrogate_model', seed=666, device=0, exp_name=None, target_dataset='vggface2', dataset='celeba_partial256', arch_name_target='inception_resnetv1_vggface2', bs=1000, target=50, p_std_ce=1.0, index=0, budget=1000, strategy='NGOpt', early_stage=50, candidate_num=10, EorOG='SMILE', arch_name_finetune='inception_resnetv1_casia', finetune_mode='vggface2->CASIA', num_experts=3, population_size=2500, x=1.7, epochs=200, lr=0.2, max_episodes=40000, max_step=1, alpha=0, z_dim=100, generations=10, mutation_prob=0.1, mutation_ce=0.1, min_score=0.95, test_only=True, test_target='1,2,3,4,5,6,7,8,9,10,11,12,13,14,15,16,17,18,19,20,21,22,23,24,25,26,27,28,29,30,31,32,33,34,35,36,37,38,39,40,41,42,43,44,45,46,47,48,49,50')
2026-03-11 20:11:04.662441
using device: cuda:0
Namespace(model_name='stylegan_celeba_partial256', save_dir=None, num=1000, batch_size=1000, seed=0, trunc_psi=0.7, trunc_layers=8, randomize_noise=False)
Building generator for model `stylegan_celeba_partial256` ...
Finish building generator.
Loading checkpoint from `checkpoints/stylegan_celeba_partial256.pth` ...
Finish loading checkpoint.
Note: centroid_logits.pt is not found
