Traceback (most recent call last):
  File "/scratch/users/u03kj22/SMIRK/SMILE-baseline/my_whitebox_attacks.py", line 1178, in <module>
    main(args)
  File "/scratch/users/u03kj22/SMIRK/SMILE-baseline/my_whitebox_attacks.py", line 1095, in main
    my_attack_ours_w(args, generator, generate_images_func)
  File "/scratch/users/u03kj22/SMIRK/SMILE-baseline/my_whitebox_attacks.py", line 517, in my_attack_ours_w
    population = init_population_ours_w(args)
  File "/scratch/users/u03kj22/SMIRK/SMILE-baseline/my_whitebox_attacks.py", line 495, in init_population_ours_w
    all_logits = torch.load(all_logits_file)
  File "/home/u03kj22/sharedscratch/.conda/envs/SMIRK-HPC/lib/python3.10/site-packages/torch/serialization.py", line 998, in load
    with _open_file_like(f, 'rb') as opened_file:
  File "/home/u03kj22/sharedscratch/.conda/envs/SMIRK-HPC/lib/python3.10/site-packages/torch/serialization.py", line 445, in _open_file_like
    return _open_file(name_or_buffer, mode)
  File "/home/u03kj22/sharedscratch/.conda/envs/SMIRK-HPC/lib/python3.10/site-packages/torch/serialization.py", line 426, in __init__
    super().__init__(open(name, mode))
FileNotFoundError: [Errno 2] No such file or directory: './blackbox_attack_data/vggface2/inception_resnetv1_vggface2/celeba_partial256/all_logits.pt'
Traceback (most recent call last):
  File "/scratch/users/u03kj22/SMIRK/SMILE-baseline/my_blackbox_attacks.py", line 1240, in <module>
    main(args)
  File "/scratch/users/u03kj22/SMIRK/SMILE-baseline/my_blackbox_attacks.py", line 1024, in main
    my_attack_surrogate_model(args, generator, generate_images_func)
  File "/scratch/users/u03kj22/SMIRK/SMILE-baseline/my_blackbox_attacks.py", line 378, in my_attack_surrogate_model
    population = init_population(args)
  File "/scratch/users/u03kj22/SMIRK/SMILE-baseline/my_blackbox_attacks.py", line 217, in init_population
    all_logits = torch.load(all_logits_file)
  File "/home/u03kj22/sharedscratch/.conda/envs/SMIRK-HPC/lib/python3.10/site-packages/torch/serialization.py", line 998, in load
    with _open_file_like(f, 'rb') as opened_file:
  File "/home/u03kj22/sharedscratch/.conda/envs/SMIRK-HPC/lib/python3.10/site-packages/torch/serialization.py", line 445, in _open_file_like
    return _open_file(name_or_buffer, mode)
  File "/home/u03kj22/sharedscratch/.conda/envs/SMIRK-HPC/lib/python3.10/site-packages/torch/serialization.py", line 426, in __init__
    super().__init__(open(name, mode))
FileNotFoundError: [Errno 2] No such file or directory: './blackbox_attack_data/vggface2/inception_resnetv1_vggface2/celeba_partial256/all_logits.pt'
